[2026-04-18 22:40:42] [INFO] Service Start: testRespaldo ()
[2026-04-18 22:40:42] [ERROR] Service Error: RBFID  not found in config
[2026-04-18 22:40:42] [ERROR] Server responded to 'service_result': FAIL
[2026-04-18 22:40:42] [INFO] Service End: testRespaldo. Status: failed. Time: 0ms
[2026-04-18 22:42:01] [INFO] Service Start: main ()
[2026-04-18 22:42:01] [ERROR] Service Error: RBFID  not found in config
[2026-04-18 22:42:01] [ERROR] Server responded to 'service_result': FAIL
[2026-04-18 22:42:01] [INFO] Service End: main. Status: failed. Time: 0ms
[2026-04-18 22:42:07] [INFO] Service Start: mainsss ()
[2026-04-18 22:42:07] [ERROR] Service Error: RBFID  not found in config
[2026-04-18 22:42:07] [ERROR] Server responded to 'service_result': FAIL
[2026-04-18 22:42:07] [INFO] Service End: mainsss. Status: failed. Time: 0ms
[2026-04-18 22:42:20] [INFO] Service Start: no_existe ()
[2026-04-18 22:42:20] [ERROR] Service Error: RBFID  not found in config
[2026-04-18 22:42:20] [ERROR] Server responded to 'service_result': FAIL
[2026-04-18 22:42:20] [INFO] Service End: no_existe. Status: failed. Time: 0ms
[2026-04-18 22:44:50] [INFO] Service Start: main ()
[2026-04-18 22:44:50] [ERROR] Service Error: RBFID  not found in config
[2026-04-18 22:44:50] [ERROR] Server responded to 'service_result': FAIL
[2026-04-18 22:44:50] [INFO] Service End: main. Status: failed. Time: 0ms
[2026-04-18 22:45:28] [INFO] Service Start: xxxxxxxxxxxx ()
[2026-04-18 22:45:28] [ERROR] Service Error: RBFID  not found in config
[2026-04-18 22:45:28] [ERROR] Server responded to 'service_result': FAIL
[2026-04-18 22:45:28] [INFO] Service End: xxxxxxxxxxxx. Status: failed. Time: 0ms
[2026-04-18 22:47:29] [INFO] Service Start: discover ()
[2026-04-18 22:47:29] [INFO] Iniciando escaneo de discos...
[2026-04-18 22:47:29] [INFO] Service End: discover. Status: success. Time: 15ms
[2026-04-18 22:50:13] [ERROR] Server responded to 'schedule': FAIL
[2026-04-18 22:52:48] [INFO] Iniciando escaneo de discos...
[2026-04-18 22:52:48] [ERROR] Server responded to 'schedule': FAIL
[2026-04-18 22:53:04] [ERROR] Server responded to 'schedule': FAIL
[2026-04-18 23:32:36] [ERROR] Server responded to 'schedule': FAIL
