[2026-04-15 04:18:29] [INFO] AR - Agente de Respaldo v0.1.0
[2026-04-15 04:18:29] [INFO] Servidor: http://sync.servicios.care
[2026-04-15 04:18:29] [DBG] Directorio executable: .
[2026-04-15 04:18:29] [WARN] config.json inválido, escaneando disco...
[2026-04-15 04:18:29] [INFO] Locations loaded from config: 1
[2026-04-15 04:18:29] [INFO] Sucursales configuradas: 1
[2026-04-15 04:18:29] [INFO]   [roton] C:\pvsi
[2026-04-15 04:18:29] [DBG] Config saved to: ./config.json
[2026-04-15 04:18:29] [INFO] Config guardado en: ./config.json
[2026-04-15 04:18:29] [INFO] Registrando 1 ubicaciones...
[2026-04-15 04:18:29] [DBG] HTTP error: 302
[2026-04-15 04:18:29] [WARN] Register fallo: HTTP error: 302 — continuando
[2026-04-15 04:18:29] [INFO] Full sync horario
[2026-04-15 04:18:29] [ERR] generateTotp fallo: No timestamp. Saltando.
[2026-04-15 04:21:32] [INFO] AR - Agente de Respaldo v0.1.0
[2026-04-15 04:21:32] [INFO] Servidor: http://sync.servicios.care
[2026-04-15 04:21:32] [DBG] Directorio executable: .
[2026-04-15 04:21:32] [WARN] config.json inválido, escaneando disco...
[2026-04-15 04:21:32] [INFO] Locations loaded from config: 1
[2026-04-15 04:21:32] [INFO] Sucursales configuradas: 1
[2026-04-15 04:21:32] [INFO]   [roton] C:\pvsi
[2026-04-15 04:21:32] [DBG] Config saved to: ./config.json
[2026-04-15 04:21:32] [INFO] Config guardado en: ./config.json
[2026-04-15 04:21:32] [INFO] Registrando 1 ubicaciones...
[2026-04-15 04:21:32] [DBG] HTTP error: 302
[2026-04-15 04:21:32] [WARN] Register fallo: HTTP error: 302 — continuando
[2026-04-15 04:21:32] [INFO] Full sync horario
[2026-04-15 04:21:32] [ERR] generateTotp fallo: No timestamp. Saltando.
[2026-04-15 04:23:20] [INFO] AR - Agente de Respaldo v0.1.0
[2026-04-15 04:23:20] [INFO] Servidor: http://sync.servicios.care
[2026-04-15 04:23:20] [DBG] Directorio executable: .
[2026-04-15 04:23:20] [WARN] config.json inválido, escaneando disco...
[2026-04-15 04:23:20] [INFO] Locations loaded from config: 1
[2026-04-15 04:23:20] [INFO] Sucursales configuradas: 1
[2026-04-15 04:23:20] [INFO]   [roton] C:\pvsi
[2026-04-15 04:23:20] [DBG] Config saved to: ./config.json
[2026-04-15 04:23:20] [INFO] Config guardado en: ./config.json
[2026-04-15 04:23:20] [INFO] Registrando 1 ubicaciones...
[2026-04-15 04:23:20] [DBG] HTTP error: 302
[2026-04-15 04:23:20] [WARN] Register fallo: HTTP error: 302 — continuando
[2026-04-15 04:23:20] [INFO] Full sync horario
[2026-04-15 04:23:20] [ERR] generateTotp fallo: No timestamp. Saltando.
[2026-04-15 04:23:37] [INFO] AR - Agente de Respaldo v0.1.0
[2026-04-15 04:23:37] [INFO] Servidor: http://sync.servicios.care
[2026-04-15 04:23:37] [DBG] Directorio executable: .
[2026-04-15 04:23:37] [WARN] config.json inválido, escaneando disco...
[2026-04-15 04:23:37] [INFO] Locations loaded from config: 1
[2026-04-15 04:23:37] [INFO] Sucursales configuradas: 1
[2026-04-15 04:23:37] [INFO]   [roton] C:\pvsi
[2026-04-15 04:23:37] [DBG] Config saved to: ./config.json
[2026-04-15 04:23:37] [INFO] Config guardado en: ./config.json
[2026-04-15 04:23:37] [INFO] Registrando 1 ubicaciones...
[2026-04-15 04:23:37] [DBG] HTTP error: 302
[2026-04-15 04:23:37] [WARN] Register fallo: HTTP error: 302 — continuando
[2026-04-15 04:23:37] [ERR] generateTotp fallo: No timestamp. Saltando.
[2026-04-15 04:24:42] [INFO] AR - Agente de Respaldo v0.1.0
[2026-04-15 04:24:42] [INFO] Servidor: https://respaldosucursal.servicios.care
[2026-04-15 04:24:42] [DBG] Directorio executable: .
[2026-04-15 04:24:42] [DBG] Escaneando: /tmp
[2026-04-15 04:24:42] [DBG] Scan /tmp completo: 0 sucursales
[2026-04-15 04:24:42] [DBG] Escaneando: /opt
[2026-04-15 04:24:42] [DBG] Scan /opt completo: 0 sucursales
[2026-04-15 04:24:42] [DBG] Escaneando: /home
[2026-04-15 04:24:42] [DBG] Scan /home completo: 0 sucursales
[2026-04-15 04:24:42] [DBG] Escaneando: /srv
[2026-04-15 04:24:42] [DBG] Scan /srv completo: 0 sucursales
[2026-04-15 04:24:42] [DBG] Escaneando: /srv/pvsi
[2026-04-15 04:24:42] [DBG] Scan /srv/pvsi completo: 0 sucursales
[2026-04-15 04:24:42] [ERR] Error: No se encontraron sucursales.
[2026-04-15 04:25:23] [INFO] AR - Agente de Respaldo v0.1.0
[2026-04-15 04:25:23] [INFO] Servidor: https://respaldosucursal.servicios.care
[2026-04-15 04:25:23] [DBG] Directorio executable: .
[2026-04-15 04:25:23] [WARN] config.json inválido, escaneando disco...
[2026-04-15 04:25:23] [INFO] Locations loaded from config: 1
[2026-04-15 04:25:23] [INFO] Sucursales configuradas: 1
[2026-04-15 04:25:23] [INFO]   [roton] /srv/roton
[2026-04-15 04:25:23] [DBG] Config saved to: ./config.json
[2026-04-15 04:25:23] [INFO] Config guardado en: ./config.json
[2026-04-15 04:25:23] [INFO] Registrando 1 ubicaciones...
[2026-04-15 04:25:23] [DBG] cURL error: Failed to connect to respaldosucursal.servicios.care port 443 after 2 ms: Couldn't connect to server
[2026-04-15 04:25:23] [WARN] Register fallo: Register failed: no response — continuando
[2026-04-15 04:25:23] [ERR] generateTotp fallo: No timestamp. Saltando.
[2026-04-15 04:25:55] [INFO] AR - Agente de Respaldo v0.1.0
[2026-04-15 04:25:55] [INFO] Servidor: https://respaldosucursal.servicios.care
[2026-04-15 04:25:55] [DBG] Directorio executable: .
[2026-04-15 04:25:55] [WARN] config.json inválido, escaneando disco...
[2026-04-15 04:25:55] [INFO] Locations loaded from config: 1
[2026-04-15 04:25:55] [INFO] Sucursales configuradas: 1
[2026-04-15 04:25:55] [INFO]   [roton] /srv/roton
[2026-04-15 04:25:55] [DBG] Config saved to: ./config.json
[2026-04-15 04:25:55] [INFO] Config guardado en: ./config.json
[2026-04-15 04:25:55] [INFO] Registrando 1 ubicaciones...
[2026-04-15 04:25:55] [DBG] cURL error: Failed to connect to respaldosucursal.servicios.care port 443 after 2 ms: Couldn't connect to server
[2026-04-15 04:25:55] [WARN] Register fallo: Register failed: no response — continuando
[2026-04-15 04:25:55] [ERR] generateTotp fallo: No timestamp. Saltando.
[2026-04-15 04:26:40] [INFO] AR - Agente de Respaldo v0.1.0
[2026-04-15 04:26:40] [INFO] Servidor: http://sync.servicios.care
[2026-04-15 04:26:40] [DBG] Directorio executable: .
[2026-04-15 04:26:40] [INFO] Servidor: http://sync.servicios.care
[2026-04-15 04:26:40] [INFO] Locations loaded from config: 1
[2026-04-15 04:26:40] [INFO] Sucursales configuradas: 1
[2026-04-15 04:26:40] [INFO]   [roton] /srv/roton
[2026-04-15 04:26:40] [WARN] Config path not set, skipping save
[2026-04-15 04:26:40] [INFO] Registrando 1 ubicaciones...
[2026-04-15 04:26:40] [DBG] HTTP error: 302
[2026-04-15 04:26:40] [WARN] Register fallo: HTTP error: 302 — continuando
[2026-04-15 04:26:40] [ERR] generateTotp fallo: No timestamp. Saltando.
[2026-04-15 04:27:52] [INFO] AR - Agente de Respaldo v0.1.0
[2026-04-15 04:27:52] [INFO] Servidor: http://sync.servicios.care
[2026-04-15 04:27:52] [DBG] Directorio executable: .
[2026-04-15 04:27:52] [INFO] Servidor: http://respaldosucursal.servicios.care
[2026-04-15 04:27:52] [INFO] Locations loaded from config: 1
[2026-04-15 04:27:52] [INFO] Sucursales configuradas: 1
[2026-04-15 04:27:52] [INFO]   [roton] /srv/roton
[2026-04-15 04:27:52] [WARN] Config path not set, skipping save
[2026-04-15 04:27:52] [INFO] Registrando 1 ubicaciones...
[2026-04-15 04:27:52] [DBG] Register response: [2026-04-15 04:27:52] [INFO] === API Request: / ===
[2026-04-15 04:27:52] [DBG] Router.dispatch: path=/, resource=
[2026-04-15 04:27:52] [DBG] Router.dispatch: path=/, resource=
[2026-04-15 04:27:52] 
[2026-04-15 04:27:52] [INFO] [roton] Registrado OK
[2026-04-15 04:27:52] [ERR] generateTotp fallo: No timestamp. Saltando.
[2026-04-15 04:28:23] [INFO] AR - Agente de Respaldo v0.1.0
[2026-04-15 04:28:23] [INFO] Servidor: http://sync.servicios.care
[2026-04-15 04:28:23] [DBG] Directorio executable: .
[2026-04-15 04:28:23] [INFO] Servidor: http://respaldosucursal.servicios.care
[2026-04-15 04:28:23] [INFO] Locations loaded from config: 1
[2026-04-15 04:28:23] [INFO] Sucursales configuradas: 1
[2026-04-15 04:28:23] [INFO]   [roton] /srv/roton
[2026-04-15 04:28:23] [WARN] Config path not set, skipping save
[2026-04-15 04:28:23] [INFO] Registrando 1 ubicaciones...
[2026-04-15 04:28:23] [DBG] Register response: {"ok":true,"rbfid":"roton"}
[2026-04-15 04:28:23] [INFO] [roton] Registrado OK
[2026-04-15 04:28:23] [ERR] generateTotp fallo: No timestamp. Saltando.
[2026-04-15 04:28:43] [INFO] AR - Agente de Respaldo v0.1.0
[2026-04-15 04:28:43] [INFO] Servidor: http://sync.servicios.care
[2026-04-15 04:28:43] [DBG] Directorio executable: .
[2026-04-15 04:28:43] [INFO] Servidor: http://respaldosucursal.servicios.care
[2026-04-15 04:28:43] [INFO] Locations loaded from config: 1
[2026-04-15 04:28:43] [INFO] Sucursales configuradas: 1
[2026-04-15 04:28:43] [INFO]   [roton] /srv/roton
[2026-04-15 04:28:43] [WARN] Config path not set, skipping save
[2026-04-15 04:28:43] [INFO] Registrando 1 ubicaciones...
[2026-04-15 04:28:43] [DBG] Register response: {"ok":true,"rbfid":"roton"}
[2026-04-15 04:28:43] [INFO] [roton] Registrado OK
[2026-04-15 04:28:43] [ERR] generateTotp fallo: No timestamp. Saltando.
[2026-04-15 04:29:12] [INFO] AR - Agente de Respaldo v0.1.0
[2026-04-15 04:29:12] [INFO] Servidor: http://sync.servicios.care
[2026-04-15 04:29:12] [DBG] Directorio executable: .
[2026-04-15 04:29:12] [INFO] Servidor: http://respaldosucursal.servicios.care
[2026-04-15 04:29:12] [INFO] Locations loaded from config: 1
[2026-04-15 04:29:12] [INFO] Sucursales configuradas: 1
[2026-04-15 04:29:12] [INFO]   [roton] /srv/roton
[2026-04-15 04:29:12] [WARN] Config path not set, skipping save
[2026-04-15 04:29:12] [INFO] Registrando 1 ubicaciones...
[2026-04-15 04:29:12] [DBG] Register response: {"ok":true,"rbfid":"roton"}
[2026-04-15 04:29:12] [INFO] [roton] Registrado OK
[2026-04-15 04:29:12] [DBG] Config file not found: 
[2026-04-15 04:29:24] [INFO] AR - Agente de Respaldo v0.1.0
[2026-04-15 04:29:24] [INFO] Servidor: http://sync.servicios.care
[2026-04-15 04:29:24] [DBG] Directorio executable: .
[2026-04-15 04:29:24] [INFO] Servidor: http://respaldosucursal.servicios.care
[2026-04-15 04:29:24] [INFO] Locations loaded from config: 1
[2026-04-15 04:29:24] [INFO] Sucursales configuradas: 1
[2026-04-15 04:29:24] [INFO]   [roton] /srv/roton
[2026-04-15 04:29:24] [WARN] Config path not set, skipping save
[2026-04-15 04:29:24] [INFO] Registrando 1 ubicaciones...
[2026-04-15 04:29:24] [DBG] Register response: {"ok":true,"rbfid":"roton"}
[2026-04-15 04:29:24] [INFO] [roton] Registrado OK
[2026-04-15 04:29:24] [INFO] Lista actualizada: 94 archivos (v726665cb)
[2026-04-15 04:29:24] [INFO] CANOTA.DBF — sin cambios
[2026-04-15 04:29:24] [INFO] CAT_PROD.DBF — sin cambios
[2026-04-15 04:29:24] [INFO] MASTER.DBF — sin cambios
[2026-04-15 04:29:24] [INFO] XCORTE.DBF — sin cambios
[2026-04-15 04:29:42] [INFO] AR - Agente de Respaldo v0.1.0
[2026-04-15 04:29:42] [INFO] Servidor: http://sync.servicios.care
[2026-04-15 04:29:42] [DBG] Directorio executable: .
[2026-04-15 04:29:42] [INFO] Servidor: http://respaldosucursal.servicios.care
[2026-04-15 04:29:42] [INFO] Locations loaded from config: 1
[2026-04-15 04:29:42] [INFO] Sucursales configuradas: 1
[2026-04-15 04:29:42] [INFO]   [roton] /srv/roton
[2026-04-15 04:29:42] [WARN] Config path not set, skipping save
[2026-04-15 04:29:42] [INFO] Registrando 1 ubicaciones...
[2026-04-15 04:29:42] [DBG] Register response: {"ok":true,"rbfid":"roton"}
[2026-04-15 04:29:42] [INFO] [roton] Registrado OK
[2026-04-15 04:29:42] [INFO] Full sync horario
[2026-04-15 04:29:42] [INFO] Lista actualizada: 94 archivos (v726665cb)
[2026-04-15 04:29:42] [INFO] CANOTA.DBF — sin cambios
[2026-04-15 04:29:42] [INFO] CAT_PROD.DBF — sin cambios
[2026-04-15 04:29:42] [INFO] MASTER.DBF — sin cambios
[2026-04-15 04:29:42] [INFO] XCORTE.DBF — sin cambios
[2026-04-15 04:29:42] [INFO] Cambio detectado: CANOTA.DBF
[2026-04-15 04:29:43] [INFO] CANOTA.DBF — sin cambios
[2026-04-15 04:29:43] [INFO] Sync CANOTA.DBF OK
[2026-04-15 04:29:43] [INFO] Cambio detectado: CAT_PROD.DBF
[2026-04-15 04:29:43] [INFO] CAT_PROD.DBF — sin cambios
[2026-04-15 04:29:43] [INFO] Sync CAT_PROD.DBF OK
[2026-04-15 04:29:43] [INFO] Cambio detectado: MASTER.DBF
[2026-04-15 04:29:43] [INFO] MASTER.DBF — sin cambios
[2026-04-15 04:29:43] [INFO] Sync MASTER.DBF OK
[2026-04-15 04:29:43] [INFO] Cambio detectado: XCORTE.DBF
[2026-04-15 04:29:43] [INFO] XCORTE.DBF — sin cambios
[2026-04-15 04:29:43] [INFO] Sync XCORTE.DBF OK
[2026-04-15 04:32:36] [INFO] AR - Agente de Respaldo v0.1.0
[2026-04-15 04:32:36] [INFO] Servidor: http://sync.servicios.care
[2026-04-15 04:32:36] [DBG] Directorio executable: .
[2026-04-15 04:32:36] [DBG] Escaneando: /tmp
[2026-04-15 04:32:36] [DBG] Scan /tmp completo: 0 sucursales
[2026-04-15 04:32:36] [DBG] Escaneando: /opt
[2026-04-15 04:32:36] [DBG] Scan /opt completo: 0 sucursales
[2026-04-15 04:32:36] [DBG] Escaneando: /home
[2026-04-15 04:32:36] [DBG] Scan /home completo: 0 sucursales
[2026-04-15 04:32:36] [DBG] Escaneando: /srv
[2026-04-15 04:32:36] [DBG] Scan /srv completo: 0 sucursales
[2026-04-15 04:32:36] [DBG] Escaneando: /srv/pvsi
[2026-04-15 04:32:36] [DBG] Scan /srv/pvsi completo: 0 sucursales
[2026-04-15 04:32:36] [ERR] Error: No se encontraron sucursales.
[2026-04-15 04:40:11] [INFO] AR - Agente de Respaldo v0.1.0
[2026-04-15 04:40:11] [INFO] Servidor: http://sync.servicios.care
[2026-04-15 04:40:11] [DBG] Directorio executable: .
[2026-04-15 04:40:11] [DBG] Escaneando: /srv
[2026-04-15 04:40:11] [DBG] Scan /srv completo: 0 sucursales
[2026-04-15 04:40:11] [ERR] Error: No se encontraron sucursales.
[2026-04-15 04:42:32] [INFO] AR - Agente de Respaldo v0.1.0
[2026-04-15 04:42:32] [INFO] Servidor: http://sync.servicios.care
[2026-04-15 04:42:32] [DBG] Directorio executable: .
[2026-04-15 04:42:32] [DBG] Escaneando: /srv
[2026-04-15 04:42:32] [DBG] Scan /srv completo: 0 sucursales
[2026-04-15 04:42:32] [ERR] Error: No se encontraron sucursales.
[2026-04-15 04:43:20] [DBG] Escaneando: /srv
[2026-04-15 04:43:20] [DBG] Scan /srv completo: 0 sucursales
[2026-04-15 04:43:51] [INFO] AR - Agente de Respaldo v0.1.0
[2026-04-15 04:43:51] [INFO] Servidor: http://sync.servicios.care
[2026-04-15 04:43:51] [DBG] Directorio executable: .
[2026-04-15 04:43:51] [DBG] Escaneando: /srv
[2026-04-15 04:43:51] [INFO] Sucursal encontrada: roton en /srv/roton
[2026-04-15 04:43:51] [DBG] Scan /srv completo: 1 sucursales
[2026-04-15 04:43:51] [INFO] Sucursales configuradas: 1
[2026-04-15 04:43:51] [INFO] Sucursales configuradas: 1
[2026-04-15 04:43:51] [INFO]   [roton] /srv/roton
[2026-04-15 04:43:51] [INFO] API config guardado en: ./config.json
[2026-04-15 04:43:51] [DBG] Config saved to: ./config.json
[2026-04-15 04:44:13] [INFO] AR - Agente de Respaldo v0.1.0
[2026-04-15 04:44:13] [INFO] Servidor: http://sync.servicios.care
[2026-04-15 04:44:13] [DBG] Directorio executable: .
[2026-04-15 04:44:13] [INFO] Servidor: http://sync.servicios.care
[2026-04-15 04:44:13] [INFO] Locations loaded from config: 1
[2026-04-15 04:44:13] [INFO] Sucursales configuradas: 1
[2026-04-15 04:44:13] [INFO]   [roton] /srv/roton
[2026-04-15 04:44:13] [WARN] Config path not set, skipping save
[2026-04-15 04:44:13] [INFO] Registrando 1 ubicaciones...
[2026-04-15 04:44:13] [DBG] HTTP error: 302
[2026-04-15 04:44:13] [WARN] Register fallo: HTTP error: 302 — continuando
[2026-04-15 04:44:13] [INFO] Full sync horario
[2026-04-15 04:44:13] [ERR] generateTotp fallo: No timestamp. Saltando.
[2026-04-15 04:45:44] [INFO] AR - Agente de Respaldo v0.1.0
[2026-04-15 04:45:44] [INFO] Servidor: http://respaldosucursal.servicios.care
[2026-04-15 04:45:44] [DBG] Directorio executable: .
[2026-04-15 04:45:44] [INFO] Servidor: http://respaldosucursal.servicios.care
[2026-04-15 04:45:44] [INFO] Locations loaded from config: 1
[2026-04-15 04:45:44] [INFO] Sucursales configuradas: 1
[2026-04-15 04:45:44] [INFO]   [roton] /srv/roton
[2026-04-15 04:45:44] [WARN] Config path not set, skipping save
[2026-04-15 04:45:44] [INFO] Registrando 1 ubicaciones...
[2026-04-15 04:45:44] [DBG] Register response: {"ok":true,"rbfid":"roton"}
[2026-04-15 04:45:44] [INFO] [roton] Registrado OK
[2026-04-15 04:45:44] [INFO] Full sync horario
[2026-04-15 04:45:44] [INFO] Lista actualizada: 94 archivos (v726665cb)
[2026-04-15 04:45:44] [INFO] CANOTA.DBF — sin cambios
[2026-04-15 04:45:44] [INFO] CAT_PROD.DBF — sin cambios
[2026-04-15 04:45:44] [INFO] MASTER.DBF — sin cambios
[2026-04-15 04:45:52] [INFO] AR - Agente de Respaldo v0.1.0
[2026-04-15 04:45:52] [INFO] Servidor: http://respaldosucursal.servicios.care
[2026-04-15 04:45:52] [DBG] Directorio executable: .
[2026-04-15 04:45:52] [INFO] Servidor: http://respaldosucursal.servicios.care
[2026-04-15 04:45:52] [INFO] Locations loaded from config: 1
[2026-04-15 04:45:52] [INFO] Sucursales configuradas: 1
[2026-04-15 04:45:52] [INFO]   [roton] /srv/roton
[2026-04-15 04:45:52] [WARN] Config path not set, skipping save
[2026-04-15 04:45:52] [INFO] Registrando 1 ubicaciones...
[2026-04-15 04:45:52] [DBG] Register response: {"ok":true,"rbfid":"roton"}
[2026-04-15 04:45:52] [INFO] [roton] Registrado OK
[2026-04-15 04:45:52] [INFO] Full sync horario
[2026-04-15 04:45:52] [INFO] Lista actualizada: 94 archivos (v726665cb)
[2026-04-15 04:45:52] [INFO] CANOTA.DBF — sin cambios
[2026-04-15 04:45:52] [INFO] CAT_PROD.DBF — sin cambios
[2026-04-15 04:45:52] [INFO] MASTER.DBF — sin cambios
[2026-04-15 04:45:52] [INFO] XCORTE.DBF — sin cambios
[2026-04-15 04:45:52] [INFO] Cambio detectado: CANOTA.DBF
[2026-04-15 04:45:52] [INFO] CANOTA.DBF — sin cambios
[2026-04-15 04:45:52] [INFO] Sync CANOTA.DBF OK
[2026-04-15 04:45:52] [INFO] Cambio detectado: CAT_PROD.DBF
[2026-04-15 04:45:52] [INFO] CAT_PROD.DBF — sin cambios
[2026-04-15 04:45:52] [INFO] Sync CAT_PROD.DBF OK
[2026-04-15 04:45:52] [INFO] Cambio detectado: MASTER.DBF
[2026-04-15 04:45:52] [INFO] MASTER.DBF — sin cambios
[2026-04-15 04:45:52] [INFO] Sync MASTER.DBF OK
[2026-04-15 04:45:52] [INFO] Cambio detectado: XCORTE.DBF
[2026-04-15 04:45:52] [INFO] XCORTE.DBF — sin cambios
[2026-04-15 04:45:52] [INFO] Sync XCORTE.DBF OK
[2026-04-15 04:47:24] [INFO] AR - Agente de Respaldo v0.1.0
[2026-04-15 04:47:24] [INFO] Servidor: http://respaldosucursal.servicios.care
[2026-04-15 04:47:24] [DBG] Directorio executable: .
[2026-04-15 04:47:24] [INFO] Servidor: http://respaldosucursal.servicios.care
[2026-04-15 04:47:24] [INFO] Locations loaded from config: 1
[2026-04-15 04:47:24] [INFO] Sucursales configuradas: 1
[2026-04-15 04:47:24] [INFO]   [roton] /srv/roton
[2026-04-15 04:47:24] [DBG] Config saved to: ./config.json
[2026-04-15 04:47:24] [INFO] Config guardado en: ./config.json
[2026-04-15 04:47:24] [INFO] Registrando 1 ubicaciones...
[2026-04-15 04:47:24] [DBG] Register response: {"ok":true,"rbfid":"roton"}
[2026-04-15 04:47:24] [INFO] [roton] Registrado OK
[2026-04-15 04:47:24] [INFO] Full sync horario
[2026-04-15 04:47:24] [DBG] Config loaded from: ./config.json
[2026-04-15 04:47:24] [DBG] Config saved to: ./config.json
[2026-04-15 04:47:24] [INFO] Lista actualizada: 94 archivos (v726665cb)
[2026-04-15 04:47:24] [INFO] CANOTA.DBF — sin cambios
[2026-04-15 04:47:24] [INFO] CAT_PROD.DBF — sin cambios
[2026-04-15 04:47:24] [INFO] MASTER.DBF — sin cambios
[2026-04-15 04:47:24] [INFO] XCORTE.DBF — sin cambios
[2026-04-15 04:47:24] [INFO] Cambio detectado: CANOTA.DBF
[2026-04-15 04:47:39] [INFO] AR - Agente de Respaldo v0.1.0
[2026-04-15 04:47:39] [INFO] Servidor: http://respaldosucursal.servicios.care
[2026-04-15 04:47:39] [DBG] Directorio executable: .
[2026-04-15 04:47:39] [INFO] Servidor: http://respaldosucursal.servicios.care
[2026-04-15 04:47:39] [INFO] Locations loaded from config: 1
[2026-04-15 04:47:39] [INFO] Sucursales configuradas: 1
[2026-04-15 04:47:39] [INFO]   [roton] /srv/roton
[2026-04-15 04:47:39] [DBG] Config saved to: ./config.json
[2026-04-15 04:47:39] [INFO] Config guardado en: ./config.json
[2026-04-15 04:47:39] [INFO] Registrando 1 ubicaciones...
[2026-04-15 04:47:39] [DBG] Register response: {"ok":true,"rbfid":"roton"}
[2026-04-15 04:47:39] [INFO] [roton] Registrado OK
[2026-04-15 04:47:39] [INFO] Full sync horario
[2026-04-15 04:47:39] [INFO] CANOTA.DBF — sin cambios
[2026-04-15 04:47:39] [INFO] CAT_PROD.DBF — sin cambios
[2026-04-15 04:47:39] [INFO] MASTER.DBF — sin cambios
[2026-04-15 04:47:39] [INFO] XCORTE.DBF — sin cambios
[2026-04-15 04:47:39] [INFO] Cambio detectado: CANOTA.DBF
[2026-04-15 04:47:39] [INFO] CANOTA.DBF — sin cambios
[2026-04-15 04:47:39] [INFO] Sync CANOTA.DBF OK
[2026-04-15 04:47:39] [INFO] Cambio detectado: CAT_PROD.DBF
[2026-04-15 04:47:39] [INFO] CAT_PROD.DBF — sin cambios
[2026-04-15 04:47:39] [INFO] Sync CAT_PROD.DBF OK
[2026-04-15 04:47:39] [INFO] Cambio detectado: MASTER.DBF
[2026-04-15 04:47:39] [INFO] MASTER.DBF — sin cambios
[2026-04-15 04:47:39] [INFO] Sync MASTER.DBF OK
[2026-04-15 04:47:39] [INFO] Cambio detectado: XCORTE.DBF
[2026-04-15 04:47:39] [INFO] XCORTE.DBF — sin cambios
[2026-04-15 04:47:39] [INFO] Sync XCORTE.DBF OK
[2026-04-15 04:48:07] [INFO] AR - Agente de Respaldo v0.1.0
[2026-04-15 04:48:07] [INFO] Servidor: http://respaldosucursal.servicios.care
[2026-04-15 04:48:07] [DBG] Directorio executable: .
[2026-04-15 04:48:07] [INFO] Servidor: http://respaldosucursal.servicios.care
[2026-04-15 04:48:07] [INFO] Locations loaded from config: 1
[2026-04-15 04:48:07] [INFO] Sucursales configuradas: 1
[2026-04-15 04:48:07] [INFO]   [roton] /srv/roton
[2026-04-15 04:48:07] [DBG] Config saved to: ./config.json
[2026-04-15 04:48:07] [INFO] Config guardado en: ./config.json
[2026-04-15 04:48:07] [INFO] Registrando 1 ubicaciones...
[2026-04-15 04:48:07] [DBG] Register response: {"ok":true,"rbfid":"roton"}
[2026-04-15 04:48:07] [INFO] [roton] Registrado OK
[2026-04-15 04:48:07] [INFO] Full sync horario
[2026-04-15 04:48:07] [INFO] CANOTA.DBF — sin cambios
[2026-04-15 04:48:07] [INFO] CAT_PROD.DBF — sin cambios
[2026-04-15 04:48:07] [INFO] MASTER.DBF — sin cambios
[2026-04-15 04:48:07] [INFO] XCORTE.DBF — sin cambios
[2026-04-15 04:48:07] [INFO] Cambio detectado: CANOTA.DBF
[2026-04-15 04:48:07] [INFO] CANOTA.DBF — sin cambios
[2026-04-15 04:48:07] [INFO] Sync CANOTA.DBF OK
[2026-04-15 04:48:07] [INFO] Cambio detectado: CAT_PROD.DBF
[2026-04-15 04:48:07] [INFO] CAT_PROD.DBF — sin cambios
[2026-04-15 04:48:07] [INFO] Sync CAT_PROD.DBF OK
[2026-04-15 04:48:07] [INFO] Cambio detectado: MASTER.DBF
[2026-04-15 04:48:07] [INFO] MASTER.DBF — sin cambios
[2026-04-15 04:48:07] [INFO] Sync MASTER.DBF OK
[2026-04-15 04:48:07] [INFO] Cambio detectado: XCORTE.DBF
[2026-04-15 04:48:07] [INFO] XCORTE.DBF — sin cambios
[2026-04-15 04:48:07] [INFO] Sync XCORTE.DBF OK
[2026-04-15 04:51:08] [INFO] AR - Agente de Respaldo v0.1.0
[2026-04-15 04:51:08] [INFO] Servidor: http://respaldosucursal.servicios.care
[2026-04-15 04:51:08] [DBG] Directorio executable: .
[2026-04-15 04:51:08] [INFO] Servidor: http://respaldosucursal.servicios.care
[2026-04-15 04:51:08] [INFO] Locations loaded from config: 1
[2026-04-15 04:51:08] [INFO] Sucursales configuradas: 1
[2026-04-15 04:51:08] [INFO]   [roton] /srv/roton
[2026-04-15 04:51:08] [DBG] Config saved to: ./config.json
[2026-04-15 04:51:08] [INFO] Config guardado en: ./config.json
[2026-04-15 04:51:08] [INFO] Registrando 1 ubicaciones...
[2026-04-15 04:51:08] [DBG] Register response: {"ok":true,"rbfid":"roton"}
[2026-04-15 04:51:08] [INFO] [roton] Registrado OK
[2026-04-15 04:51:08] [DBG] Config loaded from: ./config.json
[2026-04-15 04:51:08] [DBG] Config saved to: ./config.json
[2026-04-15 04:51:08] [INFO] Lista actualizada: 94 archivos (v726665cb)
[2026-04-15 04:51:08] [INFO] Full sync horario
[2026-04-15 05:25:50] [INFO] AR - Agente de Respaldo v0.1.0
[2026-04-15 05:25:50] [INFO] Servidor: http://respaldosucursal.servicios.care
[2026-04-15 05:25:50] [DBG] Directorio executable: .
[2026-04-15 05:25:50] [INFO] Servidor: http://respaldosucursal.servicios.care
[2026-04-15 05:25:50] [INFO] Locations loaded from config: 1
[2026-04-15 05:25:50] [INFO] Sucursales configuradas: 1
[2026-04-15 05:25:50] [INFO]   [roton] /srv/roton
[2026-04-15 05:25:50] [DBG] Config saved to: ./config.json
[2026-04-15 05:25:50] [INFO] Config guardado en: ./config.json
[2026-04-15 05:25:50] [INFO] Registrando 1 ubicaciones...
[2026-04-15 05:25:50] [DBG] Register response: {"ok":true,"rbfid":"roton"}
[2026-04-15 05:25:50] [INFO] [roton] Registrado OK
[2026-04-15 05:25:50] [INFO] Full sync horario
[2026-04-15 05:29:37] [INFO] AR - Agente de Respaldo v0.1.0
[2026-04-15 05:29:37] [INFO] Servidor: http://respaldosucursal.servicios.care
[2026-04-15 05:29:37] [DBG] Directorio executable: .
[2026-04-15 05:29:37] [INFO] Servidor: http://respaldosucursal.servicios.care
[2026-04-15 05:29:37] [INFO] Locations loaded from config: 1
[2026-04-15 05:29:37] [INFO] Sucursales configuradas: 1
[2026-04-15 05:29:37] [INFO]   [roton] /srv/roton
[2026-04-15 05:29:37] [DBG] Config saved to: ./config.json
[2026-04-15 05:29:37] [INFO] Config guardado en: ./config.json
[2026-04-15 05:29:37] [INFO] Registrando 1 ubicaciones...
[2026-04-15 05:29:37] [DBG] Register response: {"ok":true,"rbfid":"roton"}
[2026-04-15 05:29:37] [INFO] [roton] Registrado OK
[2026-04-15 05:29:37] [INFO] Full sync horario
[2026-04-15 05:29:52] [INFO] AR - Agente de Respaldo v0.1.0
[2026-04-15 05:29:52] [INFO] Servidor: http://respaldosucursal.servicios.care
[2026-04-15 05:29:52] [DBG] Directorio executable: .
[2026-04-15 05:29:52] [INFO] Servidor: http://respaldosucursal.servicios.care
[2026-04-15 05:29:52] [INFO] Locations loaded from config: 1
[2026-04-15 05:29:52] [INFO] Sucursales configuradas: 1
[2026-04-15 05:29:52] [INFO]   [roton] /srv/roton
[2026-04-15 05:29:52] [DBG] Config saved to: ./config.json
[2026-04-15 05:29:52] [INFO] Config guardado en: ./config.json
[2026-04-15 05:29:52] [INFO] Registrando 1 ubicaciones...
[2026-04-15 05:29:52] [DBG] Register response: {"ok":true,"rbfid":"roton"}
[2026-04-15 05:29:52] [INFO] [roton] Registrado OK
[2026-04-15 05:29:52] [INFO] Full sync horario
[2026-04-15 05:30:16] [INFO] AR - Agente de Respaldo v0.1.0
[2026-04-15 05:30:16] [INFO] Servidor: http://respaldosucursal.servicios.care
[2026-04-15 05:30:16] [DBG] Directorio executable: .
[2026-04-15 05:30:16] [INFO] Servidor: http://respaldosucursal.servicios.care
[2026-04-15 05:30:16] [INFO] Locations loaded from config: 1
[2026-04-15 05:30:16] [INFO] Sucursales configuradas: 1
[2026-04-15 05:30:16] [INFO]   [roton] /srv/roton
[2026-04-15 05:30:16] [DBG] Config saved to: ./config.json
[2026-04-15 05:30:16] [INFO] Config guardado en: ./config.json
[2026-04-15 05:30:16] [INFO] Registrando 1 ubicaciones...
[2026-04-15 05:30:16] [DBG] Register response: {"ok":true,"rbfid":"roton"}
[2026-04-15 05:30:16] [INFO] [roton] Registrado OK
[2026-04-15 05:30:16] [INFO] Full sync horario
[2026-04-15 05:30:29] [INFO] AR - Agente de Respaldo v0.1.0
[2026-04-15 05:30:29] [INFO] Servidor: http://respaldosucursal.servicios.care
[2026-04-15 05:30:29] [DBG] Directorio executable: .
[2026-04-15 05:30:29] [INFO] Servidor: http://respaldosucursal.servicios.care
[2026-04-15 05:30:29] [INFO] Locations loaded from config: 1
[2026-04-15 05:30:29] [INFO] Sucursales configuradas: 1
[2026-04-15 05:30:29] [INFO]   [roton] /srv/roton
[2026-04-15 05:30:29] [DBG] Config saved to: ./config.json
[2026-04-15 05:30:29] [INFO] Config guardado en: ./config.json
[2026-04-15 05:30:29] [INFO] Registrando 1 ubicaciones...
[2026-04-15 05:30:29] [DBG] Register response: {"ok":true,"rbfid":"roton"}
[2026-04-15 05:30:29] [INFO] [roton] Registrado OK
[2026-04-15 05:30:29] [INFO] Full sync horario
[2026-04-15 05:30:50] [INFO] Cambio detectado: CANOTA.DBF
[2026-04-15 05:30:50] [INFO] CANOTA.DBF — sin cambios
[2026-04-15 05:30:50] [INFO] Sync CANOTA.DBF OK
[2026-04-15 05:30:50] [INFO] Cambio detectado: CAT_PROD.DBF
[2026-04-15 05:30:50] [INFO] CAT_PROD.DBF — sin cambios
[2026-04-15 05:30:50] [INFO] Sync CAT_PROD.DBF OK
[2026-04-15 05:30:50] [INFO] Cambio detectado: MASTER.DBF
[2026-04-15 05:30:50] [INFO] MASTER.DBF — sin cambios
[2026-04-15 05:30:50] [INFO] Sync MASTER.DBF OK
[2026-04-15 05:30:50] [INFO] Cambio detectado: XCORTE.DBF
[2026-04-15 05:30:50] [INFO] XCORTE.DBF — sin cambios
[2026-04-15 05:30:50] [INFO] Sync XCORTE.DBF OK
[2026-04-15 05:31:03] [INFO] AR - Agente de Respaldo v0.1.0
[2026-04-15 05:31:03] [INFO] Servidor: http://respaldosucursal.servicios.care
[2026-04-15 05:31:03] [DBG] Directorio executable: .
[2026-04-15 05:31:03] [INFO] Servidor: http://respaldosucursal.servicios.care
[2026-04-15 05:31:03] [INFO] Locations loaded from config: 1
[2026-04-15 05:31:03] [INFO] Sucursales configuradas: 1
[2026-04-15 05:31:03] [INFO]   [roton] /srv/roton
[2026-04-15 05:31:03] [DBG] Config saved to: ./config.json
[2026-04-15 05:31:03] [INFO] Config guardado en: ./config.json
[2026-04-15 05:31:03] [INFO] Registrando 1 ubicaciones...
[2026-04-15 05:31:03] [DBG] Register response: {"ok":true,"rbfid":"roton"}
[2026-04-15 05:31:03] [INFO] [roton] Registrado OK
[2026-04-15 05:31:03] [INFO] Iniciando runLoop (poll=300s, fullCheck=3600s)
[2026-04-15 05:31:03] [INFO] Cache poblado con 4 archivos
[2026-04-15 05:31:03] [DBG] Loop iteration - checking files...
[2026-04-15 05:31:03] [INFO] Full sync horario
[2026-04-15 05:31:54] [INFO] AR - Agente de Respaldo v0.1.0
[2026-04-15 05:31:54] [INFO] Servidor: http://respaldosucursal.servicios.care
[2026-04-15 05:31:54] [DBG] Directorio executable: .
[2026-04-15 05:31:54] [INFO] Servidor: http://respaldosucursal.servicios.care
[2026-04-15 05:31:54] [INFO] Locations loaded from config: 1
[2026-04-15 05:31:54] [INFO] Sucursales configuradas: 1
[2026-04-15 05:31:54] [INFO]   [roton] /srv/roton
[2026-04-15 05:31:54] [DBG] Config saved to: ./config.json
[2026-04-15 05:31:54] [INFO] Config guardado en: ./config.json
[2026-04-15 05:31:54] [INFO] Registrando 1 ubicaciones...
[2026-04-15 05:31:54] [DBG] Register response: {"ok":true,"rbfid":"roton"}
[2026-04-15 05:31:54] [INFO] [roton] Registrado OK
[2026-04-15 05:31:54] [INFO] Iniciando runLoop (poll=300s, fullCheck=3600s)
[2026-04-15 05:31:54] [INFO] Cache poblado con 4 archivos
[2026-04-15 05:31:54] [DBG] Loop iteration - checking files...
[2026-04-15 05:31:54] [INFO] Full sync horario
[2026-04-15 05:32:02] [INFO] AR - Agente de Respaldo v0.1.0
[2026-04-15 05:32:02] [INFO] Servidor: http://respaldosucursal.servicios.care
[2026-04-15 05:32:02] [DBG] Directorio executable: .
[2026-04-15 05:32:02] [INFO] Servidor: http://respaldosucursal.servicios.care
[2026-04-15 05:32:02] [INFO] Locations loaded from config: 1
[2026-04-15 05:32:02] [INFO] Sucursales configuradas: 1
[2026-04-15 05:32:02] [INFO]   [roton] /srv/roton
[2026-04-15 05:32:02] [DBG] Config saved to: ./config.json
[2026-04-15 05:32:02] [INFO] Config guardado en: ./config.json
[2026-04-15 05:32:02] [INFO] Registrando 1 ubicaciones...
[2026-04-15 05:32:02] [DBG] Register response: {"ok":true,"rbfid":"roton"}
[2026-04-15 05:32:02] [INFO] [roton] Registrado OK
[2026-04-15 05:32:02] [INFO] Iniciando runLoop (poll=300s, fullCheck=3600s)
[2026-04-15 05:32:02] [INFO] Cache poblado con 4 archivos
[2026-04-15 05:32:02] [DBG] Loop iteration - checking files...
[2026-04-15 05:32:02] [INFO] Full sync horario
[2026-04-15 05:32:09] [INFO] AR - Agente de Respaldo v0.1.0
[2026-04-15 05:32:09] [INFO] Servidor: http://respaldosucursal.servicios.care
[2026-04-15 05:32:09] [DBG] Directorio executable: .
[2026-04-15 05:32:09] [DBG] Escaneando: /srv
[2026-04-15 05:32:09] [INFO] Sucursal encontrada: roton en /srv/roton
[2026-04-15 05:32:09] [DBG] Scan /srv completo: 1 sucursales
[2026-04-15 05:32:09] [INFO] Sucursales configuradas: 1
[2026-04-15 05:32:09] [INFO] Sucursales configuradas: 1
[2026-04-15 05:32:09] [INFO]   [roton] /srv/roton
[2026-04-15 05:32:09] [INFO] API config guardado en: ./config.json
[2026-04-15 05:32:09] [DBG] Config saved to: ./config.json
[2026-04-15 05:32:09] [INFO] Config guardado en: ./config.json
[2026-04-15 05:32:09] [INFO] Registrando 1 ubicaciones...
[2026-04-15 05:32:09] [DBG] Register response: {"ok":true,"rbfid":"roton"}
[2026-04-15 05:32:09] [INFO] [roton] Registrado OK
[2026-04-15 05:32:09] [INFO] Iniciando runLoop (poll=300s, fullCheck=3600s)
[2026-04-15 05:32:09] [DBG] Config loaded from: ./config.json
[2026-04-15 05:32:09] [DBG] Config saved to: ./config.json
[2026-04-15 05:32:09] [INFO] Lista actualizada: 94 archivos (v726665cb)
[2026-04-15 05:32:09] [INFO] Cache poblado con 4 archivos
[2026-04-15 05:32:09] [DBG] Loop iteration - checking files...
[2026-04-15 05:32:09] [INFO] Full sync horario
[2026-04-15 05:36:16] [INFO] AR - Agente de Respaldo v0.1.0
[2026-04-15 05:36:16] [INFO] Servidor: http://respaldosucursal.servicios.care
[2026-04-15 05:36:16] [INFO] Servidor: http://respaldosucursal.servicios.care
[2026-04-15 05:36:16] [INFO] Locations loaded from config: 1
[2026-04-15 05:36:16] [INFO] Sucursales configuradas: 1
[2026-04-15 05:36:16] [INFO]   [roton] /srv/roton
[2026-04-15 05:36:16] [INFO] Registrando 1 ubicaciones...
[2026-04-15 05:36:16] [DBG] Register response: {"ok":true,"rbfid":"roton"}
[2026-04-15 05:36:16] [INFO] [roton] Registrado OK
[2026-04-15 05:36:16] [INFO] Iniciando runLoop (poll=300s, fullCheck=3600s)
[2026-04-15 05:36:16] [DBG] [roton] CANOTA.DBF — cacheado (mtime=1776231376, size=512000)
[2026-04-15 05:36:16] [DBG] [roton] CAT_PROD.DBF — cacheado (mtime=1776231376, size=34)
[2026-04-15 05:36:16] [DBG] [roton] MASTER.DBF — cacheado (mtime=1776231376, size=34)
[2026-04-15 05:36:16] [DBG] [roton] XCORTE.DBF — cacheado (mtime=1776231376, size=204800)
[2026-04-15 05:36:16] [INFO] [roton] Evaluados 4 archivos, sin cambios
[2026-04-15 05:36:16] [INFO] Cache poblado con 4 archivos
[2026-04-15 05:36:16] [DBG] Loop iteration - checking files...
[2026-04-15 05:36:16] [INFO] Full sync horario
[2026-04-15 05:36:16] [DBG] [roton] CANOTA.DBF — cacheado (mtime=1776231376, size=512000)
[2026-04-15 05:36:16] [DBG] [roton] CAT_PROD.DBF — cacheado (mtime=1776231376, size=34)
[2026-04-15 05:36:16] [DBG] [roton] MASTER.DBF — cacheado (mtime=1776231376, size=34)
[2026-04-15 05:36:16] [DBG] [roton] XCORTE.DBF — cacheado (mtime=1776231376, size=204800)
[2026-04-15 05:36:16] [INFO] [roton] Evaluados 4 archivos, sin cambios
[2026-04-15 05:36:49] [INFO] AR - Agente de Respaldo v0.1.0
[2026-04-15 05:36:49] [INFO] Servidor: http://respaldosucursal.servicios.care
[2026-04-15 05:36:49] [INFO] Locations loaded from config: 1
[2026-04-15 05:36:49] [INFO] Sucursales configuradas: 1
[2026-04-15 05:36:49] [INFO]   [roton] /srv/roton
[2026-04-15 05:36:49] [INFO] Registrando 1 ubicaciones...
[2026-04-15 05:36:49] [DBG] Register response: {"ok":true,"rbfid":"roton"}
[2026-04-15 05:36:49] [INFO] [roton] Registrado OK
[2026-04-15 05:36:49] [INFO] Iniciando modo espera (poll=300s, fullCheck=3600s)
[2026-04-15 05:36:49] [DBG] [roton] CANOTA.DBF — cacheado (mtime=1776231409, size=512000)
[2026-04-15 05:36:49] [DBG] [roton] CAT_PROD.DBF — cacheado (mtime=1776231409, size=34)
[2026-04-15 05:36:49] [DBG] [roton] MASTER.DBF — cacheado (mtime=1776231409, size=34)
[2026-04-15 05:36:49] [DBG] [roton] XCORTE.DBF — cacheado (mtime=1776231409, size=204800)
[2026-04-15 05:36:49] [INFO] [roton] Evaluados 4 archivos, sin cambios
[2026-04-15 05:36:49] [INFO] Full sync — actualizando lista de archivos del servidor
[2026-04-15 05:36:49] [DBG] [roton] CANOTA.DBF — cacheado (mtime=1776231409, size=512000)
[2026-04-15 05:36:49] [DBG] [roton] CAT_PROD.DBF — cacheado (mtime=1776231409, size=34)
[2026-04-15 05:36:49] [DBG] [roton] MASTER.DBF — cacheado (mtime=1776231409, size=34)
[2026-04-15 05:36:49] [DBG] [roton] XCORTE.DBF — cacheado (mtime=1776231409, size=204800)
[2026-04-15 05:36:49] [INFO] [roton] Evaluados 4 archivos, sin cambios
[2026-04-15 05:36:49] [INFO] Esperando 300s...
[2026-04-15 05:38:32] [INFO] AR - Agente de Respaldo v0.1.0
[2026-04-15 05:38:32] [INFO] Servidor: http://respaldosucursal.servicios.care
[2026-04-15 05:38:32] [INFO] Locations loaded from config: 1
[2026-04-15 05:38:32] [INFO] Sucursales configuradas: 1
[2026-04-15 05:38:32] [INFO]   [roton] /srv/roton
[2026-04-15 05:38:32] [INFO] Registrando 1 ubicaciones...
[2026-04-15 05:38:32] [DBG] Register response: {"ok":true,"rbfid":"roton"}
[2026-04-15 05:38:32] [INFO] [roton] Registrado OK
[2026-04-15 05:38:32] [DBG] [roton] Evaluando CANOTA.DBF (mtime=1776231512, size=512000)
[2026-04-15 05:38:32] [INFO] CANOTA.DBF — sin cambios
[2026-04-15 05:38:32] [DBG] [roton] Evaluando CAT_PROD.DBF (mtime=1776231512, size=34)
[2026-04-15 05:38:32] [INFO] CAT_PROD.DBF — sin cambios
[2026-04-15 05:38:32] [DBG] [roton] Evaluando MASTER.DBF (mtime=1776231512, size=34)
[2026-04-15 05:38:32] [INFO] MASTER.DBF — sin cambios
[2026-04-15 05:38:32] [DBG] [roton] Evaluando XCORTE.DBF (mtime=1776231512, size=204800)
[2026-04-15 05:38:32] [INFO] XCORTE.DBF — sin cambios
[2026-04-15 05:38:32] [INFO] [roton] Evaluados 94 archivos
[2026-04-15 05:38:32] [INFO] Iniciando modo espera (poll=300s, fullCheck=3600s)
[2026-04-15 05:38:32] [INFO] Full sync — actualizando lista del servidor
[2026-04-15 05:38:32] [DBG] [roton] Evaluando CANOTA.DBF (mtime=1776231512, size=512000)
[2026-04-15 05:38:32] [INFO] CANOTA.DBF — sin cambios
[2026-04-15 05:38:32] [DBG] [roton] Evaluando CAT_PROD.DBF (mtime=1776231512, size=34)
[2026-04-15 05:38:32] [INFO] CAT_PROD.DBF — sin cambios
[2026-04-15 05:38:32] [DBG] [roton] Evaluando MASTER.DBF (mtime=1776231512, size=34)
[2026-04-15 05:38:32] [INFO] MASTER.DBF — sin cambios
[2026-04-15 05:38:32] [DBG] [roton] Evaluando XCORTE.DBF (mtime=1776231512, size=204800)
[2026-04-15 05:38:32] [INFO] XCORTE.DBF — sin cambios
[2026-04-15 05:38:32] [INFO] [roton] Evaluados 94 archivos
[2026-04-15 05:38:32] [INFO] Esperando 300s...
[2026-04-15 05:39:07] [INFO] AR - Agente de Respaldo v0.1.0
[2026-04-15 05:39:07] [INFO] Servidor: http://respaldosucursal.servicios.care
[2026-04-15 05:39:07] [INFO] Locations loaded from config: 1
[2026-04-15 05:39:07] [INFO] Sucursales configuradas: 1
[2026-04-15 05:39:07] [INFO]   [roton] /srv/roton
[2026-04-15 05:39:07] [INFO] Registrando 1 ubicaciones...
[2026-04-15 05:39:07] [DBG] Register response: {"ok":true,"rbfid":"roton"}
[2026-04-15 05:39:07] [INFO] [roton] Registrado OK
[2026-04-15 05:39:07] [DBG] [roton] Evaluando CANOTA.DBF (mtime=1776231547, size=512000)
[2026-04-15 05:39:07] [INFO] CANOTA.DBF — sin cambios
[2026-04-15 05:39:07] [DBG] [roton] Evaluando CAT_PROD.DBF (mtime=1776231547, size=34)
[2026-04-15 05:39:07] [INFO] CAT_PROD.DBF — sin cambios
[2026-04-15 05:39:07] [DBG] [roton] Evaluando MASTER.DBF (mtime=1776231547, size=34)
[2026-04-15 05:39:07] [INFO] MASTER.DBF — sin cambios
[2026-04-15 05:39:07] [DBG] [roton] Evaluando XCORTE.DBF (mtime=1776231547, size=204800)
[2026-04-15 05:39:07] [INFO] XCORTE.DBF — sin cambios
[2026-04-15 05:39:07] [INFO] [roton] Evaluados 94 archivos
[2026-04-15 05:39:07] [INFO] Iniciando modo espera (poll=300s, fullCheck=3600s)
[2026-04-15 05:39:07] [INFO] Esperando 300s...
