[2026-04-12 16:41:37] [INFO] AR - Agente de Respaldo v0.1.0
[2026-04-12 16:41:37] [INFO] Servidor: http://sync.servicios.care
[2026-04-12 16:41:37] [DBG] Directorio executable: .
[2026-04-12 16:41:37] [DBG] Config loaded from: .\config.json
[2026-04-12 16:41:37] [INFO] Locations loaded from config: 2
[2026-04-12 16:41:37] [INFO] Sucursales configuradas: 2
[2026-04-12 16:41:37] [INFO]   [roton] /srv/cliente1
[2026-04-12 16:41:37] [INFO]   [muril] /srv/cliente2
[2026-04-12 16:41:37] [INFO] Registrando 2 ubicaciones...
[2026-04-12 16:41:37] [DBG]   - roton en /srv/cliente1
[2026-04-12 16:41:38] [INFO] [roton] fetchTimestamp resultado: 1776012096
[2026-04-12 16:41:38] [DBG] Register response: {"ok":true,"rbfid":"roton"}
[2026-04-12 16:41:38] [INFO] [roton] Registrado OK
[2026-04-12 16:41:38] [DBG]   - muril en /srv/cliente2
[2026-04-12 16:41:38] [INFO] [muril] fetchTimestamp resultado: 0
[2026-04-12 16:41:38] [INFO] Lista sin cambios (94 archivos)
[2026-04-12 16:41:38] [INFO] Full sync horario
[2026-04-12 16:41:39] [DBG] Lista sin cambios
[2026-04-12 16:41:39] [DBG] Robocopy: robocopy "/srv/cliente1" "/srv/cliente1/quickbck/" "AJTFLU.DBF" "ASISTE.DBF" "CAJAS.DBF" "CANCFDI.DBF" "CANCFDI.FPT" "CANOTA.DBF" "CANOTA.DBT" "CANOTA.FPT" "CANOTAEX.DBF" "CARPORT.DBF" "CARPORT.FPT" "CASEMANA.DBF" "CATPROD3.DBF" "CAT_NEG.DBF" "CAT_PROD.DBF" "CCOTIZA.DBF" "CENTER.DBF" "CFDREL.DBF" "CG3_VAEN.DBF" "CG3_VAPA.DBF" "CLIENTE.DBF" "COBRANZA.DBF" "COMPRAS.DBF" "CONCXC.DBF" "CONVTODO.DBF" "CPEDIDO.DBF" "CPENDIE.DBF" "CPXCORTE.DBF" "CRMC_OBS.DBF" "CUENGAS.DBF" "CUNOTA.DBF" "DD_CONTROL.DBF" "DD_DATOS.DBF" "DESEMANA.DBF" "ES_COBRO.DBF" "EYSIENC.DBF" "EYSIPAR.DBF" "FACCFD.DBF" "FACCFD.FPT" "FLUJO01.DBF" "FLUJORES.DBF" "HISTORIA.DBF" "INVFSIC.DBF" "MASTER.DBF" "MINTINV.DBF" "MOVCXCD.DBF" "MOVSINV.DBF" "M_CONF.DBF" "NEGADOS.DBF" "NOESTA.DBF" "NOHAY.DBF" "N_CONF.DBF" "N_RESP.DBF" "N_RESP.DBT" "N_RESP_M.DBF" "N_RESP_M.DBT" "OBSDOCS.DBF" "PAGDOCS.DBF" "PAGMULT.DBF" "PAGSPEI.DBF" "PARAMS.DBF" "PARTCOMP.DBF" "PARTCOT.DBF" "PARVALES.DBF" "PARXCAR.DBF" "PAVACL.DBF" "PCOTIZA.DBF" "PEDIDO.DBF" "PEDIDO1.DBF" "PEDIDO2.DBF" "PPEDIDO.DBF" "PPENDIE.DBF" "RESP_PIN.DBF" "R_BBVA.DBF" "R_KUSHKI.DBF" "SERCFD2.DBF" "STOCK.DBF" "SUCURCTAI.DBF" "TABLA004.DBF" "TABLA005.DBF" "TERCAJAS.DBF" "TLSERVI.DBF" "USUARIOS.DBF" "VACLI.DBF" "VALES.DBF" "VALPEN.DBF" "VCPENDI.DBF" "VENDEDOR.DBF" "VENTA.DBF" "VENTA.DBT" "VENTA.FPT" "VENTAPP.DBF" "VPPENDI.DBF" "XCORTE.DBF" /COPY:D /R:1 /W:1 /XO /NP /NFL /NDL /NJH /NJS
[2026-04-12 16:41:39] [DBG] Robocopy: robocopy "/srv/cliente2" "/srv/cliente2/quickbck/" "AJTFLU.DBF" "ASISTE.DBF" "CAJAS.DBF" "CANCFDI.DBF" "CANCFDI.FPT" "CANOTA.DBF" "CANOTA.DBT" "CANOTA.FPT" "CANOTAEX.DBF" "CARPORT.DBF" "CARPORT.FPT" "CASEMANA.DBF" "CATPROD3.DBF" "CAT_NEG.DBF" "CAT_PROD.DBF" "CCOTIZA.DBF" "CENTER.DBF" "CFDREL.DBF" "CG3_VAEN.DBF" "CG3_VAPA.DBF" "CLIENTE.DBF" "COBRANZA.DBF" "COMPRAS.DBF" "CONCXC.DBF" "CONVTODO.DBF" "CPEDIDO.DBF" "CPENDIE.DBF" "CPXCORTE.DBF" "CRMC_OBS.DBF" "CUENGAS.DBF" "CUNOTA.DBF" "DD_CONTROL.DBF" "DD_DATOS.DBF" "DESEMANA.DBF" "ES_COBRO.DBF" "EYSIENC.DBF" "EYSIPAR.DBF" "FACCFD.DBF" "FACCFD.FPT" "FLUJO01.DBF" "FLUJORES.DBF" "HISTORIA.DBF" "INVFSIC.DBF" "MASTER.DBF" "MINTINV.DBF" "MOVCXCD.DBF" "MOVSINV.DBF" "M_CONF.DBF" "NEGADOS.DBF" "NOESTA.DBF" "NOHAY.DBF" "N_CONF.DBF" "N_RESP.DBF" "N_RESP.DBT" "N_RESP_M.DBF" "N_RESP_M.DBT" "OBSDOCS.DBF" "PAGDOCS.DBF" "PAGMULT.DBF" "PAGSPEI.DBF" "PARAMS.DBF" "PARTCOMP.DBF" "PARTCOT.DBF" "PARVALES.DBF" "PARXCAR.DBF" "PAVACL.DBF" "PCOTIZA.DBF" "PEDIDO.DBF" "PEDIDO1.DBF" "PEDIDO2.DBF" "PPEDIDO.DBF" "PPENDIE.DBF" "RESP_PIN.DBF" "R_BBVA.DBF" "R_KUSHKI.DBF" "SERCFD2.DBF" "STOCK.DBF" "SUCURCTAI.DBF" "TABLA004.DBF" "TABLA005.DBF" "TERCAJAS.DBF" "TLSERVI.DBF" "USUARIOS.DBF" "VACLI.DBF" "VALES.DBF" "VALPEN.DBF" "VCPENDI.DBF" "VENDEDOR.DBF" "VENTA.DBF" "VENTA.DBT" "VENTA.FPT" "VENTAPP.DBF" "VPPENDI.DBF" "XCORTE.DBF" /COPY:D /R:1 /W:1 /XO /NP /NFL /NDL /NJH /NJS
[2026-04-12 16:41:39] [DBG] Iniciando ciclo de poll...
[2026-04-12 16:41:39] [DBG] Robocopy: robocopy "/srv/cliente1" "/srv/cliente1/quickbck/" "AJTFLU.DBF" "ASISTE.DBF" "CAJAS.DBF" "CANCFDI.DBF" "CANCFDI.FPT" "CANOTA.DBF" "CANOTA.DBT" "CANOTA.FPT" "CANOTAEX.DBF" "CARPORT.DBF" "CARPORT.FPT" "CASEMANA.DBF" "CATPROD3.DBF" "CAT_NEG.DBF" "CAT_PROD.DBF" "CCOTIZA.DBF" "CENTER.DBF" "CFDREL.DBF" "CG3_VAEN.DBF" "CG3_VAPA.DBF" "CLIENTE.DBF" "COBRANZA.DBF" "COMPRAS.DBF" "CONCXC.DBF" "CONVTODO.DBF" "CPEDIDO.DBF" "CPENDIE.DBF" "CPXCORTE.DBF" "CRMC_OBS.DBF" "CUENGAS.DBF" "CUNOTA.DBF" "DD_CONTROL.DBF" "DD_DATOS.DBF" "DESEMANA.DBF" "ES_COBRO.DBF" "EYSIENC.DBF" "EYSIPAR.DBF" "FACCFD.DBF" "FACCFD.FPT" "FLUJO01.DBF" "FLUJORES.DBF" "HISTORIA.DBF" "INVFSIC.DBF" "MASTER.DBF" "MINTINV.DBF" "MOVCXCD.DBF" "MOVSINV.DBF" "M_CONF.DBF" "NEGADOS.DBF" "NOESTA.DBF" "NOHAY.DBF" "N_CONF.DBF" "N_RESP.DBF" "N_RESP.DBT" "N_RESP_M.DBF" "N_RESP_M.DBT" "OBSDOCS.DBF" "PAGDOCS.DBF" "PAGMULT.DBF" "PAGSPEI.DBF" "PARAMS.DBF" "PARTCOMP.DBF" "PARTCOT.DBF" "PARVALES.DBF" "PARXCAR.DBF" "PAVACL.DBF" "PCOTIZA.DBF" "PEDIDO.DBF" "PEDIDO1.DBF" "PEDIDO2.DBF" "PPEDIDO.DBF" "PPENDIE.DBF" "RESP_PIN.DBF" "R_BBVA.DBF" "R_KUSHKI.DBF" "SERCFD2.DBF" "STOCK.DBF" "SUCURCTAI.DBF" "TABLA004.DBF" "TABLA005.DBF" "TERCAJAS.DBF" "TLSERVI.DBF" "USUARIOS.DBF" "VACLI.DBF" "VALES.DBF" "VALPEN.DBF" "VCPENDI.DBF" "VENDEDOR.DBF" "VENTA.DBF" "VENTA.DBT" "VENTA.FPT" "VENTAPP.DBF" "VPPENDI.DBF" "XCORTE.DBF" /COPY:D /R:1 /W:1 /XO /NP /NFL /NDL /NJH /NJS
[2026-04-12 16:41:39] [DBG] Robocopy: robocopy "/srv/cliente2" "/srv/cliente2/quickbck/" "AJTFLU.DBF" "ASISTE.DBF" "CAJAS.DBF" "CANCFDI.DBF" "CANCFDI.FPT" "CANOTA.DBF" "CANOTA.DBT" "CANOTA.FPT" "CANOTAEX.DBF" "CARPORT.DBF" "CARPORT.FPT" "CASEMANA.DBF" "CATPROD3.DBF" "CAT_NEG.DBF" "CAT_PROD.DBF" "CCOTIZA.DBF" "CENTER.DBF" "CFDREL.DBF" "CG3_VAEN.DBF" "CG3_VAPA.DBF" "CLIENTE.DBF" "COBRANZA.DBF" "COMPRAS.DBF" "CONCXC.DBF" "CONVTODO.DBF" "CPEDIDO.DBF" "CPENDIE.DBF" "CPXCORTE.DBF" "CRMC_OBS.DBF" "CUENGAS.DBF" "CUNOTA.DBF" "DD_CONTROL.DBF" "DD_DATOS.DBF" "DESEMANA.DBF" "ES_COBRO.DBF" "EYSIENC.DBF" "EYSIPAR.DBF" "FACCFD.DBF" "FACCFD.FPT" "FLUJO01.DBF" "FLUJORES.DBF" "HISTORIA.DBF" "INVFSIC.DBF" "MASTER.DBF" "MINTINV.DBF" "MOVCXCD.DBF" "MOVSINV.DBF" "M_CONF.DBF" "NEGADOS.DBF" "NOESTA.DBF" "NOHAY.DBF" "N_CONF.DBF" "N_RESP.DBF" "N_RESP.DBT" "N_RESP_M.DBF" "N_RESP_M.DBT" "OBSDOCS.DBF" "PAGDOCS.DBF" "PAGMULT.DBF" "PAGSPEI.DBF" "PARAMS.DBF" "PARTCOMP.DBF" "PARTCOT.DBF" "PARVALES.DBF" "PARXCAR.DBF" "PAVACL.DBF" "PCOTIZA.DBF" "PEDIDO.DBF" "PEDIDO1.DBF" "PEDIDO2.DBF" "PPEDIDO.DBF" "PPENDIE.DBF" "RESP_PIN.DBF" "R_BBVA.DBF" "R_KUSHKI.DBF" "SERCFD2.DBF" "STOCK.DBF" "SUCURCTAI.DBF" "TABLA004.DBF" "TABLA005.DBF" "TERCAJAS.DBF" "TLSERVI.DBF" "USUARIOS.DBF" "VACLI.DBF" "VALES.DBF" "VALPEN.DBF" "VCPENDI.DBF" "VENDEDOR.DBF" "VENTA.DBF" "VENTA.DBT" "VENTA.FPT" "VENTAPP.DBF" "VPPENDI.DBF" "XCORTE.DBF" /COPY:D /R:1 /W:1 /XO /NP /NFL /NDL /NJH /NJS
[2026-04-12 16:46:13] [INFO] AR - Agente de Respaldo v0.1.0
[2026-04-12 16:46:13] [INFO] Servidor: http://sync.servicios.care
[2026-04-12 16:46:13] [DBG] Directorio executable: .
[2026-04-12 16:46:13] [DBG] Config loaded from: .\config.json
[2026-04-12 16:46:13] [INFO] Locations loaded from config: 2
[2026-04-12 16:46:13] [INFO] Sucursales configuradas: 2
[2026-04-12 16:46:13] [INFO]   [roton] /srv/cliente1
[2026-04-12 16:46:13] [INFO]   [muril] /srv/cliente2
[2026-04-12 16:46:13] [INFO] Registrando 2 ubicaciones...
[2026-04-12 16:46:13] [DBG]   - roton en /srv/cliente1
[2026-04-12 16:46:13] [INFO] [roton] fetchTimestamp resultado: 1776012371
[2026-04-12 16:46:13] [DBG] Register response: {"ok":true,"rbfid":"roton"}
[2026-04-12 16:46:13] [INFO] [roton] Registrado OK
[2026-04-12 16:46:13] [DBG]   - muril en /srv/cliente2
[2026-04-12 16:46:14] [INFO] [muril] fetchTimestamp resultado: 0
[2026-04-12 16:46:14] [INFO] Lista sin cambios (94 archivos)
[2026-04-12 16:46:14] [INFO] Full sync horario
[2026-04-12 16:46:14] [DBG] Lista sin cambios
[2026-04-12 16:46:14] [DBG] Robocopy: robocopy "/srv/cliente1" "/srv/cliente1/quickbck/" "AJTFLU.DBF" "ASISTE.DBF" "CAJAS.DBF" "CANCFDI.DBF" "CANCFDI.FPT" "CANOTA.DBF" "CANOTA.DBT" "CANOTA.FPT" "CANOTAEX.DBF" "CARPORT.DBF" "CARPORT.FPT" "CASEMANA.DBF" "CATPROD3.DBF" "CAT_NEG.DBF" "CAT_PROD.DBF" "CCOTIZA.DBF" "CENTER.DBF" "CFDREL.DBF" "CG3_VAEN.DBF" "CG3_VAPA.DBF" "CLIENTE.DBF" "COBRANZA.DBF" "COMPRAS.DBF" "CONCXC.DBF" "CONVTODO.DBF" "CPEDIDO.DBF" "CPENDIE.DBF" "CPXCORTE.DBF" "CRMC_OBS.DBF" "CUENGAS.DBF" "CUNOTA.DBF" "DD_CONTROL.DBF" "DD_DATOS.DBF" "DESEMANA.DBF" "ES_COBRO.DBF" "EYSIENC.DBF" "EYSIPAR.DBF" "FACCFD.DBF" "FACCFD.FPT" "FLUJO01.DBF" "FLUJORES.DBF" "HISTORIA.DBF" "INVFSIC.DBF" "MASTER.DBF" "MINTINV.DBF" "MOVCXCD.DBF" "MOVSINV.DBF" "M_CONF.DBF" "NEGADOS.DBF" "NOESTA.DBF" "NOHAY.DBF" "N_CONF.DBF" "N_RESP.DBF" "N_RESP.DBT" "N_RESP_M.DBF" "N_RESP_M.DBT" "OBSDOCS.DBF" "PAGDOCS.DBF" "PAGMULT.DBF" "PAGSPEI.DBF" "PARAMS.DBF" "PARTCOMP.DBF" "PARTCOT.DBF" "PARVALES.DBF" "PARXCAR.DBF" "PAVACL.DBF" "PCOTIZA.DBF" "PEDIDO.DBF" "PEDIDO1.DBF" "PEDIDO2.DBF" "PPEDIDO.DBF" "PPENDIE.DBF" "RESP_PIN.DBF" "R_BBVA.DBF" "R_KUSHKI.DBF" "SERCFD2.DBF" "STOCK.DBF" "SUCURCTAI.DBF" "TABLA004.DBF" "TABLA005.DBF" "TERCAJAS.DBF" "TLSERVI.DBF" "USUARIOS.DBF" "VACLI.DBF" "VALES.DBF" "VALPEN.DBF" "VCPENDI.DBF" "VENDEDOR.DBF" "VENTA.DBF" "VENTA.DBT" "VENTA.FPT" "VENTAPP.DBF" "VPPENDI.DBF" "XCORTE.DBF" /COPY:D /R:1 /W:1 /XO /NP /NFL /NDL /NJH /NJS
[2026-04-12 16:46:14] [DBG] Robocopy: robocopy "/srv/cliente2" "/srv/cliente2/quickbck/" "AJTFLU.DBF" "ASISTE.DBF" "CAJAS.DBF" "CANCFDI.DBF" "CANCFDI.FPT" "CANOTA.DBF" "CANOTA.DBT" "CANOTA.FPT" "CANOTAEX.DBF" "CARPORT.DBF" "CARPORT.FPT" "CASEMANA.DBF" "CATPROD3.DBF" "CAT_NEG.DBF" "CAT_PROD.DBF" "CCOTIZA.DBF" "CENTER.DBF" "CFDREL.DBF" "CG3_VAEN.DBF" "CG3_VAPA.DBF" "CLIENTE.DBF" "COBRANZA.DBF" "COMPRAS.DBF" "CONCXC.DBF" "CONVTODO.DBF" "CPEDIDO.DBF" "CPENDIE.DBF" "CPXCORTE.DBF" "CRMC_OBS.DBF" "CUENGAS.DBF" "CUNOTA.DBF" "DD_CONTROL.DBF" "DD_DATOS.DBF" "DESEMANA.DBF" "ES_COBRO.DBF" "EYSIENC.DBF" "EYSIPAR.DBF" "FACCFD.DBF" "FACCFD.FPT" "FLUJO01.DBF" "FLUJORES.DBF" "HISTORIA.DBF" "INVFSIC.DBF" "MASTER.DBF" "MINTINV.DBF" "MOVCXCD.DBF" "MOVSINV.DBF" "M_CONF.DBF" "NEGADOS.DBF" "NOESTA.DBF" "NOHAY.DBF" "N_CONF.DBF" "N_RESP.DBF" "N_RESP.DBT" "N_RESP_M.DBF" "N_RESP_M.DBT" "OBSDOCS.DBF" "PAGDOCS.DBF" "PAGMULT.DBF" "PAGSPEI.DBF" "PARAMS.DBF" "PARTCOMP.DBF" "PARTCOT.DBF" "PARVALES.DBF" "PARXCAR.DBF" "PAVACL.DBF" "PCOTIZA.DBF" "PEDIDO.DBF" "PEDIDO1.DBF" "PEDIDO2.DBF" "PPEDIDO.DBF" "PPENDIE.DBF" "RESP_PIN.DBF" "R_BBVA.DBF" "R_KUSHKI.DBF" "SERCFD2.DBF" "STOCK.DBF" "SUCURCTAI.DBF" "TABLA004.DBF" "TABLA005.DBF" "TERCAJAS.DBF" "TLSERVI.DBF" "USUARIOS.DBF" "VACLI.DBF" "VALES.DBF" "VALPEN.DBF" "VCPENDI.DBF" "VENDEDOR.DBF" "VENTA.DBF" "VENTA.DBT" "VENTA.FPT" "VENTAPP.DBF" "VPPENDI.DBF" "XCORTE.DBF" /COPY:D /R:1 /W:1 /XO /NP /NFL /NDL /NJH /NJS
[2026-04-12 16:46:14] [DBG] Iniciando ciclo de poll...
[2026-04-12 16:46:14] [DBG] Robocopy: robocopy "/srv/cliente1" "/srv/cliente1/quickbck/" "AJTFLU.DBF" "ASISTE.DBF" "CAJAS.DBF" "CANCFDI.DBF" "CANCFDI.FPT" "CANOTA.DBF" "CANOTA.DBT" "CANOTA.FPT" "CANOTAEX.DBF" "CARPORT.DBF" "CARPORT.FPT" "CASEMANA.DBF" "CATPROD3.DBF" "CAT_NEG.DBF" "CAT_PROD.DBF" "CCOTIZA.DBF" "CENTER.DBF" "CFDREL.DBF" "CG3_VAEN.DBF" "CG3_VAPA.DBF" "CLIENTE.DBF" "COBRANZA.DBF" "COMPRAS.DBF" "CONCXC.DBF" "CONVTODO.DBF" "CPEDIDO.DBF" "CPENDIE.DBF" "CPXCORTE.DBF" "CRMC_OBS.DBF" "CUENGAS.DBF" "CUNOTA.DBF" "DD_CONTROL.DBF" "DD_DATOS.DBF" "DESEMANA.DBF" "ES_COBRO.DBF" "EYSIENC.DBF" "EYSIPAR.DBF" "FACCFD.DBF" "FACCFD.FPT" "FLUJO01.DBF" "FLUJORES.DBF" "HISTORIA.DBF" "INVFSIC.DBF" "MASTER.DBF" "MINTINV.DBF" "MOVCXCD.DBF" "MOVSINV.DBF" "M_CONF.DBF" "NEGADOS.DBF" "NOESTA.DBF" "NOHAY.DBF" "N_CONF.DBF" "N_RESP.DBF" "N_RESP.DBT" "N_RESP_M.DBF" "N_RESP_M.DBT" "OBSDOCS.DBF" "PAGDOCS.DBF" "PAGMULT.DBF" "PAGSPEI.DBF" "PARAMS.DBF" "PARTCOMP.DBF" "PARTCOT.DBF" "PARVALES.DBF" "PARXCAR.DBF" "PAVACL.DBF" "PCOTIZA.DBF" "PEDIDO.DBF" "PEDIDO1.DBF" "PEDIDO2.DBF" "PPEDIDO.DBF" "PPENDIE.DBF" "RESP_PIN.DBF" "R_BBVA.DBF" "R_KUSHKI.DBF" "SERCFD2.DBF" "STOCK.DBF" "SUCURCTAI.DBF" "TABLA004.DBF" "TABLA005.DBF" "TERCAJAS.DBF" "TLSERVI.DBF" "USUARIOS.DBF" "VACLI.DBF" "VALES.DBF" "VALPEN.DBF" "VCPENDI.DBF" "VENDEDOR.DBF" "VENTA.DBF" "VENTA.DBT" "VENTA.FPT" "VENTAPP.DBF" "VPPENDI.DBF" "XCORTE.DBF" /COPY:D /R:1 /W:1 /XO /NP /NFL /NDL /NJH /NJS
[2026-04-12 16:46:14] [DBG] Robocopy: robocopy "/srv/cliente2" "/srv/cliente2/quickbck/" "AJTFLU.DBF" "ASISTE.DBF" "CAJAS.DBF" "CANCFDI.DBF" "CANCFDI.FPT" "CANOTA.DBF" "CANOTA.DBT" "CANOTA.FPT" "CANOTAEX.DBF" "CARPORT.DBF" "CARPORT.FPT" "CASEMANA.DBF" "CATPROD3.DBF" "CAT_NEG.DBF" "CAT_PROD.DBF" "CCOTIZA.DBF" "CENTER.DBF" "CFDREL.DBF" "CG3_VAEN.DBF" "CG3_VAPA.DBF" "CLIENTE.DBF" "COBRANZA.DBF" "COMPRAS.DBF" "CONCXC.DBF" "CONVTODO.DBF" "CPEDIDO.DBF" "CPENDIE.DBF" "CPXCORTE.DBF" "CRMC_OBS.DBF" "CUENGAS.DBF" "CUNOTA.DBF" "DD_CONTROL.DBF" "DD_DATOS.DBF" "DESEMANA.DBF" "ES_COBRO.DBF" "EYSIENC.DBF" "EYSIPAR.DBF" "FACCFD.DBF" "FACCFD.FPT" "FLUJO01.DBF" "FLUJORES.DBF" "HISTORIA.DBF" "INVFSIC.DBF" "MASTER.DBF" "MINTINV.DBF" "MOVCXCD.DBF" "MOVSINV.DBF" "M_CONF.DBF" "NEGADOS.DBF" "NOESTA.DBF" "NOHAY.DBF" "N_CONF.DBF" "N_RESP.DBF" "N_RESP.DBT" "N_RESP_M.DBF" "N_RESP_M.DBT" "OBSDOCS.DBF" "PAGDOCS.DBF" "PAGMULT.DBF" "PAGSPEI.DBF" "PARAMS.DBF" "PARTCOMP.DBF" "PARTCOT.DBF" "PARVALES.DBF" "PARXCAR.DBF" "PAVACL.DBF" "PCOTIZA.DBF" "PEDIDO.DBF" "PEDIDO1.DBF" "PEDIDO2.DBF" "PPEDIDO.DBF" "PPENDIE.DBF" "RESP_PIN.DBF" "R_BBVA.DBF" "R_KUSHKI.DBF" "SERCFD2.DBF" "STOCK.DBF" "SUCURCTAI.DBF" "TABLA004.DBF" "TABLA005.DBF" "TERCAJAS.DBF" "TLSERVI.DBF" "USUARIOS.DBF" "VACLI.DBF" "VALES.DBF" "VALPEN.DBF" "VCPENDI.DBF" "VENDEDOR.DBF" "VENTA.DBF" "VENTA.DBT" "VENTA.FPT" "VENTAPP.DBF" "VPPENDI.DBF" "XCORTE.DBF" /COPY:D /R:1 /W:1 /XO /NP /NFL /NDL /NJH /NJS
[2026-04-12 16:47:53] [INFO] AR - Agente de Respaldo v0.1.0
[2026-04-12 16:47:53] [INFO] Servidor: http://sync.servicios.care
[2026-04-12 16:47:53] [DBG] Directorio executable: .
[2026-04-12 16:47:53] [DBG] Config file not found: .\config.json
[2026-04-12 16:47:53] [DBG] Escaneando unidad: C:\
[2026-04-12 16:48:00] [INFO] Sucursal encontrada: roton en C:\pvsi
[2026-04-12 16:48:00] [INFO] Sucursal encontrada: muril en C:\pvsi2
[2026-04-12 16:48:01] [INFO] Sucursal encontrada: roton en C:\tmp\pvsi
[2026-04-12 16:48:01] [DBG] Scan C:\ completo: 3 sucursales
[2026-04-12 16:48:01] [DBG] Config saved to: .\config.json
[2026-04-12 16:48:01] [INFO] Configuración inicial completada. Saliendo...
[2026-04-12 16:48:11] [INFO] AR - Agente de Respaldo v0.1.0
[2026-04-12 16:48:11] [INFO] Servidor: http://sync.servicios.care
[2026-04-12 16:48:11] [DBG] Directorio executable: .
[2026-04-12 16:48:11] [DBG] Config loaded from: .\config.json
[2026-04-12 16:48:11] [INFO] Locations loaded from config: 3
[2026-04-12 16:48:11] [INFO] Sucursales configuradas: 3
[2026-04-12 16:48:11] [INFO]   [roton] C:\pvsi
[2026-04-12 16:48:11] [INFO]   [muril] C:\pvsi2
[2026-04-12 16:48:11] [INFO]   [roton] C:\tmp\pvsi
[2026-04-12 16:48:11] [INFO] Registrando 3 ubicaciones...
[2026-04-12 16:48:11] [DBG]   - roton en C:\pvsi
[2026-04-12 16:48:11] [INFO] [roton] fetchTimestamp resultado: 1776012489
[2026-04-12 16:48:11] [DBG] Register response: {"ok":true,"rbfid":"roton"}
[2026-04-12 16:48:11] [INFO] [roton] Registrado OK
[2026-04-12 16:48:11] [DBG]   - muril en C:\pvsi2
[2026-04-12 16:48:11] [INFO] [muril] fetchTimestamp resultado: 0
[2026-04-12 16:48:11] [DBG]   - roton en C:\tmp\pvsi
[2026-04-12 16:48:11] [INFO] [roton] fetchTimestamp resultado: 1776012489
[2026-04-12 16:48:12] [DBG] Register response: {"ok":true,"rbfid":"roton"}
[2026-04-12 16:48:12] [INFO] [roton] Registrado OK
[2026-04-12 16:48:12] [DBG] Config saved to: .\config.json
[2026-04-12 16:48:12] [INFO] Lista obtenida del servidor: 94 archivos (v726665cb)
[2026-04-12 16:48:12] [INFO] Full sync horario
[2026-04-12 16:48:12] [DBG] Lista sin cambios
[2026-04-12 16:48:12] [DBG] Robocopy: robocopy "C:\pvsi" "C:\pvsi\quickbck\" "AJTFLU.DBF" "ASISTE.DBF" "CAJAS.DBF" "CANCFDI.DBF" "CANCFDI.FPT" "CANOTA.DBF" "CANOTA.DBT" "CANOTA.FPT" "CANOTAEX.DBF" "CARPORT.DBF" "CARPORT.FPT" "CASEMANA.DBF" "CATPROD3.DBF" "CAT_NEG.DBF" "CAT_PROD.DBF" "CCOTIZA.DBF" "CENTER.DBF" "CFDREL.DBF" "CG3_VAEN.DBF" "CG3_VAPA.DBF" "CLIENTE.DBF" "COBRANZA.DBF" "COMPRAS.DBF" "CONCXC.DBF" "CONVTODO.DBF" "CPEDIDO.DBF" "CPENDIE.DBF" "CPXCORTE.DBF" "CRMC_OBS.DBF" "CUENGAS.DBF" "CUNOTA.DBF" "DD_CONTROL.DBF" "DD_DATOS.DBF" "DESEMANA.DBF" "ES_COBRO.DBF" "EYSIENC.DBF" "EYSIPAR.DBF" "FACCFD.DBF" "FACCFD.FPT" "FLUJO01.DBF" "FLUJORES.DBF" "HISTORIA.DBF" "INVFSIC.DBF" "MASTER.DBF" "MINTINV.DBF" "MOVCXCD.DBF" "MOVSINV.DBF" "M_CONF.DBF" "NEGADOS.DBF" "NOESTA.DBF" "NOHAY.DBF" "N_CONF.DBF" "N_RESP.DBF" "N_RESP.DBT" "N_RESP_M.DBF" "N_RESP_M.DBT" "OBSDOCS.DBF" "PAGDOCS.DBF" "PAGMULT.DBF" "PAGSPEI.DBF" "PARAMS.DBF" "PARTCOMP.DBF" "PARTCOT.DBF" "PARVALES.DBF" "PARXCAR.DBF" "PAVACL.DBF" "PCOTIZA.DBF" "PEDIDO.DBF" "PEDIDO1.DBF" "PEDIDO2.DBF" "PPEDIDO.DBF" "PPENDIE.DBF" "RESP_PIN.DBF" "R_BBVA.DBF" "R_KUSHKI.DBF" "SERCFD2.DBF" "STOCK.DBF" "SUCURCTAI.DBF" "TABLA004.DBF" "TABLA005.DBF" "TERCAJAS.DBF" "TLSERVI.DBF" "USUARIOS.DBF" "VACLI.DBF" "VALES.DBF" "VALPEN.DBF" "VCPENDI.DBF" "VENDEDOR.DBF" "VENTA.DBF" "VENTA.DBT" "VENTA.FPT" "VENTAPP.DBF" "VPPENDI.DBF" "XCORTE.DBF" /COPY:D /R:1 /W:1 /XO /NP /NFL /NDL /NJH /NJS
[2026-04-12 16:48:12] [DBG] Robocopy: robocopy "C:\pvsi2" "C:\pvsi2\quickbck\" "AJTFLU.DBF" "ASISTE.DBF" "CAJAS.DBF" "CANCFDI.DBF" "CANCFDI.FPT" "CANOTA.DBF" "CANOTA.DBT" "CANOTA.FPT" "CANOTAEX.DBF" "CARPORT.DBF" "CARPORT.FPT" "CASEMANA.DBF" "CATPROD3.DBF" "CAT_NEG.DBF" "CAT_PROD.DBF" "CCOTIZA.DBF" "CENTER.DBF" "CFDREL.DBF" "CG3_VAEN.DBF" "CG3_VAPA.DBF" "CLIENTE.DBF" "COBRANZA.DBF" "COMPRAS.DBF" "CONCXC.DBF" "CONVTODO.DBF" "CPEDIDO.DBF" "CPENDIE.DBF" "CPXCORTE.DBF" "CRMC_OBS.DBF" "CUENGAS.DBF" "CUNOTA.DBF" "DD_CONTROL.DBF" "DD_DATOS.DBF" "DESEMANA.DBF" "ES_COBRO.DBF" "EYSIENC.DBF" "EYSIPAR.DBF" "FACCFD.DBF" "FACCFD.FPT" "FLUJO01.DBF" "FLUJORES.DBF" "HISTORIA.DBF" "INVFSIC.DBF" "MASTER.DBF" "MINTINV.DBF" "MOVCXCD.DBF" "MOVSINV.DBF" "M_CONF.DBF" "NEGADOS.DBF" "NOESTA.DBF" "NOHAY.DBF" "N_CONF.DBF" "N_RESP.DBF" "N_RESP.DBT" "N_RESP_M.DBF" "N_RESP_M.DBT" "OBSDOCS.DBF" "PAGDOCS.DBF" "PAGMULT.DBF" "PAGSPEI.DBF" "PARAMS.DBF" "PARTCOMP.DBF" "PARTCOT.DBF" "PARVALES.DBF" "PARXCAR.DBF" "PAVACL.DBF" "PCOTIZA.DBF" "PEDIDO.DBF" "PEDIDO1.DBF" "PEDIDO2.DBF" "PPEDIDO.DBF" "PPENDIE.DBF" "RESP_PIN.DBF" "R_BBVA.DBF" "R_KUSHKI.DBF" "SERCFD2.DBF" "STOCK.DBF" "SUCURCTAI.DBF" "TABLA004.DBF" "TABLA005.DBF" "TERCAJAS.DBF" "TLSERVI.DBF" "USUARIOS.DBF" "VACLI.DBF" "VALES.DBF" "VALPEN.DBF" "VCPENDI.DBF" "VENDEDOR.DBF" "VENTA.DBF" "VENTA.DBT" "VENTA.FPT" "VENTAPP.DBF" "VPPENDI.DBF" "XCORTE.DBF" /COPY:D /R:1 /W:1 /XO /NP /NFL /NDL /NJH /NJS
[2026-04-12 16:48:12] [DBG] Robocopy: robocopy "C:\tmp\pvsi" "C:\tmp\pvsi\quickbck\" "AJTFLU.DBF" "ASISTE.DBF" "CAJAS.DBF" "CANCFDI.DBF" "CANCFDI.FPT" "CANOTA.DBF" "CANOTA.DBT" "CANOTA.FPT" "CANOTAEX.DBF" "CARPORT.DBF" "CARPORT.FPT" "CASEMANA.DBF" "CATPROD3.DBF" "CAT_NEG.DBF" "CAT_PROD.DBF" "CCOTIZA.DBF" "CENTER.DBF" "CFDREL.DBF" "CG3_VAEN.DBF" "CG3_VAPA.DBF" "CLIENTE.DBF" "COBRANZA.DBF" "COMPRAS.DBF" "CONCXC.DBF" "CONVTODO.DBF" "CPEDIDO.DBF" "CPENDIE.DBF" "CPXCORTE.DBF" "CRMC_OBS.DBF" "CUENGAS.DBF" "CUNOTA.DBF" "DD_CONTROL.DBF" "DD_DATOS.DBF" "DESEMANA.DBF" "ES_COBRO.DBF" "EYSIENC.DBF" "EYSIPAR.DBF" "FACCFD.DBF" "FACCFD.FPT" "FLUJO01.DBF" "FLUJORES.DBF" "HISTORIA.DBF" "INVFSIC.DBF" "MASTER.DBF" "MINTINV.DBF" "MOVCXCD.DBF" "MOVSINV.DBF" "M_CONF.DBF" "NEGADOS.DBF" "NOESTA.DBF" "NOHAY.DBF" "N_CONF.DBF" "N_RESP.DBF" "N_RESP.DBT" "N_RESP_M.DBF" "N_RESP_M.DBT" "OBSDOCS.DBF" "PAGDOCS.DBF" "PAGMULT.DBF" "PAGSPEI.DBF" "PARAMS.DBF" "PARTCOMP.DBF" "PARTCOT.DBF" "PARVALES.DBF" "PARXCAR.DBF" "PAVACL.DBF" "PCOTIZA.DBF" "PEDIDO.DBF" "PEDIDO1.DBF" "PEDIDO2.DBF" "PPEDIDO.DBF" "PPENDIE.DBF" "RESP_PIN.DBF" "R_BBVA.DBF" "R_KUSHKI.DBF" "SERCFD2.DBF" "STOCK.DBF" "SUCURCTAI.DBF" "TABLA004.DBF" "TABLA005.DBF" "TERCAJAS.DBF" "TLSERVI.DBF" "USUARIOS.DBF" "VACLI.DBF" "VALES.DBF" "VALPEN.DBF" "VCPENDI.DBF" "VENDEDOR.DBF" "VENTA.DBF" "VENTA.DBT" "VENTA.FPT" "VENTAPP.DBF" "VPPENDI.DBF" "XCORTE.DBF" /COPY:D /R:1 /W:1 /XO /NP /NFL /NDL /NJH /NJS
[2026-04-12 16:48:12] [DBG] Iniciando ciclo de poll...
[2026-04-12 16:48:12] [DBG] Robocopy: robocopy "C:\pvsi" "C:\pvsi\quickbck\" "AJTFLU.DBF" "ASISTE.DBF" "CAJAS.DBF" "CANCFDI.DBF" "CANCFDI.FPT" "CANOTA.DBF" "CANOTA.DBT" "CANOTA.FPT" "CANOTAEX.DBF" "CARPORT.DBF" "CARPORT.FPT" "CASEMANA.DBF" "CATPROD3.DBF" "CAT_NEG.DBF" "CAT_PROD.DBF" "CCOTIZA.DBF" "CENTER.DBF" "CFDREL.DBF" "CG3_VAEN.DBF" "CG3_VAPA.DBF" "CLIENTE.DBF" "COBRANZA.DBF" "COMPRAS.DBF" "CONCXC.DBF" "CONVTODO.DBF" "CPEDIDO.DBF" "CPENDIE.DBF" "CPXCORTE.DBF" "CRMC_OBS.DBF" "CUENGAS.DBF" "CUNOTA.DBF" "DD_CONTROL.DBF" "DD_DATOS.DBF" "DESEMANA.DBF" "ES_COBRO.DBF" "EYSIENC.DBF" "EYSIPAR.DBF" "FACCFD.DBF" "FACCFD.FPT" "FLUJO01.DBF" "FLUJORES.DBF" "HISTORIA.DBF" "INVFSIC.DBF" "MASTER.DBF" "MINTINV.DBF" "MOVCXCD.DBF" "MOVSINV.DBF" "M_CONF.DBF" "NEGADOS.DBF" "NOESTA.DBF" "NOHAY.DBF" "N_CONF.DBF" "N_RESP.DBF" "N_RESP.DBT" "N_RESP_M.DBF" "N_RESP_M.DBT" "OBSDOCS.DBF" "PAGDOCS.DBF" "PAGMULT.DBF" "PAGSPEI.DBF" "PARAMS.DBF" "PARTCOMP.DBF" "PARTCOT.DBF" "PARVALES.DBF" "PARXCAR.DBF" "PAVACL.DBF" "PCOTIZA.DBF" "PEDIDO.DBF" "PEDIDO1.DBF" "PEDIDO2.DBF" "PPEDIDO.DBF" "PPENDIE.DBF" "RESP_PIN.DBF" "R_BBVA.DBF" "R_KUSHKI.DBF" "SERCFD2.DBF" "STOCK.DBF" "SUCURCTAI.DBF" "TABLA004.DBF" "TABLA005.DBF" "TERCAJAS.DBF" "TLSERVI.DBF" "USUARIOS.DBF" "VACLI.DBF" "VALES.DBF" "VALPEN.DBF" "VCPENDI.DBF" "VENDEDOR.DBF" "VENTA.DBF" "VENTA.DBT" "VENTA.FPT" "VENTAPP.DBF" "VPPENDI.DBF" "XCORTE.DBF" /COPY:D /R:1 /W:1 /XO /NP /NFL /NDL /NJH /NJS
[2026-04-12 16:48:12] [DBG] Robocopy: robocopy "C:\pvsi2" "C:\pvsi2\quickbck\" "AJTFLU.DBF" "ASISTE.DBF" "CAJAS.DBF" "CANCFDI.DBF" "CANCFDI.FPT" "CANOTA.DBF" "CANOTA.DBT" "CANOTA.FPT" "CANOTAEX.DBF" "CARPORT.DBF" "CARPORT.FPT" "CASEMANA.DBF" "CATPROD3.DBF" "CAT_NEG.DBF" "CAT_PROD.DBF" "CCOTIZA.DBF" "CENTER.DBF" "CFDREL.DBF" "CG3_VAEN.DBF" "CG3_VAPA.DBF" "CLIENTE.DBF" "COBRANZA.DBF" "COMPRAS.DBF" "CONCXC.DBF" "CONVTODO.DBF" "CPEDIDO.DBF" "CPENDIE.DBF" "CPXCORTE.DBF" "CRMC_OBS.DBF" "CUENGAS.DBF" "CUNOTA.DBF" "DD_CONTROL.DBF" "DD_DATOS.DBF" "DESEMANA.DBF" "ES_COBRO.DBF" "EYSIENC.DBF" "EYSIPAR.DBF" "FACCFD.DBF" "FACCFD.FPT" "FLUJO01.DBF" "FLUJORES.DBF" "HISTORIA.DBF" "INVFSIC.DBF" "MASTER.DBF" "MINTINV.DBF" "MOVCXCD.DBF" "MOVSINV.DBF" "M_CONF.DBF" "NEGADOS.DBF" "NOESTA.DBF" "NOHAY.DBF" "N_CONF.DBF" "N_RESP.DBF" "N_RESP.DBT" "N_RESP_M.DBF" "N_RESP_M.DBT" "OBSDOCS.DBF" "PAGDOCS.DBF" "PAGMULT.DBF" "PAGSPEI.DBF" "PARAMS.DBF" "PARTCOMP.DBF" "PARTCOT.DBF" "PARVALES.DBF" "PARXCAR.DBF" "PAVACL.DBF" "PCOTIZA.DBF" "PEDIDO.DBF" "PEDIDO1.DBF" "PEDIDO2.DBF" "PPEDIDO.DBF" "PPENDIE.DBF" "RESP_PIN.DBF" "R_BBVA.DBF" "R_KUSHKI.DBF" "SERCFD2.DBF" "STOCK.DBF" "SUCURCTAI.DBF" "TABLA004.DBF" "TABLA005.DBF" "TERCAJAS.DBF" "TLSERVI.DBF" "USUARIOS.DBF" "VACLI.DBF" "VALES.DBF" "VALPEN.DBF" "VCPENDI.DBF" "VENDEDOR.DBF" "VENTA.DBF" "VENTA.DBT" "VENTA.FPT" "VENTAPP.DBF" "VPPENDI.DBF" "XCORTE.DBF" /COPY:D /R:1 /W:1 /XO /NP /NFL /NDL /NJH /NJS
[2026-04-12 16:48:12] [DBG] Robocopy: robocopy "C:\tmp\pvsi" "C:\tmp\pvsi\quickbck\" "AJTFLU.DBF" "ASISTE.DBF" "CAJAS.DBF" "CANCFDI.DBF" "CANCFDI.FPT" "CANOTA.DBF" "CANOTA.DBT" "CANOTA.FPT" "CANOTAEX.DBF" "CARPORT.DBF" "CARPORT.FPT" "CASEMANA.DBF" "CATPROD3.DBF" "CAT_NEG.DBF" "CAT_PROD.DBF" "CCOTIZA.DBF" "CENTER.DBF" "CFDREL.DBF" "CG3_VAEN.DBF" "CG3_VAPA.DBF" "CLIENTE.DBF" "COBRANZA.DBF" "COMPRAS.DBF" "CONCXC.DBF" "CONVTODO.DBF" "CPEDIDO.DBF" "CPENDIE.DBF" "CPXCORTE.DBF" "CRMC_OBS.DBF" "CUENGAS.DBF" "CUNOTA.DBF" "DD_CONTROL.DBF" "DD_DATOS.DBF" "DESEMANA.DBF" "ES_COBRO.DBF" "EYSIENC.DBF" "EYSIPAR.DBF" "FACCFD.DBF" "FACCFD.FPT" "FLUJO01.DBF" "FLUJORES.DBF" "HISTORIA.DBF" "INVFSIC.DBF" "MASTER.DBF" "MINTINV.DBF" "MOVCXCD.DBF" "MOVSINV.DBF" "M_CONF.DBF" "NEGADOS.DBF" "NOESTA.DBF" "NOHAY.DBF" "N_CONF.DBF" "N_RESP.DBF" "N_RESP.DBT" "N_RESP_M.DBF" "N_RESP_M.DBT" "OBSDOCS.DBF" "PAGDOCS.DBF" "PAGMULT.DBF" "PAGSPEI.DBF" "PARAMS.DBF" "PARTCOMP.DBF" "PARTCOT.DBF" "PARVALES.DBF" "PARXCAR.DBF" "PAVACL.DBF" "PCOTIZA.DBF" "PEDIDO.DBF" "PEDIDO1.DBF" "PEDIDO2.DBF" "PPEDIDO.DBF" "PPENDIE.DBF" "RESP_PIN.DBF" "R_BBVA.DBF" "R_KUSHKI.DBF" "SERCFD2.DBF" "STOCK.DBF" "SUCURCTAI.DBF" "TABLA004.DBF" "TABLA005.DBF" "TERCAJAS.DBF" "TLSERVI.DBF" "USUARIOS.DBF" "VACLI.DBF" "VALES.DBF" "VALPEN.DBF" "VCPENDI.DBF" "VENDEDOR.DBF" "VENTA.DBF" "VENTA.DBT" "VENTA.FPT" "VENTAPP.DBF" "VPPENDI.DBF" "XCORTE.DBF" /COPY:D /R:1 /W:1 /XO /NP /NFL /NDL /NJH /NJS
[2026-04-12 18:03:47] [INFO] AR - Agente de Respaldo v0.1.0
[2026-04-12 18:03:47] [INFO] Servidor: http://sync.servicios.care
[2026-04-12 18:03:47] [DBG] Directorio executable: .
[2026-04-12 18:03:47] [DBG] Config loaded from: .\config.json
[2026-04-12 18:03:47] [INFO] Locations loaded from config: 3
[2026-04-12 18:03:47] [INFO] Sucursales configuradas: 3
[2026-04-12 18:03:47] [INFO]   [roton] C:\pvsi
[2026-04-12 18:03:47] [INFO]   [muril] C:\pvsi2
[2026-04-12 18:03:47] [INFO]   [roton] C:\tmp\pvsi
[2026-04-12 18:03:47] [INFO] Registrando 3 ubicaciones...
[2026-04-12 18:03:47] [DBG]   - roton en C:\pvsi
[2026-04-12 18:03:47] [INFO] [roton] fetchTimestamp resultado: 1776017025
[2026-04-12 18:03:47] [DBG] Register response: {"ok":true,"rbfid":"roton"}
[2026-04-12 18:03:47] [INFO] [roton] Registrado OK
[2026-04-12 18:03:47] [DBG]   - muril en C:\pvsi2
[2026-04-12 18:03:47] [INFO] [muril] fetchTimestamp resultado: 0
[2026-04-12 18:03:47] [DBG]   - roton en C:\tmp\pvsi
[2026-04-12 18:03:47] [INFO] [roton] fetchTimestamp resultado: 1776017025
[2026-04-12 18:03:48] [DBG] Register response: {"ok":true,"rbfid":"roton"}
[2026-04-12 18:03:48] [INFO] [roton] Registrado OK
[2026-04-12 18:03:48] [INFO] Lista sin cambios (94 archivos)
[2026-04-12 18:03:48] [INFO] Full sync horario
[2026-04-12 18:03:48] [DBG] Lista sin cambios
[2026-04-12 18:03:48] [INFO] Ejecutando Robocopy: robocopy "C:\pvsi" "C:\pvsi\quickbck\" "AJTFLU.DBF" "ASISTE.DBF" "CAJAS.DBF" "CANCFDI.DBF" "CANCFDI.FPT" "CANOTA.DBF" "CANOTA.DBT" "CANOTA.FPT" "CANOTAEX.DBF" "CARPORT.DBF" "CARPORT.FPT" "CASEMANA.DBF" "CATPROD3.DBF" "CAT_NEG.DBF" "CAT_PROD.DBF" "CCOTIZA.DBF" "CENTER.DBF" "CFDREL.DBF" "CG3_VAEN.DBF" "CG3_VAPA.DBF" "CLIENTE.DBF" "COBRANZA.DBF" "COMPRAS.DBF" "CONCXC.DBF" "CONVTODO.DBF" "CPEDIDO.DBF" "CPENDIE.DBF" "CPXCORTE.DBF" "CRMC_OBS.DBF" "CUENGAS.DBF" "CUNOTA.DBF" "DD_CONTROL.DBF" "DD_DATOS.DBF" "DESEMANA.DBF" "ES_COBRO.DBF" "EYSIENC.DBF" "EYSIPAR.DBF" "FACCFD.DBF" "FACCFD.FPT" "FLUJO01.DBF" "FLUJORES.DBF" "HISTORIA.DBF" "INVFSIC.DBF" "MASTER.DBF" "MINTINV.DBF" "MOVCXCD.DBF" "MOVSINV.DBF" "M_CONF.DBF" "NEGADOS.DBF" "NOESTA.DBF" "NOHAY.DBF" "N_CONF.DBF" "N_RESP.DBF" "N_RESP.DBT" "N_RESP_M.DBF" "N_RESP_M.DBT" "OBSDOCS.DBF" "PAGDOCS.DBF" "PAGMULT.DBF" "PAGSPEI.DBF" "PARAMS.DBF" "PARTCOMP.DBF" "PARTCOT.DBF" "PARVALES.DBF" "PARXCAR.DBF" "PAVACL.DBF" "PCOTIZA.DBF" "PEDIDO.DBF" "PEDIDO1.DBF" "PEDIDO2.DBF" "PPEDIDO.DBF" "PPENDIE.DBF" "RESP_PIN.DBF" "R_BBVA.DBF" "R_KUSHKI.DBF" "SERCFD2.DBF" "STOCK.DBF" "SUCURCTAI.DBF" "TABLA004.DBF" "TABLA005.DBF" "TERCAJAS.DBF" "TLSERVI.DBF" "USUARIOS.DBF" "VACLI.DBF" "VALES.DBF" "VALPEN.DBF" "VCPENDI.DBF" "VENDEDOR.DBF" "VENTA.DBF" "VENTA.DBT" "VENTA.FPT" "VENTAPP.DBF" "VPPENDI.DBF" "XCORTE.DBF" /COPY:D /R:1 /W:1 /XO
[2026-04-12 18:03:48] [INFO] Ejecutando Robocopy: robocopy "C:\pvsi2" "C:\pvsi2\quickbck\" "AJTFLU.DBF" "ASISTE.DBF" "CAJAS.DBF" "CANCFDI.DBF" "CANCFDI.FPT" "CANOTA.DBF" "CANOTA.DBT" "CANOTA.FPT" "CANOTAEX.DBF" "CARPORT.DBF" "CARPORT.FPT" "CASEMANA.DBF" "CATPROD3.DBF" "CAT_NEG.DBF" "CAT_PROD.DBF" "CCOTIZA.DBF" "CENTER.DBF" "CFDREL.DBF" "CG3_VAEN.DBF" "CG3_VAPA.DBF" "CLIENTE.DBF" "COBRANZA.DBF" "COMPRAS.DBF" "CONCXC.DBF" "CONVTODO.DBF" "CPEDIDO.DBF" "CPENDIE.DBF" "CPXCORTE.DBF" "CRMC_OBS.DBF" "CUENGAS.DBF" "CUNOTA.DBF" "DD_CONTROL.DBF" "DD_DATOS.DBF" "DESEMANA.DBF" "ES_COBRO.DBF" "EYSIENC.DBF" "EYSIPAR.DBF" "FACCFD.DBF" "FACCFD.FPT" "FLUJO01.DBF" "FLUJORES.DBF" "HISTORIA.DBF" "INVFSIC.DBF" "MASTER.DBF" "MINTINV.DBF" "MOVCXCD.DBF" "MOVSINV.DBF" "M_CONF.DBF" "NEGADOS.DBF" "NOESTA.DBF" "NOHAY.DBF" "N_CONF.DBF" "N_RESP.DBF" "N_RESP.DBT" "N_RESP_M.DBF" "N_RESP_M.DBT" "OBSDOCS.DBF" "PAGDOCS.DBF" "PAGMULT.DBF" "PAGSPEI.DBF" "PARAMS.DBF" "PARTCOMP.DBF" "PARTCOT.DBF" "PARVALES.DBF" "PARXCAR.DBF" "PAVACL.DBF" "PCOTIZA.DBF" "PEDIDO.DBF" "PEDIDO1.DBF" "PEDIDO2.DBF" "PPEDIDO.DBF" "PPENDIE.DBF" "RESP_PIN.DBF" "R_BBVA.DBF" "R_KUSHKI.DBF" "SERCFD2.DBF" "STOCK.DBF" "SUCURCTAI.DBF" "TABLA004.DBF" "TABLA005.DBF" "TERCAJAS.DBF" "TLSERVI.DBF" "USUARIOS.DBF" "VACLI.DBF" "VALES.DBF" "VALPEN.DBF" "VCPENDI.DBF" "VENDEDOR.DBF" "VENTA.DBF" "VENTA.DBT" "VENTA.FPT" "VENTAPP.DBF" "VPPENDI.DBF" "XCORTE.DBF" /COPY:D /R:1 /W:1 /XO
[2026-04-12 18:03:48] [INFO] Ejecutando Robocopy: robocopy "C:\tmp\pvsi" "C:\tmp\pvsi\quickbck\" "AJTFLU.DBF" "ASISTE.DBF" "CAJAS.DBF" "CANCFDI.DBF" "CANCFDI.FPT" "CANOTA.DBF" "CANOTA.DBT" "CANOTA.FPT" "CANOTAEX.DBF" "CARPORT.DBF" "CARPORT.FPT" "CASEMANA.DBF" "CATPROD3.DBF" "CAT_NEG.DBF" "CAT_PROD.DBF" "CCOTIZA.DBF" "CENTER.DBF" "CFDREL.DBF" "CG3_VAEN.DBF" "CG3_VAPA.DBF" "CLIENTE.DBF" "COBRANZA.DBF" "COMPRAS.DBF" "CONCXC.DBF" "CONVTODO.DBF" "CPEDIDO.DBF" "CPENDIE.DBF" "CPXCORTE.DBF" "CRMC_OBS.DBF" "CUENGAS.DBF" "CUNOTA.DBF" "DD_CONTROL.DBF" "DD_DATOS.DBF" "DESEMANA.DBF" "ES_COBRO.DBF" "EYSIENC.DBF" "EYSIPAR.DBF" "FACCFD.DBF" "FACCFD.FPT" "FLUJO01.DBF" "FLUJORES.DBF" "HISTORIA.DBF" "INVFSIC.DBF" "MASTER.DBF" "MINTINV.DBF" "MOVCXCD.DBF" "MOVSINV.DBF" "M_CONF.DBF" "NEGADOS.DBF" "NOESTA.DBF" "NOHAY.DBF" "N_CONF.DBF" "N_RESP.DBF" "N_RESP.DBT" "N_RESP_M.DBF" "N_RESP_M.DBT" "OBSDOCS.DBF" "PAGDOCS.DBF" "PAGMULT.DBF" "PAGSPEI.DBF" "PARAMS.DBF" "PARTCOMP.DBF" "PARTCOT.DBF" "PARVALES.DBF" "PARXCAR.DBF" "PAVACL.DBF" "PCOTIZA.DBF" "PEDIDO.DBF" "PEDIDO1.DBF" "PEDIDO2.DBF" "PPEDIDO.DBF" "PPENDIE.DBF" "RESP_PIN.DBF" "R_BBVA.DBF" "R_KUSHKI.DBF" "SERCFD2.DBF" "STOCK.DBF" "SUCURCTAI.DBF" "TABLA004.DBF" "TABLA005.DBF" "TERCAJAS.DBF" "TLSERVI.DBF" "USUARIOS.DBF" "VACLI.DBF" "VALES.DBF" "VALPEN.DBF" "VCPENDI.DBF" "VENDEDOR.DBF" "VENTA.DBF" "VENTA.DBT" "VENTA.FPT" "VENTAPP.DBF" "VPPENDI.DBF" "XCORTE.DBF" /COPY:D /R:1 /W:1 /XO
[2026-04-12 18:03:48] [DBG] Iniciando ciclo de poll...
[2026-04-12 18:03:48] [INFO] Ejecutando Robocopy: robocopy "C:\pvsi" "C:\pvsi\quickbck\" "AJTFLU.DBF" "ASISTE.DBF" "CAJAS.DBF" "CANCFDI.DBF" "CANCFDI.FPT" "CANOTA.DBF" "CANOTA.DBT" "CANOTA.FPT" "CANOTAEX.DBF" "CARPORT.DBF" "CARPORT.FPT" "CASEMANA.DBF" "CATPROD3.DBF" "CAT_NEG.DBF" "CAT_PROD.DBF" "CCOTIZA.DBF" "CENTER.DBF" "CFDREL.DBF" "CG3_VAEN.DBF" "CG3_VAPA.DBF" "CLIENTE.DBF" "COBRANZA.DBF" "COMPRAS.DBF" "CONCXC.DBF" "CONVTODO.DBF" "CPEDIDO.DBF" "CPENDIE.DBF" "CPXCORTE.DBF" "CRMC_OBS.DBF" "CUENGAS.DBF" "CUNOTA.DBF" "DD_CONTROL.DBF" "DD_DATOS.DBF" "DESEMANA.DBF" "ES_COBRO.DBF" "EYSIENC.DBF" "EYSIPAR.DBF" "FACCFD.DBF" "FACCFD.FPT" "FLUJO01.DBF" "FLUJORES.DBF" "HISTORIA.DBF" "INVFSIC.DBF" "MASTER.DBF" "MINTINV.DBF" "MOVCXCD.DBF" "MOVSINV.DBF" "M_CONF.DBF" "NEGADOS.DBF" "NOESTA.DBF" "NOHAY.DBF" "N_CONF.DBF" "N_RESP.DBF" "N_RESP.DBT" "N_RESP_M.DBF" "N_RESP_M.DBT" "OBSDOCS.DBF" "PAGDOCS.DBF" "PAGMULT.DBF" "PAGSPEI.DBF" "PARAMS.DBF" "PARTCOMP.DBF" "PARTCOT.DBF" "PARVALES.DBF" "PARXCAR.DBF" "PAVACL.DBF" "PCOTIZA.DBF" "PEDIDO.DBF" "PEDIDO1.DBF" "PEDIDO2.DBF" "PPEDIDO.DBF" "PPENDIE.DBF" "RESP_PIN.DBF" "R_BBVA.DBF" "R_KUSHKI.DBF" "SERCFD2.DBF" "STOCK.DBF" "SUCURCTAI.DBF" "TABLA004.DBF" "TABLA005.DBF" "TERCAJAS.DBF" "TLSERVI.DBF" "USUARIOS.DBF" "VACLI.DBF" "VALES.DBF" "VALPEN.DBF" "VCPENDI.DBF" "VENDEDOR.DBF" "VENTA.DBF" "VENTA.DBT" "VENTA.FPT" "VENTAPP.DBF" "VPPENDI.DBF" "XCORTE.DBF" /COPY:D /R:1 /W:1 /XO
[2026-04-12 18:03:48] [INFO] Ejecutando Robocopy: robocopy "C:\pvsi2" "C:\pvsi2\quickbck\" "AJTFLU.DBF" "ASISTE.DBF" "CAJAS.DBF" "CANCFDI.DBF" "CANCFDI.FPT" "CANOTA.DBF" "CANOTA.DBT" "CANOTA.FPT" "CANOTAEX.DBF" "CARPORT.DBF" "CARPORT.FPT" "CASEMANA.DBF" "CATPROD3.DBF" "CAT_NEG.DBF" "CAT_PROD.DBF" "CCOTIZA.DBF" "CENTER.DBF" "CFDREL.DBF" "CG3_VAEN.DBF" "CG3_VAPA.DBF" "CLIENTE.DBF" "COBRANZA.DBF" "COMPRAS.DBF" "CONCXC.DBF" "CONVTODO.DBF" "CPEDIDO.DBF" "CPENDIE.DBF" "CPXCORTE.DBF" "CRMC_OBS.DBF" "CUENGAS.DBF" "CUNOTA.DBF" "DD_CONTROL.DBF" "DD_DATOS.DBF" "DESEMANA.DBF" "ES_COBRO.DBF" "EYSIENC.DBF" "EYSIPAR.DBF" "FACCFD.DBF" "FACCFD.FPT" "FLUJO01.DBF" "FLUJORES.DBF" "HISTORIA.DBF" "INVFSIC.DBF" "MASTER.DBF" "MINTINV.DBF" "MOVCXCD.DBF" "MOVSINV.DBF" "M_CONF.DBF" "NEGADOS.DBF" "NOESTA.DBF" "NOHAY.DBF" "N_CONF.DBF" "N_RESP.DBF" "N_RESP.DBT" "N_RESP_M.DBF" "N_RESP_M.DBT" "OBSDOCS.DBF" "PAGDOCS.DBF" "PAGMULT.DBF" "PAGSPEI.DBF" "PARAMS.DBF" "PARTCOMP.DBF" "PARTCOT.DBF" "PARVALES.DBF" "PARXCAR.DBF" "PAVACL.DBF" "PCOTIZA.DBF" "PEDIDO.DBF" "PEDIDO1.DBF" "PEDIDO2.DBF" "PPEDIDO.DBF" "PPENDIE.DBF" "RESP_PIN.DBF" "R_BBVA.DBF" "R_KUSHKI.DBF" "SERCFD2.DBF" "STOCK.DBF" "SUCURCTAI.DBF" "TABLA004.DBF" "TABLA005.DBF" "TERCAJAS.DBF" "TLSERVI.DBF" "USUARIOS.DBF" "VACLI.DBF" "VALES.DBF" "VALPEN.DBF" "VCPENDI.DBF" "VENDEDOR.DBF" "VENTA.DBF" "VENTA.DBT" "VENTA.FPT" "VENTAPP.DBF" "VPPENDI.DBF" "XCORTE.DBF" /COPY:D /R:1 /W:1 /XO
[2026-04-12 18:03:48] [INFO] Ejecutando Robocopy: robocopy "C:\tmp\pvsi" "C:\tmp\pvsi\quickbck\" "AJTFLU.DBF" "ASISTE.DBF" "CAJAS.DBF" "CANCFDI.DBF" "CANCFDI.FPT" "CANOTA.DBF" "CANOTA.DBT" "CANOTA.FPT" "CANOTAEX.DBF" "CARPORT.DBF" "CARPORT.FPT" "CASEMANA.DBF" "CATPROD3.DBF" "CAT_NEG.DBF" "CAT_PROD.DBF" "CCOTIZA.DBF" "CENTER.DBF" "CFDREL.DBF" "CG3_VAEN.DBF" "CG3_VAPA.DBF" "CLIENTE.DBF" "COBRANZA.DBF" "COMPRAS.DBF" "CONCXC.DBF" "CONVTODO.DBF" "CPEDIDO.DBF" "CPENDIE.DBF" "CPXCORTE.DBF" "CRMC_OBS.DBF" "CUENGAS.DBF" "CUNOTA.DBF" "DD_CONTROL.DBF" "DD_DATOS.DBF" "DESEMANA.DBF" "ES_COBRO.DBF" "EYSIENC.DBF" "EYSIPAR.DBF" "FACCFD.DBF" "FACCFD.FPT" "FLUJO01.DBF" "FLUJORES.DBF" "HISTORIA.DBF" "INVFSIC.DBF" "MASTER.DBF" "MINTINV.DBF" "MOVCXCD.DBF" "MOVSINV.DBF" "M_CONF.DBF" "NEGADOS.DBF" "NOESTA.DBF" "NOHAY.DBF" "N_CONF.DBF" "N_RESP.DBF" "N_RESP.DBT" "N_RESP_M.DBF" "N_RESP_M.DBT" "OBSDOCS.DBF" "PAGDOCS.DBF" "PAGMULT.DBF" "PAGSPEI.DBF" "PARAMS.DBF" "PARTCOMP.DBF" "PARTCOT.DBF" "PARVALES.DBF" "PARXCAR.DBF" "PAVACL.DBF" "PCOTIZA.DBF" "PEDIDO.DBF" "PEDIDO1.DBF" "PEDIDO2.DBF" "PPEDIDO.DBF" "PPENDIE.DBF" "RESP_PIN.DBF" "R_BBVA.DBF" "R_KUSHKI.DBF" "SERCFD2.DBF" "STOCK.DBF" "SUCURCTAI.DBF" "TABLA004.DBF" "TABLA005.DBF" "TERCAJAS.DBF" "TLSERVI.DBF" "USUARIOS.DBF" "VACLI.DBF" "VALES.DBF" "VALPEN.DBF" "VCPENDI.DBF" "VENDEDOR.DBF" "VENTA.DBF" "VENTA.DBT" "VENTA.FPT" "VENTAPP.DBF" "VPPENDI.DBF" "XCORTE.DBF" /COPY:D /R:1 /W:1 /XO
[2026-04-12 18:26:53] [INFO] AR - Agente de Respaldo v0.1.0
[2026-04-12 18:26:53] [INFO] Servidor: http://sync.servicios.care
[2026-04-12 18:26:53] [DBG] Directorio executable: .
[2026-04-12 18:26:53] [DBG] Config file not found: .\config.json
[2026-04-12 18:26:53] [DBG] Escaneando unidad: C:\
[2026-04-12 18:26:54] [INFO] Sucursal encontrada: roton en C:\pvsi
[2026-04-12 18:26:54] [INFO] Sucursal encontrada: muril en C:\pvsi2
[2026-04-12 18:26:54] [INFO] Sucursal encontrada: roton en C:\tmp\pvsi
[2026-04-12 18:26:54] [DBG] Scan C:\ completo: 3 sucursales
[2026-04-12 18:26:54] [DBG] Config saved to: .\config.json
[2026-04-12 18:26:54] [INFO] Sucursales configuradas: 2
[2026-04-12 18:26:54] [INFO]   [roton] C:\pvsi
[2026-04-12 18:26:54] [INFO]   [muril] C:\pvsi2
[2026-04-12 18:26:54] [INFO] Sucursales configuradas: 2
[2026-04-12 18:26:54] [INFO]   [roton] C:\pvsi
[2026-04-12 18:26:54] [INFO]   [muril] C:\pvsi2
[2026-04-12 18:26:54] [INFO] Registrando 2 ubicaciones...
[2026-04-12 18:26:54] [DBG]   - roton en C:\pvsi
[2026-04-12 18:26:54] [INFO] [roton] fetchTimestamp resultado: 1776018412
[2026-04-12 18:26:54] [DBG] Register response: {"ok":true,"rbfid":"roton"}
[2026-04-12 18:26:54] [INFO] [roton] Registrado OK
[2026-04-12 18:26:54] [DBG]   - muril en C:\pvsi2
[2026-04-12 18:26:54] [INFO] [muril] fetchTimestamp resultado: 0
[2026-04-12 18:26:54] [DBG] Config saved to: .\config.json
[2026-04-12 18:26:54] [INFO] Lista obtenida del servidor: 94 archivos (v726665cb)
[2026-04-12 18:26:54] [INFO] Full sync horario
[2026-04-12 18:26:55] [DBG] Lista sin cambios
[2026-04-12 18:26:55] [INFO] Ejecutando Robocopy: robocopy "C:\pvsi" "C:\pvsi\quickbck\" "AJTFLU.DBF" "ASISTE.DBF" "CAJAS.DBF" "CANCFDI.DBF" "CANCFDI.FPT" "CANOTA.DBF" "CANOTA.DBT" "CANOTA.FPT" "CANOTAEX.DBF" "CARPORT.DBF" "CARPORT.FPT" "CASEMANA.DBF" "CATPROD3.DBF" "CAT_NEG.DBF" "CAT_PROD.DBF" "CCOTIZA.DBF" "CENTER.DBF" "CFDREL.DBF" "CG3_VAEN.DBF" "CG3_VAPA.DBF" "CLIENTE.DBF" "COBRANZA.DBF" "COMPRAS.DBF" "CONCXC.DBF" "CONVTODO.DBF" "CPEDIDO.DBF" "CPENDIE.DBF" "CPXCORTE.DBF" "CRMC_OBS.DBF" "CUENGAS.DBF" "CUNOTA.DBF" "DD_CONTROL.DBF" "DD_DATOS.DBF" "DESEMANA.DBF" "ES_COBRO.DBF" "EYSIENC.DBF" "EYSIPAR.DBF" "FACCFD.DBF" "FACCFD.FPT" "FLUJO01.DBF" "FLUJORES.DBF" "HISTORIA.DBF" "INVFSIC.DBF" "MASTER.DBF" "MINTINV.DBF" "MOVCXCD.DBF" "MOVSINV.DBF" "M_CONF.DBF" "NEGADOS.DBF" "NOESTA.DBF" "NOHAY.DBF" "N_CONF.DBF" "N_RESP.DBF" "N_RESP.DBT" "N_RESP_M.DBF" "N_RESP_M.DBT" "OBSDOCS.DBF" "PAGDOCS.DBF" "PAGMULT.DBF" "PAGSPEI.DBF" "PARAMS.DBF" "PARTCOMP.DBF" "PARTCOT.DBF" "PARVALES.DBF" "PARXCAR.DBF" "PAVACL.DBF" "PCOTIZA.DBF" "PEDIDO.DBF" "PEDIDO1.DBF" "PEDIDO2.DBF" "PPEDIDO.DBF" "PPENDIE.DBF" "RESP_PIN.DBF" "R_BBVA.DBF" "R_KUSHKI.DBF" "SERCFD2.DBF" "STOCK.DBF" "SUCURCTAI.DBF" "TABLA004.DBF" "TABLA005.DBF" "TERCAJAS.DBF" "TLSERVI.DBF" "USUARIOS.DBF" "VACLI.DBF" "VALES.DBF" "VALPEN.DBF" "VCPENDI.DBF" "VENDEDOR.DBF" "VENTA.DBF" "VENTA.DBT" "VENTA.FPT" "VENTAPP.DBF" "VPPENDI.DBF" "XCORTE.DBF" /COPY:D /R:1 /W:1 /XO
[2026-04-12 18:26:55] [INFO] Ejecutando Robocopy: robocopy "C:\pvsi2" "C:\pvsi2\quickbck\" "AJTFLU.DBF" "ASISTE.DBF" "CAJAS.DBF" "CANCFDI.DBF" "CANCFDI.FPT" "CANOTA.DBF" "CANOTA.DBT" "CANOTA.FPT" "CANOTAEX.DBF" "CARPORT.DBF" "CARPORT.FPT" "CASEMANA.DBF" "CATPROD3.DBF" "CAT_NEG.DBF" "CAT_PROD.DBF" "CCOTIZA.DBF" "CENTER.DBF" "CFDREL.DBF" "CG3_VAEN.DBF" "CG3_VAPA.DBF" "CLIENTE.DBF" "COBRANZA.DBF" "COMPRAS.DBF" "CONCXC.DBF" "CONVTODO.DBF" "CPEDIDO.DBF" "CPENDIE.DBF" "CPXCORTE.DBF" "CRMC_OBS.DBF" "CUENGAS.DBF" "CUNOTA.DBF" "DD_CONTROL.DBF" "DD_DATOS.DBF" "DESEMANA.DBF" "ES_COBRO.DBF" "EYSIENC.DBF" "EYSIPAR.DBF" "FACCFD.DBF" "FACCFD.FPT" "FLUJO01.DBF" "FLUJORES.DBF" "HISTORIA.DBF" "INVFSIC.DBF" "MASTER.DBF" "MINTINV.DBF" "MOVCXCD.DBF" "MOVSINV.DBF" "M_CONF.DBF" "NEGADOS.DBF" "NOESTA.DBF" "NOHAY.DBF" "N_CONF.DBF" "N_RESP.DBF" "N_RESP.DBT" "N_RESP_M.DBF" "N_RESP_M.DBT" "OBSDOCS.DBF" "PAGDOCS.DBF" "PAGMULT.DBF" "PAGSPEI.DBF" "PARAMS.DBF" "PARTCOMP.DBF" "PARTCOT.DBF" "PARVALES.DBF" "PARXCAR.DBF" "PAVACL.DBF" "PCOTIZA.DBF" "PEDIDO.DBF" "PEDIDO1.DBF" "PEDIDO2.DBF" "PPEDIDO.DBF" "PPENDIE.DBF" "RESP_PIN.DBF" "R_BBVA.DBF" "R_KUSHKI.DBF" "SERCFD2.DBF" "STOCK.DBF" "SUCURCTAI.DBF" "TABLA004.DBF" "TABLA005.DBF" "TERCAJAS.DBF" "TLSERVI.DBF" "USUARIOS.DBF" "VACLI.DBF" "VALES.DBF" "VALPEN.DBF" "VCPENDI.DBF" "VENDEDOR.DBF" "VENTA.DBF" "VENTA.DBT" "VENTA.FPT" "VENTAPP.DBF" "VPPENDI.DBF" "XCORTE.DBF" /COPY:D /R:1 /W:1 /XO
[2026-04-12 18:26:55] [DBG] Iniciando ciclo de poll...
[2026-04-12 18:26:55] [INFO] Ejecutando Robocopy: robocopy "C:\pvsi" "C:\pvsi\quickbck\" "AJTFLU.DBF" "ASISTE.DBF" "CAJAS.DBF" "CANCFDI.DBF" "CANCFDI.FPT" "CANOTA.DBF" "CANOTA.DBT" "CANOTA.FPT" "CANOTAEX.DBF" "CARPORT.DBF" "CARPORT.FPT" "CASEMANA.DBF" "CATPROD3.DBF" "CAT_NEG.DBF" "CAT_PROD.DBF" "CCOTIZA.DBF" "CENTER.DBF" "CFDREL.DBF" "CG3_VAEN.DBF" "CG3_VAPA.DBF" "CLIENTE.DBF" "COBRANZA.DBF" "COMPRAS.DBF" "CONCXC.DBF" "CONVTODO.DBF" "CPEDIDO.DBF" "CPENDIE.DBF" "CPXCORTE.DBF" "CRMC_OBS.DBF" "CUENGAS.DBF" "CUNOTA.DBF" "DD_CONTROL.DBF" "DD_DATOS.DBF" "DESEMANA.DBF" "ES_COBRO.DBF" "EYSIENC.DBF" "EYSIPAR.DBF" "FACCFD.DBF" "FACCFD.FPT" "FLUJO01.DBF" "FLUJORES.DBF" "HISTORIA.DBF" "INVFSIC.DBF" "MASTER.DBF" "MINTINV.DBF" "MOVCXCD.DBF" "MOVSINV.DBF" "M_CONF.DBF" "NEGADOS.DBF" "NOESTA.DBF" "NOHAY.DBF" "N_CONF.DBF" "N_RESP.DBF" "N_RESP.DBT" "N_RESP_M.DBF" "N_RESP_M.DBT" "OBSDOCS.DBF" "PAGDOCS.DBF" "PAGMULT.DBF" "PAGSPEI.DBF" "PARAMS.DBF" "PARTCOMP.DBF" "PARTCOT.DBF" "PARVALES.DBF" "PARXCAR.DBF" "PAVACL.DBF" "PCOTIZA.DBF" "PEDIDO.DBF" "PEDIDO1.DBF" "PEDIDO2.DBF" "PPEDIDO.DBF" "PPENDIE.DBF" "RESP_PIN.DBF" "R_BBVA.DBF" "R_KUSHKI.DBF" "SERCFD2.DBF" "STOCK.DBF" "SUCURCTAI.DBF" "TABLA004.DBF" "TABLA005.DBF" "TERCAJAS.DBF" "TLSERVI.DBF" "USUARIOS.DBF" "VACLI.DBF" "VALES.DBF" "VALPEN.DBF" "VCPENDI.DBF" "VENDEDOR.DBF" "VENTA.DBF" "VENTA.DBT" "VENTA.FPT" "VENTAPP.DBF" "VPPENDI.DBF" "XCORTE.DBF" /COPY:D /R:1 /W:1 /XO
[2026-04-12 18:26:55] [INFO] Ejecutando Robocopy: robocopy "C:\pvsi2" "C:\pvsi2\quickbck\" "AJTFLU.DBF" "ASISTE.DBF" "CAJAS.DBF" "CANCFDI.DBF" "CANCFDI.FPT" "CANOTA.DBF" "CANOTA.DBT" "CANOTA.FPT" "CANOTAEX.DBF" "CARPORT.DBF" "CARPORT.FPT" "CASEMANA.DBF" "CATPROD3.DBF" "CAT_NEG.DBF" "CAT_PROD.DBF" "CCOTIZA.DBF" "CENTER.DBF" "CFDREL.DBF" "CG3_VAEN.DBF" "CG3_VAPA.DBF" "CLIENTE.DBF" "COBRANZA.DBF" "COMPRAS.DBF" "CONCXC.DBF" "CONVTODO.DBF" "CPEDIDO.DBF" "CPENDIE.DBF" "CPXCORTE.DBF" "CRMC_OBS.DBF" "CUENGAS.DBF" "CUNOTA.DBF" "DD_CONTROL.DBF" "DD_DATOS.DBF" "DESEMANA.DBF" "ES_COBRO.DBF" "EYSIENC.DBF" "EYSIPAR.DBF" "FACCFD.DBF" "FACCFD.FPT" "FLUJO01.DBF" "FLUJORES.DBF" "HISTORIA.DBF" "INVFSIC.DBF" "MASTER.DBF" "MINTINV.DBF" "MOVCXCD.DBF" "MOVSINV.DBF" "M_CONF.DBF" "NEGADOS.DBF" "NOESTA.DBF" "NOHAY.DBF" "N_CONF.DBF" "N_RESP.DBF" "N_RESP.DBT" "N_RESP_M.DBF" "N_RESP_M.DBT" "OBSDOCS.DBF" "PAGDOCS.DBF" "PAGMULT.DBF" "PAGSPEI.DBF" "PARAMS.DBF" "PARTCOMP.DBF" "PARTCOT.DBF" "PARVALES.DBF" "PARXCAR.DBF" "PAVACL.DBF" "PCOTIZA.DBF" "PEDIDO.DBF" "PEDIDO1.DBF" "PEDIDO2.DBF" "PPEDIDO.DBF" "PPENDIE.DBF" "RESP_PIN.DBF" "R_BBVA.DBF" "R_KUSHKI.DBF" "SERCFD2.DBF" "STOCK.DBF" "SUCURCTAI.DBF" "TABLA004.DBF" "TABLA005.DBF" "TERCAJAS.DBF" "TLSERVI.DBF" "USUARIOS.DBF" "VACLI.DBF" "VALES.DBF" "VALPEN.DBF" "VCPENDI.DBF" "VENDEDOR.DBF" "VENTA.DBF" "VENTA.DBT" "VENTA.FPT" "VENTAPP.DBF" "VPPENDI.DBF" "XCORTE.DBF" /COPY:D /R:1 /W:1 /XO
[2026-04-12 18:49:13] [INFO] AR - Agente de Respaldo v0.1.0
[2026-04-12 18:49:13] [INFO] Servidor: http://sync.servicios.care
[2026-04-12 18:49:13] [DBG] Directorio executable: .
[2026-04-12 18:49:13] [DBG] Config file not found: .\config.json
[2026-04-12 18:49:13] [DBG] Escaneando unidad: C:\
[2026-04-12 18:49:13] [INFO] Sucursal encontrada: roton en C:\pvsi
[2026-04-12 18:49:13] [INFO] Sucursal encontrada: muril en C:\pvsi2
[2026-04-12 18:49:13] [INFO] Sucursal encontrada: roton en C:\tmp\pvsi
[2026-04-12 18:49:13] [DBG] Scan C:\ completo: 3 sucursales
[2026-04-12 18:49:13] [DBG] Config saved to: .\config.json
[2026-04-12 18:49:13] [INFO] Sucursales configuradas: 2
[2026-04-12 18:49:13] [INFO]   [roton] C:\pvsi
[2026-04-12 18:49:13] [INFO]   [muril] C:\pvsi2
[2026-04-12 18:49:13] [INFO] Sucursales configuradas: 2
[2026-04-12 18:49:13] [INFO]   [roton] C:\pvsi
[2026-04-12 18:49:13] [INFO]   [muril] C:\pvsi2
[2026-04-12 18:49:13] [INFO] Registrando 2 ubicaciones...
[2026-04-12 18:49:13] [DBG]   - roton en C:\pvsi
[2026-04-12 18:49:14] [INFO] [roton] fetchTimestamp resultado: 1776019752
[2026-04-12 18:49:14] [DBG] Register response: {"ok":true,"rbfid":"roton"}
[2026-04-12 18:49:14] [INFO] [roton] Registrado OK
[2026-04-12 18:49:14] [DBG]   - muril en C:\pvsi2
[2026-04-12 18:49:14] [INFO] [muril] fetchTimestamp resultado: 0
[2026-04-12 18:49:23] [INFO] AR - Agente de Respaldo v0.1.0
[2026-04-12 18:49:23] [INFO] Servidor: http://sync.servicios.care
[2026-04-12 18:49:23] [DBG] Directorio executable: .
[2026-04-12 18:49:23] [DBG] Config file not found: .\config.json
[2026-04-12 18:49:23] [DBG] Escaneando unidad: C:\
[2026-04-12 18:49:24] [INFO] Sucursal encontrada: roton en C:\pvsi
[2026-04-12 18:49:24] [INFO] Sucursal encontrada: muril en C:\pvsi2
[2026-04-12 18:49:24] [INFO] Sucursal encontrada: roton en C:\tmp\pvsi
[2026-04-12 18:49:24] [DBG] Scan C:\ completo: 3 sucursales
[2026-04-12 18:49:24] [DBG] Config saved to: .\config.json
[2026-04-12 18:49:24] [INFO] Sucursales configuradas: 2
[2026-04-12 18:49:24] [INFO]   [roton] C:\pvsi
[2026-04-12 18:49:24] [INFO]   [muril] C:\pvsi2
[2026-04-12 18:49:24] [INFO] Sucursales configuradas: 2
[2026-04-12 18:49:24] [INFO]   [roton] C:\pvsi
[2026-04-12 18:49:24] [INFO]   [muril] C:\pvsi2
[2026-04-12 18:49:24] [INFO] Registrando 2 ubicaciones...
[2026-04-12 18:49:24] [DBG]   - roton en C:\pvsi
[2026-04-12 18:49:24] [INFO] [roton] fetchTimestamp resultado: 1776019762
[2026-04-12 18:49:24] [DBG] Register response: {"ok":true,"rbfid":"roton"}
[2026-04-12 18:49:24] [INFO] [roton] Registrado OK
[2026-04-12 18:49:24] [DBG]   - muril en C:\pvsi2
[2026-04-12 18:49:24] [INFO] [muril] fetchTimestamp resultado: 0
[2026-04-12 18:49:25] [DBG] Config saved to: .\config.json
[2026-04-12 18:49:25] [INFO] Lista obtenida del servidor: 94 archivos (v726665cb)
[2026-04-12 18:49:25] [INFO] Full sync horario
[2026-04-12 18:49:25] [DBG] Lista sin cambios
[2026-04-12 18:49:25] [INFO] Ejecutando Robocopy: robocopy "C:\pvsi" "C:\pvsi\quickbck\" "AJTFLU.DBF" "ASISTE.DBF" "CAJAS.DBF" "CANCFDI.DBF" "CANCFDI.FPT" "CANOTA.DBF" "CANOTA.DBT" "CANOTA.FPT" "CANOTAEX.DBF" "CARPORT.DBF" "CARPORT.FPT" "CASEMANA.DBF" "CATPROD3.DBF" "CAT_NEG.DBF" "CAT_PROD.DBF" "CCOTIZA.DBF" "CENTER.DBF" "CFDREL.DBF" "CG3_VAEN.DBF" "CG3_VAPA.DBF" "CLIENTE.DBF" "COBRANZA.DBF" "COMPRAS.DBF" "CONCXC.DBF" "CONVTODO.DBF" "CPEDIDO.DBF" "CPENDIE.DBF" "CPXCORTE.DBF" "CRMC_OBS.DBF" "CUENGAS.DBF" "CUNOTA.DBF" "DD_CONTROL.DBF" "DD_DATOS.DBF" "DESEMANA.DBF" "ES_COBRO.DBF" "EYSIENC.DBF" "EYSIPAR.DBF" "FACCFD.DBF" "FACCFD.FPT" "FLUJO01.DBF" "FLUJORES.DBF" "HISTORIA.DBF" "INVFSIC.DBF" "MASTER.DBF" "MINTINV.DBF" "MOVCXCD.DBF" "MOVSINV.DBF" "M_CONF.DBF" "NEGADOS.DBF" "NOESTA.DBF" "NOHAY.DBF" "N_CONF.DBF" "N_RESP.DBF" "N_RESP.DBT" "N_RESP_M.DBF" "N_RESP_M.DBT" "OBSDOCS.DBF" "PAGDOCS.DBF" "PAGMULT.DBF" "PAGSPEI.DBF" "PARAMS.DBF" "PARTCOMP.DBF" "PARTCOT.DBF" "PARVALES.DBF" "PARXCAR.DBF" "PAVACL.DBF" "PCOTIZA.DBF" "PEDIDO.DBF" "PEDIDO1.DBF" "PEDIDO2.DBF" "PPEDIDO.DBF" "PPENDIE.DBF" "RESP_PIN.DBF" "R_BBVA.DBF" "R_KUSHKI.DBF" "SERCFD2.DBF" "STOCK.DBF" "SUCURCTAI.DBF" "TABLA004.DBF" "TABLA005.DBF" "TERCAJAS.DBF" "TLSERVI.DBF" "USUARIOS.DBF" "VACLI.DBF" "VALES.DBF" "VALPEN.DBF" "VCPENDI.DBF" "VENDEDOR.DBF" "VENTA.DBF" "VENTA.DBT" "VENTA.FPT" "VENTAPP.DBF" "VPPENDI.DBF" "XCORTE.DBF" /COPY:D /R:1 /W:1 /XO
[2026-04-12 18:49:25] [DBG] Iniciando sync de archivo: STOCK.DBF
[2026-04-12 18:49:25] [INFO] Cambio detectado en full check: STOCK.DBF
[2026-04-12 18:49:25] [DBG] HTTP error: 500
[2026-04-12 18:49:25] [INFO] STOCK.DBF — sin cambios, servidor ya tiene la version actual
[2026-04-12 18:49:25] [DBG] Iniciando sync de archivo: VALES.DBF
[2026-04-12 18:49:25] [INFO] Cambio detectado en full check: VALES.DBF
[2026-04-12 18:49:26] [DBG] HTTP error: 500
[2026-04-12 18:49:26] [INFO] VALES.DBF — sin cambios, servidor ya tiene la version actual
[2026-04-12 18:49:26] [DBG] Iniciando sync de archivo: VENTA.DBF
[2026-04-12 18:49:26] [INFO] Cambio detectado en full check: VENTA.DBF
[2026-04-12 18:49:26] [DBG] HTTP error: 500
[2026-04-12 18:49:26] [INFO] VENTA.DBF — sin cambios, servidor ya tiene la version actual
[2026-04-12 18:49:26] [INFO] Ejecutando Robocopy: robocopy "C:\pvsi2" "C:\pvsi2\quickbck\" "AJTFLU.DBF" "ASISTE.DBF" "CAJAS.DBF" "CANCFDI.DBF" "CANCFDI.FPT" "CANOTA.DBF" "CANOTA.DBT" "CANOTA.FPT" "CANOTAEX.DBF" "CARPORT.DBF" "CARPORT.FPT" "CASEMANA.DBF" "CATPROD3.DBF" "CAT_NEG.DBF" "CAT_PROD.DBF" "CCOTIZA.DBF" "CENTER.DBF" "CFDREL.DBF" "CG3_VAEN.DBF" "CG3_VAPA.DBF" "CLIENTE.DBF" "COBRANZA.DBF" "COMPRAS.DBF" "CONCXC.DBF" "CONVTODO.DBF" "CPEDIDO.DBF" "CPENDIE.DBF" "CPXCORTE.DBF" "CRMC_OBS.DBF" "CUENGAS.DBF" "CUNOTA.DBF" "DD_CONTROL.DBF" "DD_DATOS.DBF" "DESEMANA.DBF" "ES_COBRO.DBF" "EYSIENC.DBF" "EYSIPAR.DBF" "FACCFD.DBF" "FACCFD.FPT" "FLUJO01.DBF" "FLUJORES.DBF" "HISTORIA.DBF" "INVFSIC.DBF" "MASTER.DBF" "MINTINV.DBF" "MOVCXCD.DBF" "MOVSINV.DBF" "M_CONF.DBF" "NEGADOS.DBF" "NOESTA.DBF" "NOHAY.DBF" "N_CONF.DBF" "N_RESP.DBF" "N_RESP.DBT" "N_RESP_M.DBF" "N_RESP_M.DBT" "OBSDOCS.DBF" "PAGDOCS.DBF" "PAGMULT.DBF" "PAGSPEI.DBF" "PARAMS.DBF" "PARTCOMP.DBF" "PARTCOT.DBF" "PARVALES.DBF" "PARXCAR.DBF" "PAVACL.DBF" "PCOTIZA.DBF" "PEDIDO.DBF" "PEDIDO1.DBF" "PEDIDO2.DBF" "PPEDIDO.DBF" "PPENDIE.DBF" "RESP_PIN.DBF" "R_BBVA.DBF" "R_KUSHKI.DBF" "SERCFD2.DBF" "STOCK.DBF" "SUCURCTAI.DBF" "TABLA004.DBF" "TABLA005.DBF" "TERCAJAS.DBF" "TLSERVI.DBF" "USUARIOS.DBF" "VACLI.DBF" "VALES.DBF" "VALPEN.DBF" "VCPENDI.DBF" "VENDEDOR.DBF" "VENTA.DBF" "VENTA.DBT" "VENTA.FPT" "VENTAPP.DBF" "VPPENDI.DBF" "XCORTE.DBF" /COPY:D /R:1 /W:1 /XO
[2026-04-12 18:49:26] [DBG] Iniciando ciclo de poll...
[2026-04-12 18:49:26] [INFO] Ejecutando Robocopy: robocopy "C:\pvsi" "C:\pvsi\quickbck\" "AJTFLU.DBF" "ASISTE.DBF" "CAJAS.DBF" "CANCFDI.DBF" "CANCFDI.FPT" "CANOTA.DBF" "CANOTA.DBT" "CANOTA.FPT" "CANOTAEX.DBF" "CARPORT.DBF" "CARPORT.FPT" "CASEMANA.DBF" "CATPROD3.DBF" "CAT_NEG.DBF" "CAT_PROD.DBF" "CCOTIZA.DBF" "CENTER.DBF" "CFDREL.DBF" "CG3_VAEN.DBF" "CG3_VAPA.DBF" "CLIENTE.DBF" "COBRANZA.DBF" "COMPRAS.DBF" "CONCXC.DBF" "CONVTODO.DBF" "CPEDIDO.DBF" "CPENDIE.DBF" "CPXCORTE.DBF" "CRMC_OBS.DBF" "CUENGAS.DBF" "CUNOTA.DBF" "DD_CONTROL.DBF" "DD_DATOS.DBF" "DESEMANA.DBF" "ES_COBRO.DBF" "EYSIENC.DBF" "EYSIPAR.DBF" "FACCFD.DBF" "FACCFD.FPT" "FLUJO01.DBF" "FLUJORES.DBF" "HISTORIA.DBF" "INVFSIC.DBF" "MASTER.DBF" "MINTINV.DBF" "MOVCXCD.DBF" "MOVSINV.DBF" "M_CONF.DBF" "NEGADOS.DBF" "NOESTA.DBF" "NOHAY.DBF" "N_CONF.DBF" "N_RESP.DBF" "N_RESP.DBT" "N_RESP_M.DBF" "N_RESP_M.DBT" "OBSDOCS.DBF" "PAGDOCS.DBF" "PAGMULT.DBF" "PAGSPEI.DBF" "PARAMS.DBF" "PARTCOMP.DBF" "PARTCOT.DBF" "PARVALES.DBF" "PARXCAR.DBF" "PAVACL.DBF" "PCOTIZA.DBF" "PEDIDO.DBF" "PEDIDO1.DBF" "PEDIDO2.DBF" "PPEDIDO.DBF" "PPENDIE.DBF" "RESP_PIN.DBF" "R_BBVA.DBF" "R_KUSHKI.DBF" "SERCFD2.DBF" "STOCK.DBF" "SUCURCTAI.DBF" "TABLA004.DBF" "TABLA005.DBF" "TERCAJAS.DBF" "TLSERVI.DBF" "USUARIOS.DBF" "VACLI.DBF" "VALES.DBF" "VALPEN.DBF" "VCPENDI.DBF" "VENDEDOR.DBF" "VENTA.DBF" "VENTA.DBT" "VENTA.FPT" "VENTAPP.DBF" "VPPENDI.DBF" "XCORTE.DBF" /COPY:D /R:1 /W:1 /XO
[2026-04-12 18:49:26] [INFO] Cambio detectado en archivo: STOCK.DBF
[2026-04-12 18:49:26] [DBG] HTTP error: 500
[2026-04-12 18:49:26] [INFO] STOCK.DBF — sin cambios, servidor ya tiene la version actual
[2026-04-12 18:49:26] [INFO] Sync STOCK.DBF OK
[2026-04-12 18:49:27] [INFO] Cambio detectado en archivo: VALES.DBF
[2026-04-12 18:49:27] [DBG] HTTP error: 500
[2026-04-12 18:49:27] [INFO] VALES.DBF — sin cambios, servidor ya tiene la version actual
[2026-04-12 18:49:27] [INFO] Sync VALES.DBF OK
[2026-04-12 18:49:27] [INFO] Cambio detectado en archivo: VENTA.DBF
[2026-04-12 18:49:27] [DBG] HTTP error: 500
[2026-04-12 18:49:27] [INFO] VENTA.DBF — sin cambios, servidor ya tiene la version actual
[2026-04-12 18:49:27] [INFO] Sync VENTA.DBF OK
[2026-04-12 18:49:27] [INFO] Ejecutando Robocopy: robocopy "C:\pvsi2" "C:\pvsi2\quickbck\" "AJTFLU.DBF" "ASISTE.DBF" "CAJAS.DBF" "CANCFDI.DBF" "CANCFDI.FPT" "CANOTA.DBF" "CANOTA.DBT" "CANOTA.FPT" "CANOTAEX.DBF" "CARPORT.DBF" "CARPORT.FPT" "CASEMANA.DBF" "CATPROD3.DBF" "CAT_NEG.DBF" "CAT_PROD.DBF" "CCOTIZA.DBF" "CENTER.DBF" "CFDREL.DBF" "CG3_VAEN.DBF" "CG3_VAPA.DBF" "CLIENTE.DBF" "COBRANZA.DBF" "COMPRAS.DBF" "CONCXC.DBF" "CONVTODO.DBF" "CPEDIDO.DBF" "CPENDIE.DBF" "CPXCORTE.DBF" "CRMC_OBS.DBF" "CUENGAS.DBF" "CUNOTA.DBF" "DD_CONTROL.DBF" "DD_DATOS.DBF" "DESEMANA.DBF" "ES_COBRO.DBF" "EYSIENC.DBF" "EYSIPAR.DBF" "FACCFD.DBF" "FACCFD.FPT" "FLUJO01.DBF" "FLUJORES.DBF" "HISTORIA.DBF" "INVFSIC.DBF" "MASTER.DBF" "MINTINV.DBF" "MOVCXCD.DBF" "MOVSINV.DBF" "M_CONF.DBF" "NEGADOS.DBF" "NOESTA.DBF" "NOHAY.DBF" "N_CONF.DBF" "N_RESP.DBF" "N_RESP.DBT" "N_RESP_M.DBF" "N_RESP_M.DBT" "OBSDOCS.DBF" "PAGDOCS.DBF" "PAGMULT.DBF" "PAGSPEI.DBF" "PARAMS.DBF" "PARTCOMP.DBF" "PARTCOT.DBF" "PARVALES.DBF" "PARXCAR.DBF" "PAVACL.DBF" "PCOTIZA.DBF" "PEDIDO.DBF" "PEDIDO1.DBF" "PEDIDO2.DBF" "PPEDIDO.DBF" "PPENDIE.DBF" "RESP_PIN.DBF" "R_BBVA.DBF" "R_KUSHKI.DBF" "SERCFD2.DBF" "STOCK.DBF" "SUCURCTAI.DBF" "TABLA004.DBF" "TABLA005.DBF" "TERCAJAS.DBF" "TLSERVI.DBF" "USUARIOS.DBF" "VACLI.DBF" "VALES.DBF" "VALPEN.DBF" "VCPENDI.DBF" "VENDEDOR.DBF" "VENTA.DBF" "VENTA.DBT" "VENTA.FPT" "VENTAPP.DBF" "VPPENDI.DBF" "XCORTE.DBF" /COPY:D /R:1 /W:1 /XO
[2026-04-12 19:26:36] [INFO] AR - Agente de Respaldo v0.1.0
[2026-04-12 19:26:36] [INFO] Servidor: http://sync.servicios.care
[2026-04-12 19:26:36] [DBG] Directorio executable: .
[2026-04-12 19:26:36] [DBG] Config file not found: .\config.json
[2026-04-12 19:26:36] [DBG] Escaneando unidad: C:\
[2026-04-12 19:26:36] [INFO] Sucursal encontrada: roton en C:\pvsi
[2026-04-12 19:26:36] [INFO] Sucursal encontrada: muril en C:\pvsi2
[2026-04-12 19:26:36] [INFO] Sucursal encontrada: roton en C:\tmp\pvsi
[2026-04-12 19:26:36] [DBG] Scan C:\ completo: 3 sucursales
[2026-04-12 19:26:36] [DBG] Config saved to: .\config.json
[2026-04-12 19:26:36] [INFO] Sucursales configuradas: 2
[2026-04-12 19:26:36] [INFO]   [roton] C:\pvsi
[2026-04-12 19:26:36] [INFO]   [muril] C:\pvsi2
[2026-04-12 19:26:36] [INFO] Sucursales configuradas: 2
[2026-04-12 19:26:36] [INFO]   [roton] C:\pvsi
[2026-04-12 19:26:36] [INFO]   [muril] C:\pvsi2
[2026-04-12 19:26:36] [INFO] Registrando 2 ubicaciones...
[2026-04-12 19:26:36] [DBG]   - roton en C:\pvsi
[2026-04-12 19:26:36] [INFO] [roton] fetchTimestamp resultado: 1776021995
[2026-04-12 19:26:37] [DBG] Register response: {"ok":true,"rbfid":"roton"}
[2026-04-12 19:26:37] [INFO] [roton] Registrado OK
[2026-04-12 19:26:37] [DBG]   - muril en C:\pvsi2
[2026-04-12 19:26:37] [INFO] [muril] fetchTimestamp resultado: 0
[2026-04-12 19:26:37] [DBG] Config saved to: .\config.json
[2026-04-12 19:26:37] [INFO] Lista obtenida del servidor: 94 archivos (v726665cb)
[2026-04-12 19:26:37] [INFO] Full sync horario
[2026-04-12 19:26:37] [DBG] Lista sin cambios
[2026-04-12 19:26:37] [INFO] Ejecutando Robocopy: robocopy "C:\pvsi" "C:\pvsi\quickbck" "AJTFLU.DBF" "ASISTE.DBF" "CAJAS.DBF" "CANCFDI.DBF" "CANCFDI.FPT" "CANOTA.DBF" "CANOTA.DBT" "CANOTA.FPT" "CANOTAEX.DBF" "CARPORT.DBF" "CARPORT.FPT" "CASEMANA.DBF" "CATPROD3.DBF" "CAT_NEG.DBF" "CAT_PROD.DBF" "CCOTIZA.DBF" "CENTER.DBF" "CFDREL.DBF" "CG3_VAEN.DBF" "CG3_VAPA.DBF" "CLIENTE.DBF" "COBRANZA.DBF" "COMPRAS.DBF" "CONCXC.DBF" "CONVTODO.DBF" "CPEDIDO.DBF" "CPENDIE.DBF" "CPXCORTE.DBF" "CRMC_OBS.DBF" "CUENGAS.DBF" "CUNOTA.DBF" "DD_CONTROL.DBF" "DD_DATOS.DBF" "DESEMANA.DBF" "ES_COBRO.DBF" "EYSIENC.DBF" "EYSIPAR.DBF" "FACCFD.DBF" "FACCFD.FPT" "FLUJO01.DBF" "FLUJORES.DBF" "HISTORIA.DBF" "INVFSIC.DBF" "MASTER.DBF" "MINTINV.DBF" "MOVCXCD.DBF" "MOVSINV.DBF" "M_CONF.DBF" "NEGADOS.DBF" "NOESTA.DBF" "NOHAY.DBF" "N_CONF.DBF" "N_RESP.DBF" "N_RESP.DBT" "N_RESP_M.DBF" "N_RESP_M.DBT" "OBSDOCS.DBF" "PAGDOCS.DBF" "PAGMULT.DBF" "PAGSPEI.DBF" "PARAMS.DBF" "PARTCOMP.DBF" "PARTCOT.DBF" "PARVALES.DBF" "PARXCAR.DBF" "PAVACL.DBF" "PCOTIZA.DBF" "PEDIDO.DBF" "PEDIDO1.DBF" "PEDIDO2.DBF" "PPEDIDO.DBF" "PPENDIE.DBF" "RESP_PIN.DBF" "R_BBVA.DBF" "R_KUSHKI.DBF" "SERCFD2.DBF" "STOCK.DBF" "SUCURCTAI.DBF" "TABLA004.DBF" "TABLA005.DBF" "TERCAJAS.DBF" "TLSERVI.DBF" "USUARIOS.DBF" "VACLI.DBF" "VALES.DBF" "VALPEN.DBF" "VCPENDI.DBF" "VENDEDOR.DBF" "VENTA.DBF" "VENTA.DBT" "VENTA.FPT" "VENTAPP.DBF" "VPPENDI.DBF" "XCORTE.DBF" /COPY:D /R:1 /W:1 /XO
[2026-04-12 19:26:37] [DBG] Iniciando sync de archivo: STOCK.DBF
[2026-04-12 19:26:37] [INFO] Cambio detectado en full check: STOCK.DBF
[2026-04-12 19:26:38] [DBG] HTTP error: 500
[2026-04-12 19:26:38] [INFO] STOCK.DBF — sin cambios, servidor ya tiene la version actual
[2026-04-12 19:26:38] [DBG] Iniciando sync de archivo: VALES.DBF
[2026-04-12 19:26:38] [INFO] Cambio detectado en full check: VALES.DBF
[2026-04-12 19:26:38] [DBG] HTTP error: 500
[2026-04-12 19:26:38] [INFO] VALES.DBF — sin cambios, servidor ya tiene la version actual
[2026-04-12 19:26:38] [DBG] Iniciando sync de archivo: VENTA.DBF
[2026-04-12 19:26:38] [INFO] Cambio detectado en full check: VENTA.DBF
[2026-04-12 19:26:38] [DBG] HTTP error: 500
[2026-04-12 19:26:38] [INFO] VENTA.DBF — sin cambios, servidor ya tiene la version actual
[2026-04-12 19:26:38] [INFO] Ejecutando Robocopy: robocopy "C:\pvsi2" "C:\pvsi2\quickbck" "AJTFLU.DBF" "ASISTE.DBF" "CAJAS.DBF" "CANCFDI.DBF" "CANCFDI.FPT" "CANOTA.DBF" "CANOTA.DBT" "CANOTA.FPT" "CANOTAEX.DBF" "CARPORT.DBF" "CARPORT.FPT" "CASEMANA.DBF" "CATPROD3.DBF" "CAT_NEG.DBF" "CAT_PROD.DBF" "CCOTIZA.DBF" "CENTER.DBF" "CFDREL.DBF" "CG3_VAEN.DBF" "CG3_VAPA.DBF" "CLIENTE.DBF" "COBRANZA.DBF" "COMPRAS.DBF" "CONCXC.DBF" "CONVTODO.DBF" "CPEDIDO.DBF" "CPENDIE.DBF" "CPXCORTE.DBF" "CRMC_OBS.DBF" "CUENGAS.DBF" "CUNOTA.DBF" "DD_CONTROL.DBF" "DD_DATOS.DBF" "DESEMANA.DBF" "ES_COBRO.DBF" "EYSIENC.DBF" "EYSIPAR.DBF" "FACCFD.DBF" "FACCFD.FPT" "FLUJO01.DBF" "FLUJORES.DBF" "HISTORIA.DBF" "INVFSIC.DBF" "MASTER.DBF" "MINTINV.DBF" "MOVCXCD.DBF" "MOVSINV.DBF" "M_CONF.DBF" "NEGADOS.DBF" "NOESTA.DBF" "NOHAY.DBF" "N_CONF.DBF" "N_RESP.DBF" "N_RESP.DBT" "N_RESP_M.DBF" "N_RESP_M.DBT" "OBSDOCS.DBF" "PAGDOCS.DBF" "PAGMULT.DBF" "PAGSPEI.DBF" "PARAMS.DBF" "PARTCOMP.DBF" "PARTCOT.DBF" "PARVALES.DBF" "PARXCAR.DBF" "PAVACL.DBF" "PCOTIZA.DBF" "PEDIDO.DBF" "PEDIDO1.DBF" "PEDIDO2.DBF" "PPEDIDO.DBF" "PPENDIE.DBF" "RESP_PIN.DBF" "R_BBVA.DBF" "R_KUSHKI.DBF" "SERCFD2.DBF" "STOCK.DBF" "SUCURCTAI.DBF" "TABLA004.DBF" "TABLA005.DBF" "TERCAJAS.DBF" "TLSERVI.DBF" "USUARIOS.DBF" "VACLI.DBF" "VALES.DBF" "VALPEN.DBF" "VCPENDI.DBF" "VENDEDOR.DBF" "VENTA.DBF" "VENTA.DBT" "VENTA.FPT" "VENTAPP.DBF" "VPPENDI.DBF" "XCORTE.DBF" /COPY:D /R:1 /W:1 /XO
[2026-04-12 19:26:38] [DBG] Iniciando sync de archivo: STOCK.DBF
[2026-04-12 19:26:38] [INFO] Cambio detectado en full check: STOCK.DBF
[2026-04-12 19:26:39] [DBG] HTTP error: 401
[2026-04-12 19:26:39] [INFO] STOCK.DBF — sin cambios, servidor ya tiene la version actual
[2026-04-12 19:26:39] [DBG] Iniciando sync de archivo: VALES.DBF
[2026-04-12 19:26:39] [INFO] Cambio detectado en full check: VALES.DBF
[2026-04-12 19:26:39] [DBG] HTTP error: 401
[2026-04-12 19:26:39] [INFO] VALES.DBF — sin cambios, servidor ya tiene la version actual
[2026-04-12 19:26:39] [DBG] Iniciando sync de archivo: VENTA.DBF
[2026-04-12 19:26:39] [INFO] Cambio detectado en full check: VENTA.DBF
[2026-04-12 19:26:39] [DBG] HTTP error: 401
[2026-04-12 19:26:39] [INFO] VENTA.DBF — sin cambios, servidor ya tiene la version actual
[2026-04-12 19:26:39] [DBG] Iniciando ciclo de poll...
[2026-04-12 19:26:39] [INFO] Ejecutando Robocopy: robocopy "C:\pvsi" "C:\pvsi\quickbck" "AJTFLU.DBF" "ASISTE.DBF" "CAJAS.DBF" "CANCFDI.DBF" "CANCFDI.FPT" "CANOTA.DBF" "CANOTA.DBT" "CANOTA.FPT" "CANOTAEX.DBF" "CARPORT.DBF" "CARPORT.FPT" "CASEMANA.DBF" "CATPROD3.DBF" "CAT_NEG.DBF" "CAT_PROD.DBF" "CCOTIZA.DBF" "CENTER.DBF" "CFDREL.DBF" "CG3_VAEN.DBF" "CG3_VAPA.DBF" "CLIENTE.DBF" "COBRANZA.DBF" "COMPRAS.DBF" "CONCXC.DBF" "CONVTODO.DBF" "CPEDIDO.DBF" "CPENDIE.DBF" "CPXCORTE.DBF" "CRMC_OBS.DBF" "CUENGAS.DBF" "CUNOTA.DBF" "DD_CONTROL.DBF" "DD_DATOS.DBF" "DESEMANA.DBF" "ES_COBRO.DBF" "EYSIENC.DBF" "EYSIPAR.DBF" "FACCFD.DBF" "FACCFD.FPT" "FLUJO01.DBF" "FLUJORES.DBF" "HISTORIA.DBF" "INVFSIC.DBF" "MASTER.DBF" "MINTINV.DBF" "MOVCXCD.DBF" "MOVSINV.DBF" "M_CONF.DBF" "NEGADOS.DBF" "NOESTA.DBF" "NOHAY.DBF" "N_CONF.DBF" "N_RESP.DBF" "N_RESP.DBT" "N_RESP_M.DBF" "N_RESP_M.DBT" "OBSDOCS.DBF" "PAGDOCS.DBF" "PAGMULT.DBF" "PAGSPEI.DBF" "PARAMS.DBF" "PARTCOMP.DBF" "PARTCOT.DBF" "PARVALES.DBF" "PARXCAR.DBF" "PAVACL.DBF" "PCOTIZA.DBF" "PEDIDO.DBF" "PEDIDO1.DBF" "PEDIDO2.DBF" "PPEDIDO.DBF" "PPENDIE.DBF" "RESP_PIN.DBF" "R_BBVA.DBF" "R_KUSHKI.DBF" "SERCFD2.DBF" "STOCK.DBF" "SUCURCTAI.DBF" "TABLA004.DBF" "TABLA005.DBF" "TERCAJAS.DBF" "TLSERVI.DBF" "USUARIOS.DBF" "VACLI.DBF" "VALES.DBF" "VALPEN.DBF" "VCPENDI.DBF" "VENDEDOR.DBF" "VENTA.DBF" "VENTA.DBT" "VENTA.FPT" "VENTAPP.DBF" "VPPENDI.DBF" "XCORTE.DBF" /COPY:D /R:1 /W:1 /XO
[2026-04-12 19:26:39] [INFO] Cambio detectado en archivo: STOCK.DBF
[2026-04-12 19:26:40] [DBG] HTTP error: 500
[2026-04-12 19:26:40] [INFO] STOCK.DBF — sin cambios, servidor ya tiene la version actual
[2026-04-12 19:26:40] [INFO] Sync STOCK.DBF OK
[2026-04-12 19:26:40] [INFO] Cambio detectado en archivo: VALES.DBF
[2026-04-12 19:26:40] [DBG] HTTP error: 500
[2026-04-12 19:26:40] [INFO] VALES.DBF — sin cambios, servidor ya tiene la version actual
[2026-04-12 19:26:40] [INFO] Sync VALES.DBF OK
[2026-04-12 19:26:40] [INFO] Cambio detectado en archivo: VENTA.DBF
[2026-04-12 19:26:40] [DBG] HTTP error: 500
[2026-04-12 19:26:40] [INFO] VENTA.DBF — sin cambios, servidor ya tiene la version actual
[2026-04-12 19:26:40] [INFO] Sync VENTA.DBF OK
[2026-04-12 19:26:40] [INFO] Ejecutando Robocopy: robocopy "C:\pvsi2" "C:\pvsi2\quickbck" "AJTFLU.DBF" "ASISTE.DBF" "CAJAS.DBF" "CANCFDI.DBF" "CANCFDI.FPT" "CANOTA.DBF" "CANOTA.DBT" "CANOTA.FPT" "CANOTAEX.DBF" "CARPORT.DBF" "CARPORT.FPT" "CASEMANA.DBF" "CATPROD3.DBF" "CAT_NEG.DBF" "CAT_PROD.DBF" "CCOTIZA.DBF" "CENTER.DBF" "CFDREL.DBF" "CG3_VAEN.DBF" "CG3_VAPA.DBF" "CLIENTE.DBF" "COBRANZA.DBF" "COMPRAS.DBF" "CONCXC.DBF" "CONVTODO.DBF" "CPEDIDO.DBF" "CPENDIE.DBF" "CPXCORTE.DBF" "CRMC_OBS.DBF" "CUENGAS.DBF" "CUNOTA.DBF" "DD_CONTROL.DBF" "DD_DATOS.DBF" "DESEMANA.DBF" "ES_COBRO.DBF" "EYSIENC.DBF" "EYSIPAR.DBF" "FACCFD.DBF" "FACCFD.FPT" "FLUJO01.DBF" "FLUJORES.DBF" "HISTORIA.DBF" "INVFSIC.DBF" "MASTER.DBF" "MINTINV.DBF" "MOVCXCD.DBF" "MOVSINV.DBF" "M_CONF.DBF" "NEGADOS.DBF" "NOESTA.DBF" "NOHAY.DBF" "N_CONF.DBF" "N_RESP.DBF" "N_RESP.DBT" "N_RESP_M.DBF" "N_RESP_M.DBT" "OBSDOCS.DBF" "PAGDOCS.DBF" "PAGMULT.DBF" "PAGSPEI.DBF" "PARAMS.DBF" "PARTCOMP.DBF" "PARTCOT.DBF" "PARVALES.DBF" "PARXCAR.DBF" "PAVACL.DBF" "PCOTIZA.DBF" "PEDIDO.DBF" "PEDIDO1.DBF" "PEDIDO2.DBF" "PPEDIDO.DBF" "PPENDIE.DBF" "RESP_PIN.DBF" "R_BBVA.DBF" "R_KUSHKI.DBF" "SERCFD2.DBF" "STOCK.DBF" "SUCURCTAI.DBF" "TABLA004.DBF" "TABLA005.DBF" "TERCAJAS.DBF" "TLSERVI.DBF" "USUARIOS.DBF" "VACLI.DBF" "VALES.DBF" "VALPEN.DBF" "VCPENDI.DBF" "VENDEDOR.DBF" "VENTA.DBF" "VENTA.DBT" "VENTA.FPT" "VENTAPP.DBF" "VPPENDI.DBF" "XCORTE.DBF" /COPY:D /R:1 /W:1 /XO
[2026-04-12 19:26:40] [INFO] Cambio detectado en archivo: STOCK.DBF
[2026-04-12 19:26:41] [DBG] HTTP error: 401
[2026-04-12 19:26:41] [INFO] STOCK.DBF — sin cambios, servidor ya tiene la version actual
[2026-04-12 19:26:41] [INFO] Sync STOCK.DBF OK
[2026-04-12 19:26:41] [INFO] Cambio detectado en archivo: VALES.DBF
[2026-04-12 19:26:41] [DBG] HTTP error: 401
[2026-04-12 19:26:41] [INFO] VALES.DBF — sin cambios, servidor ya tiene la version actual
[2026-04-12 19:26:41] [INFO] Sync VALES.DBF OK
[2026-04-12 19:26:41] [INFO] Cambio detectado en archivo: VENTA.DBF
[2026-04-12 19:26:41] [DBG] HTTP error: 401
[2026-04-12 19:26:41] [INFO] VENTA.DBF — sin cambios, servidor ya tiene la version actual
[2026-04-12 19:26:41] [INFO] Sync VENTA.DBF OK
[2026-04-12 19:27:51] [INFO] AR - Agente de Respaldo v0.1.0
[2026-04-12 19:27:51] [INFO] Servidor: http://sync.servicios.care
[2026-04-12 19:27:51] [DBG] Directorio executable: .
[2026-04-12 19:27:51] [DBG] Config file not found: .\config.json
[2026-04-12 19:27:51] [DBG] Escaneando unidad: C:\
[2026-04-12 19:27:51] [INFO] Sucursal encontrada: roton en C:\pvsi
[2026-04-12 19:27:51] [DBG] Scan C:\ completo: 1 sucursales
[2026-04-12 19:27:51] [DBG] Config saved to: .\config.json
[2026-04-12 19:27:51] [INFO] Sucursales configuradas: 1
[2026-04-12 19:27:51] [INFO]   [roton] C:\pvsi
[2026-04-12 19:27:51] [INFO] Sucursales configuradas: 1
[2026-04-12 19:27:51] [INFO]   [roton] C:\pvsi
[2026-04-12 19:27:51] [INFO] Registrando 1 ubicaciones...
[2026-04-12 19:27:51] [DBG]   - roton en C:\pvsi
[2026-04-12 19:27:51] [INFO] [roton] fetchTimestamp resultado: 1776022069
[2026-04-12 19:27:52] [DBG] Register response: {"ok":true,"rbfid":"roton"}
[2026-04-12 19:27:52] [INFO] [roton] Registrado OK
[2026-04-12 19:27:52] [DBG] Config saved to: .\config.json
[2026-04-12 19:27:52] [INFO] Lista obtenida del servidor: 94 archivos (v726665cb)
[2026-04-12 19:27:52] [INFO] Full sync horario
[2026-04-12 19:27:52] [DBG] Lista sin cambios
[2026-04-12 19:27:52] [INFO] Ejecutando Robocopy: robocopy "C:\pvsi" "C:\pvsi\quickbck" "AJTFLU.DBF" "ASISTE.DBF" "CAJAS.DBF" "CANCFDI.DBF" "CANCFDI.FPT" "CANOTA.DBF" "CANOTA.DBT" "CANOTA.FPT" "CANOTAEX.DBF" "CARPORT.DBF" "CARPORT.FPT" "CASEMANA.DBF" "CATPROD3.DBF" "CAT_NEG.DBF" "CAT_PROD.DBF" "CCOTIZA.DBF" "CENTER.DBF" "CFDREL.DBF" "CG3_VAEN.DBF" "CG3_VAPA.DBF" "CLIENTE.DBF" "COBRANZA.DBF" "COMPRAS.DBF" "CONCXC.DBF" "CONVTODO.DBF" "CPEDIDO.DBF" "CPENDIE.DBF" "CPXCORTE.DBF" "CRMC_OBS.DBF" "CUENGAS.DBF" "CUNOTA.DBF" "DD_CONTROL.DBF" "DD_DATOS.DBF" "DESEMANA.DBF" "ES_COBRO.DBF" "EYSIENC.DBF" "EYSIPAR.DBF" "FACCFD.DBF" "FACCFD.FPT" "FLUJO01.DBF" "FLUJORES.DBF" "HISTORIA.DBF" "INVFSIC.DBF" "MASTER.DBF" "MINTINV.DBF" "MOVCXCD.DBF" "MOVSINV.DBF" "M_CONF.DBF" "NEGADOS.DBF" "NOESTA.DBF" "NOHAY.DBF" "N_CONF.DBF" "N_RESP.DBF" "N_RESP.DBT" "N_RESP_M.DBF" "N_RESP_M.DBT" "OBSDOCS.DBF" "PAGDOCS.DBF" "PAGMULT.DBF" "PAGSPEI.DBF" "PARAMS.DBF" "PARTCOMP.DBF" "PARTCOT.DBF" "PARVALES.DBF" "PARXCAR.DBF" "PAVACL.DBF" "PCOTIZA.DBF" "PEDIDO.DBF" "PEDIDO1.DBF" "PEDIDO2.DBF" "PPEDIDO.DBF" "PPENDIE.DBF" "RESP_PIN.DBF" "R_BBVA.DBF" "R_KUSHKI.DBF" "SERCFD2.DBF" "STOCK.DBF" "SUCURCTAI.DBF" "TABLA004.DBF" "TABLA005.DBF" "TERCAJAS.DBF" "TLSERVI.DBF" "USUARIOS.DBF" "VACLI.DBF" "VALES.DBF" "VALPEN.DBF" "VCPENDI.DBF" "VENDEDOR.DBF" "VENTA.DBF" "VENTA.DBT" "VENTA.FPT" "VENTAPP.DBF" "VPPENDI.DBF" "XCORTE.DBF" /COPY:D /R:1 /W:1 /XO
[2026-04-12 19:27:52] [DBG] Iniciando sync de archivo: STOCK.DBF
[2026-04-12 19:27:52] [INFO] Cambio detectado en full check: STOCK.DBF
[2026-04-12 19:27:52] [DBG] HTTP error: 500
[2026-04-12 19:27:52] [INFO] STOCK.DBF — sin cambios, servidor ya tiene la version actual
[2026-04-12 19:27:52] [DBG] Iniciando sync de archivo: VALES.DBF
[2026-04-12 19:27:52] [INFO] Cambio detectado en full check: VALES.DBF
[2026-04-12 19:27:53] [DBG] HTTP error: 500
[2026-04-12 19:27:53] [INFO] VALES.DBF — sin cambios, servidor ya tiene la version actual
[2026-04-12 19:27:53] [DBG] Iniciando sync de archivo: VENTA.DBF
[2026-04-12 19:27:53] [INFO] Cambio detectado en full check: VENTA.DBF
[2026-04-12 19:27:53] [DBG] HTTP error: 500
[2026-04-12 19:27:53] [INFO] VENTA.DBF — sin cambios, servidor ya tiene la version actual
[2026-04-12 19:27:53] [DBG] Iniciando ciclo de poll...
[2026-04-12 19:27:53] [INFO] Ejecutando Robocopy: robocopy "C:\pvsi" "C:\pvsi\quickbck" "AJTFLU.DBF" "ASISTE.DBF" "CAJAS.DBF" "CANCFDI.DBF" "CANCFDI.FPT" "CANOTA.DBF" "CANOTA.DBT" "CANOTA.FPT" "CANOTAEX.DBF" "CARPORT.DBF" "CARPORT.FPT" "CASEMANA.DBF" "CATPROD3.DBF" "CAT_NEG.DBF" "CAT_PROD.DBF" "CCOTIZA.DBF" "CENTER.DBF" "CFDREL.DBF" "CG3_VAEN.DBF" "CG3_VAPA.DBF" "CLIENTE.DBF" "COBRANZA.DBF" "COMPRAS.DBF" "CONCXC.DBF" "CONVTODO.DBF" "CPEDIDO.DBF" "CPENDIE.DBF" "CPXCORTE.DBF" "CRMC_OBS.DBF" "CUENGAS.DBF" "CUNOTA.DBF" "DD_CONTROL.DBF" "DD_DATOS.DBF" "DESEMANA.DBF" "ES_COBRO.DBF" "EYSIENC.DBF" "EYSIPAR.DBF" "FACCFD.DBF" "FACCFD.FPT" "FLUJO01.DBF" "FLUJORES.DBF" "HISTORIA.DBF" "INVFSIC.DBF" "MASTER.DBF" "MINTINV.DBF" "MOVCXCD.DBF" "MOVSINV.DBF" "M_CONF.DBF" "NEGADOS.DBF" "NOESTA.DBF" "NOHAY.DBF" "N_CONF.DBF" "N_RESP.DBF" "N_RESP.DBT" "N_RESP_M.DBF" "N_RESP_M.DBT" "OBSDOCS.DBF" "PAGDOCS.DBF" "PAGMULT.DBF" "PAGSPEI.DBF" "PARAMS.DBF" "PARTCOMP.DBF" "PARTCOT.DBF" "PARVALES.DBF" "PARXCAR.DBF" "PAVACL.DBF" "PCOTIZA.DBF" "PEDIDO.DBF" "PEDIDO1.DBF" "PEDIDO2.DBF" "PPEDIDO.DBF" "PPENDIE.DBF" "RESP_PIN.DBF" "R_BBVA.DBF" "R_KUSHKI.DBF" "SERCFD2.DBF" "STOCK.DBF" "SUCURCTAI.DBF" "TABLA004.DBF" "TABLA005.DBF" "TERCAJAS.DBF" "TLSERVI.DBF" "USUARIOS.DBF" "VACLI.DBF" "VALES.DBF" "VALPEN.DBF" "VCPENDI.DBF" "VENDEDOR.DBF" "VENTA.DBF" "VENTA.DBT" "VENTA.FPT" "VENTAPP.DBF" "VPPENDI.DBF" "XCORTE.DBF" /COPY:D /R:1 /W:1 /XO
[2026-04-12 19:27:53] [INFO] Cambio detectado en archivo: STOCK.DBF
[2026-04-12 19:27:53] [DBG] HTTP error: 500
[2026-04-12 19:27:53] [INFO] STOCK.DBF — sin cambios, servidor ya tiene la version actual
[2026-04-12 19:27:53] [INFO] Sync STOCK.DBF OK
[2026-04-12 19:27:53] [INFO] Cambio detectado en archivo: VALES.DBF
[2026-04-12 19:27:54] [DBG] HTTP error: 500
[2026-04-12 19:27:54] [INFO] VALES.DBF — sin cambios, servidor ya tiene la version actual
[2026-04-12 19:27:54] [INFO] Sync VALES.DBF OK
[2026-04-12 19:27:54] [INFO] Cambio detectado en archivo: VENTA.DBF
[2026-04-12 19:27:54] [DBG] HTTP error: 500
[2026-04-12 19:27:54] [INFO] VENTA.DBF — sin cambios, servidor ya tiene la version actual
[2026-04-12 19:27:54] [INFO] Sync VENTA.DBF OK
[2026-04-12 20:31:30] [INFO] AR - Agente de Respaldo v0.1.0
[2026-04-12 20:31:30] [INFO] Servidor: http://sync.servicios.care
[2026-04-12 20:31:30] [DBG] Directorio executable: .
[2026-04-12 20:31:30] [DBG] Config file not found: .\config.json
[2026-04-12 20:31:30] [DBG] Escaneando unidad: C:\
[2026-04-12 20:31:31] [INFO] Sucursal encontrada: roton en C:\pvsi
[2026-04-12 20:31:31] [DBG] Scan C:\ completo: 1 sucursales
[2026-04-12 20:31:31] [DBG] Config saved to: .\config.json
[2026-04-12 20:31:31] [INFO] Sucursales configuradas: 1
[2026-04-12 20:31:31] [INFO]   [roton] C:\pvsi
[2026-04-12 20:31:31] [INFO] Sucursales configuradas: 1
[2026-04-12 20:31:31] [INFO]   [roton] C:\pvsi
[2026-04-12 20:31:31] [INFO] Registrando 1 ubicaciones...
[2026-04-12 20:31:31] [DBG]   - roton en C:\pvsi
[2026-04-12 20:31:31] [INFO] [roton] fetchTimestamp resultado: 1776025889
[2026-04-12 20:31:31] [DBG] Register response: {"ok":true,"rbfid":"roton"}
[2026-04-12 20:31:31] [INFO] [roton] Registrado OK
[2026-04-12 20:31:32] [DBG] Config saved to: .\config.json
[2026-04-12 20:31:32] [INFO] Lista obtenida del servidor: 94 archivos (v726665cb)
[2026-04-12 20:31:32] [INFO] Full sync horario
[2026-04-12 20:31:32] [DBG] Lista sin cambios
[2026-04-12 20:31:32] [INFO] Ejecutando Robocopy: robocopy "C:\pvsi" "C:\pvsi\quickbck" "AJTFLU.DBF" "ASISTE.DBF" "CAJAS.DBF" "CANCFDI.DBF" "CANCFDI.FPT" "CANOTA.DBF" "CANOTA.DBT" "CANOTA.FPT" "CANOTAEX.DBF" "CARPORT.DBF" "CARPORT.FPT" "CASEMANA.DBF" "CATPROD3.DBF" "CAT_NEG.DBF" "CAT_PROD.DBF" "CCOTIZA.DBF" "CENTER.DBF" "CFDREL.DBF" "CG3_VAEN.DBF" "CG3_VAPA.DBF" "CLIENTE.DBF" "COBRANZA.DBF" "COMPRAS.DBF" "CONCXC.DBF" "CONVTODO.DBF" "CPEDIDO.DBF" "CPENDIE.DBF" "CPXCORTE.DBF" "CRMC_OBS.DBF" "CUENGAS.DBF" "CUNOTA.DBF" "DD_CONTROL.DBF" "DD_DATOS.DBF" "DESEMANA.DBF" "ES_COBRO.DBF" "EYSIENC.DBF" "EYSIPAR.DBF" "FACCFD.DBF" "FACCFD.FPT" "FLUJO01.DBF" "FLUJORES.DBF" "HISTORIA.DBF" "INVFSIC.DBF" "MASTER.DBF" "MINTINV.DBF" "MOVCXCD.DBF" "MOVSINV.DBF" "M_CONF.DBF" "NEGADOS.DBF" "NOESTA.DBF" "NOHAY.DBF" "N_CONF.DBF" "N_RESP.DBF" "N_RESP.DBT" "N_RESP_M.DBF" "N_RESP_M.DBT" "OBSDOCS.DBF" "PAGDOCS.DBF" "PAGMULT.DBF" "PAGSPEI.DBF" "PARAMS.DBF" "PARTCOMP.DBF" "PARTCOT.DBF" "PARVALES.DBF" "PARXCAR.DBF" "PAVACL.DBF" "PCOTIZA.DBF" "PEDIDO.DBF" "PEDIDO1.DBF" "PEDIDO2.DBF" "PPEDIDO.DBF" "PPENDIE.DBF" "RESP_PIN.DBF" "R_BBVA.DBF" "R_KUSHKI.DBF" "SERCFD2.DBF" "STOCK.DBF" "SUCURCTAI.DBF" "TABLA004.DBF" "TABLA005.DBF" "TERCAJAS.DBF" "TLSERVI.DBF" "USUARIOS.DBF" "VACLI.DBF" "VALES.DBF" "VALPEN.DBF" "VCPENDI.DBF" "VENDEDOR.DBF" "VENTA.DBF" "VENTA.DBT" "VENTA.FPT" "VENTAPP.DBF" "VPPENDI.DBF" "XCORTE.DBF" /COPY:D /R:1 /W:1 /XO
[2026-04-12 20:31:32] [DBG] Iniciando sync de archivo: STOCK.DBF
[2026-04-12 20:31:32] [INFO] Cambio detectado en full check: STOCK.DBF
[2026-04-12 20:31:32] [DBG] HTTP error: 500
[2026-04-12 20:31:32] [INFO] STOCK.DBF — sin cambios, servidor ya tiene la version actual
[2026-04-12 20:31:32] [DBG] Iniciando sync de archivo: VALES.DBF
[2026-04-12 20:31:32] [INFO] Cambio detectado en full check: VALES.DBF
[2026-04-12 20:31:33] [DBG] HTTP error: 500
[2026-04-12 20:31:33] [INFO] VALES.DBF — sin cambios, servidor ya tiene la version actual
[2026-04-12 20:31:33] [DBG] Iniciando sync de archivo: VENTA.DBF
[2026-04-12 20:31:33] [INFO] Cambio detectado en full check: VENTA.DBF
[2026-04-12 20:31:33] [DBG] HTTP error: 500
[2026-04-12 20:31:33] [INFO] VENTA.DBF — sin cambios, servidor ya tiene la version actual
[2026-04-12 20:31:33] [DBG] Iniciando ciclo de poll...
[2026-04-12 20:31:33] [INFO] Ejecutando Robocopy: robocopy "C:\pvsi" "C:\pvsi\quickbck" "AJTFLU.DBF" "ASISTE.DBF" "CAJAS.DBF" "CANCFDI.DBF" "CANCFDI.FPT" "CANOTA.DBF" "CANOTA.DBT" "CANOTA.FPT" "CANOTAEX.DBF" "CARPORT.DBF" "CARPORT.FPT" "CASEMANA.DBF" "CATPROD3.DBF" "CAT_NEG.DBF" "CAT_PROD.DBF" "CCOTIZA.DBF" "CENTER.DBF" "CFDREL.DBF" "CG3_VAEN.DBF" "CG3_VAPA.DBF" "CLIENTE.DBF" "COBRANZA.DBF" "COMPRAS.DBF" "CONCXC.DBF" "CONVTODO.DBF" "CPEDIDO.DBF" "CPENDIE.DBF" "CPXCORTE.DBF" "CRMC_OBS.DBF" "CUENGAS.DBF" "CUNOTA.DBF" "DD_CONTROL.DBF" "DD_DATOS.DBF" "DESEMANA.DBF" "ES_COBRO.DBF" "EYSIENC.DBF" "EYSIPAR.DBF" "FACCFD.DBF" "FACCFD.FPT" "FLUJO01.DBF" "FLUJORES.DBF" "HISTORIA.DBF" "INVFSIC.DBF" "MASTER.DBF" "MINTINV.DBF" "MOVCXCD.DBF" "MOVSINV.DBF" "M_CONF.DBF" "NEGADOS.DBF" "NOESTA.DBF" "NOHAY.DBF" "N_CONF.DBF" "N_RESP.DBF" "N_RESP.DBT" "N_RESP_M.DBF" "N_RESP_M.DBT" "OBSDOCS.DBF" "PAGDOCS.DBF" "PAGMULT.DBF" "PAGSPEI.DBF" "PARAMS.DBF" "PARTCOMP.DBF" "PARTCOT.DBF" "PARVALES.DBF" "PARXCAR.DBF" "PAVACL.DBF" "PCOTIZA.DBF" "PEDIDO.DBF" "PEDIDO1.DBF" "PEDIDO2.DBF" "PPEDIDO.DBF" "PPENDIE.DBF" "RESP_PIN.DBF" "R_BBVA.DBF" "R_KUSHKI.DBF" "SERCFD2.DBF" "STOCK.DBF" "SUCURCTAI.DBF" "TABLA004.DBF" "TABLA005.DBF" "TERCAJAS.DBF" "TLSERVI.DBF" "USUARIOS.DBF" "VACLI.DBF" "VALES.DBF" "VALPEN.DBF" "VCPENDI.DBF" "VENDEDOR.DBF" "VENTA.DBF" "VENTA.DBT" "VENTA.FPT" "VENTAPP.DBF" "VPPENDI.DBF" "XCORTE.DBF" /COPY:D /R:1 /W:1 /XO
[2026-04-12 20:31:33] [INFO] Cambio detectado en archivo: STOCK.DBF
[2026-04-12 20:31:33] [DBG] HTTP error: 500
[2026-04-12 20:31:33] [INFO] STOCK.DBF — sin cambios, servidor ya tiene la version actual
[2026-04-12 20:31:33] [INFO] Sync STOCK.DBF OK
[2026-04-12 20:31:33] [INFO] Cambio detectado en archivo: VALES.DBF
[2026-04-12 20:31:34] [DBG] HTTP error: 500
[2026-04-12 20:31:34] [INFO] VALES.DBF — sin cambios, servidor ya tiene la version actual
[2026-04-12 20:31:34] [INFO] Sync VALES.DBF OK
[2026-04-12 20:31:34] [INFO] Cambio detectado en archivo: VENTA.DBF
[2026-04-12 20:31:34] [DBG] HTTP error: 500
[2026-04-12 20:31:34] [INFO] VENTA.DBF — sin cambios, servidor ya tiene la version actual
[2026-04-12 20:31:34] [INFO] Sync VENTA.DBF OK
[2026-04-12 22:24:09] [INFO] AR - Agente de Respaldo v0.1.0
[2026-04-12 22:24:09] [INFO] Servidor: http://sync.servicios.care
[2026-04-12 22:24:09] [DBG] Directorio executable: .
[2026-04-12 22:24:09] [DBG] Config file not found: .\config.json
[2026-04-12 22:24:09] [DBG] Escaneando unidad: C:\
[2026-04-12 22:24:11] [INFO] Sucursal encontrada: roton en C:\pvsi
[2026-04-12 22:24:12] [DBG] Scan C:\ completo: 1 sucursales
[2026-04-12 22:24:12] [DBG] Config saved to: .\config.json
[2026-04-12 22:24:12] [INFO] Sucursales configuradas: 1
[2026-04-12 22:24:12] [INFO]   [roton] C:\pvsi
[2026-04-12 22:24:12] [INFO] Sucursales configuradas: 1
[2026-04-12 22:24:12] [INFO]   [roton] C:\pvsi
[2026-04-12 22:24:12] [INFO] Registrando 1 ubicaciones...
[2026-04-12 22:24:12] [DBG]   - roton en C:\pvsi
[2026-04-12 22:24:12] [INFO] [roton] fetchTimestamp resultado: 1776032650
[2026-04-12 22:24:12] [DBG] Register response: {"ok":true,"rbfid":"roton"}
[2026-04-12 22:24:12] [INFO] [roton] Registrado OK
[2026-04-12 22:24:12] [DBG] Config saved to: .\config.json
[2026-04-12 22:24:12] [INFO] Lista obtenida del servidor: 94 archivos (v726665cb)
[2026-04-12 22:24:12] [INFO] Full sync horario
[2026-04-12 22:24:12] [DBG] Lista sin cambios
[2026-04-12 22:24:12] [INFO] Ejecutando Robocopy: robocopy "C:\pvsi" "C:\pvsi\quickbck" "AJTFLU.DBF" "ASISTE.DBF" "CAJAS.DBF" "CANCFDI.DBF" "CANCFDI.FPT" "CANOTA.DBF" "CANOTA.DBT" "CANOTA.FPT" "CANOTAEX.DBF" "CARPORT.DBF" "CARPORT.FPT" "CASEMANA.DBF" "CATPROD3.DBF" "CAT_NEG.DBF" "CAT_PROD.DBF" "CCOTIZA.DBF" "CENTER.DBF" "CFDREL.DBF" "CG3_VAEN.DBF" "CG3_VAPA.DBF" "CLIENTE.DBF" "COBRANZA.DBF" "COMPRAS.DBF" "CONCXC.DBF" "CONVTODO.DBF" "CPEDIDO.DBF" "CPENDIE.DBF" "CPXCORTE.DBF" "CRMC_OBS.DBF" "CUENGAS.DBF" "CUNOTA.DBF" "DD_CONTROL.DBF" "DD_DATOS.DBF" "DESEMANA.DBF" "ES_COBRO.DBF" "EYSIENC.DBF" "EYSIPAR.DBF" "FACCFD.DBF" "FACCFD.FPT" "FLUJO01.DBF" "FLUJORES.DBF" "HISTORIA.DBF" "INVFSIC.DBF" "MASTER.DBF" "MINTINV.DBF" "MOVCXCD.DBF" "MOVSINV.DBF" "M_CONF.DBF" "NEGADOS.DBF" "NOESTA.DBF" "NOHAY.DBF" "N_CONF.DBF" "N_RESP.DBF" "N_RESP.DBT" "N_RESP_M.DBF" "N_RESP_M.DBT" "OBSDOCS.DBF" "PAGDOCS.DBF" "PAGMULT.DBF" "PAGSPEI.DBF" "PARAMS.DBF" "PARTCOMP.DBF" "PARTCOT.DBF" "PARVALES.DBF" "PARXCAR.DBF" "PAVACL.DBF" "PCOTIZA.DBF" "PEDIDO.DBF" "PEDIDO1.DBF" "PEDIDO2.DBF" "PPEDIDO.DBF" "PPENDIE.DBF" "RESP_PIN.DBF" "R_BBVA.DBF" "R_KUSHKI.DBF" "SERCFD2.DBF" "STOCK.DBF" "SUCURCTAI.DBF" "TABLA004.DBF" "TABLA005.DBF" "TERCAJAS.DBF" "TLSERVI.DBF" "USUARIOS.DBF" "VACLI.DBF" "VALES.DBF" "VALPEN.DBF" "VCPENDI.DBF" "VENDEDOR.DBF" "VENTA.DBF" "VENTA.DBT" "VENTA.FPT" "VENTAPP.DBF" "VPPENDI.DBF" "XCORTE.DBF" /COPY:D /R:1 /W:1 /XO
[2026-04-12 22:24:13] [DBG] Iniciando sync de archivo: STOCK.DBF
[2026-04-12 22:24:13] [INFO] Cambio detectado en full check: STOCK.DBF
[2026-04-12 22:24:13] [DBG] HTTP error: 500
[2026-04-12 22:24:13] [INFO] STOCK.DBF — sin cambios, servidor ya tiene la version actual
[2026-04-12 22:24:13] [DBG] Iniciando sync de archivo: VALES.DBF
[2026-04-12 22:24:13] [INFO] Cambio detectado en full check: VALES.DBF
[2026-04-12 22:24:13] [DBG] HTTP error: 500
[2026-04-12 22:24:13] [INFO] VALES.DBF — sin cambios, servidor ya tiene la version actual
[2026-04-12 22:24:13] [DBG] Iniciando sync de archivo: VENTA.DBF
[2026-04-12 22:24:13] [INFO] Cambio detectado en full check: VENTA.DBF
[2026-04-12 22:24:14] [DBG] HTTP error: 500
[2026-04-12 22:24:14] [INFO] VENTA.DBF — sin cambios, servidor ya tiene la version actual
[2026-04-12 22:24:14] [DBG] Iniciando ciclo de poll...
[2026-04-12 22:24:14] [INFO] Ejecutando Robocopy: robocopy "C:\pvsi" "C:\pvsi\quickbck" "AJTFLU.DBF" "ASISTE.DBF" "CAJAS.DBF" "CANCFDI.DBF" "CANCFDI.FPT" "CANOTA.DBF" "CANOTA.DBT" "CANOTA.FPT" "CANOTAEX.DBF" "CARPORT.DBF" "CARPORT.FPT" "CASEMANA.DBF" "CATPROD3.DBF" "CAT_NEG.DBF" "CAT_PROD.DBF" "CCOTIZA.DBF" "CENTER.DBF" "CFDREL.DBF" "CG3_VAEN.DBF" "CG3_VAPA.DBF" "CLIENTE.DBF" "COBRANZA.DBF" "COMPRAS.DBF" "CONCXC.DBF" "CONVTODO.DBF" "CPEDIDO.DBF" "CPENDIE.DBF" "CPXCORTE.DBF" "CRMC_OBS.DBF" "CUENGAS.DBF" "CUNOTA.DBF" "DD_CONTROL.DBF" "DD_DATOS.DBF" "DESEMANA.DBF" "ES_COBRO.DBF" "EYSIENC.DBF" "EYSIPAR.DBF" "FACCFD.DBF" "FACCFD.FPT" "FLUJO01.DBF" "FLUJORES.DBF" "HISTORIA.DBF" "INVFSIC.DBF" "MASTER.DBF" "MINTINV.DBF" "MOVCXCD.DBF" "MOVSINV.DBF" "M_CONF.DBF" "NEGADOS.DBF" "NOESTA.DBF" "NOHAY.DBF" "N_CONF.DBF" "N_RESP.DBF" "N_RESP.DBT" "N_RESP_M.DBF" "N_RESP_M.DBT" "OBSDOCS.DBF" "PAGDOCS.DBF" "PAGMULT.DBF" "PAGSPEI.DBF" "PARAMS.DBF" "PARTCOMP.DBF" "PARTCOT.DBF" "PARVALES.DBF" "PARXCAR.DBF" "PAVACL.DBF" "PCOTIZA.DBF" "PEDIDO.DBF" "PEDIDO1.DBF" "PEDIDO2.DBF" "PPEDIDO.DBF" "PPENDIE.DBF" "RESP_PIN.DBF" "R_BBVA.DBF" "R_KUSHKI.DBF" "SERCFD2.DBF" "STOCK.DBF" "SUCURCTAI.DBF" "TABLA004.DBF" "TABLA005.DBF" "TERCAJAS.DBF" "TLSERVI.DBF" "USUARIOS.DBF" "VACLI.DBF" "VALES.DBF" "VALPEN.DBF" "VCPENDI.DBF" "VENDEDOR.DBF" "VENTA.DBF" "VENTA.DBT" "VENTA.FPT" "VENTAPP.DBF" "VPPENDI.DBF" "XCORTE.DBF" /COPY:D /R:1 /W:1 /XO
[2026-04-12 22:24:14] [INFO] Cambio detectado en archivo: STOCK.DBF
[2026-04-12 22:24:14] [DBG] HTTP error: 500
[2026-04-12 22:24:14] [INFO] STOCK.DBF — sin cambios, servidor ya tiene la version actual
[2026-04-12 22:24:14] [INFO] Sync STOCK.DBF OK
[2026-04-12 22:24:14] [INFO] Cambio detectado en archivo: VALES.DBF
[2026-04-12 22:24:14] [DBG] HTTP error: 500
[2026-04-12 22:24:14] [INFO] VALES.DBF — sin cambios, servidor ya tiene la version actual
[2026-04-12 22:24:14] [INFO] Sync VALES.DBF OK
[2026-04-12 22:24:14] [INFO] Cambio detectado en archivo: VENTA.DBF
[2026-04-12 22:24:15] [DBG] HTTP error: 500
[2026-04-12 22:24:15] [INFO] VENTA.DBF — sin cambios, servidor ya tiene la version actual
[2026-04-12 22:24:15] [INFO] Sync VENTA.DBF OK
[2026-04-12 22:26:00] [INFO] AR - Agente de Respaldo v0.1.0
[2026-04-12 22:26:00] [INFO] Servidor: http://sync.servicios.care
[2026-04-12 22:26:00] [DBG] Directorio executable: .
[2026-04-12 22:26:00] [DBG] Config loaded from: .\config.json
[2026-04-12 22:26:00] [INFO] Locations loaded from config: 1
[2026-04-12 22:26:00] [INFO] Sucursales configuradas: 1
[2026-04-12 22:26:00] [INFO]   [roton] C:\pvsi
[2026-04-12 22:26:00] [INFO] Registrando 1 ubicaciones...
[2026-04-12 22:26:00] [DBG]   - roton en C:\pvsi
[2026-04-12 22:26:00] [INFO] [roton] fetchTimestamp resultado: 1776032758
[2026-04-12 22:26:00] [DBG] Register response: {"ok":true,"rbfid":"roton"}
[2026-04-12 22:26:00] [INFO] [roton] Registrado OK
[2026-04-12 22:26:00] [INFO] Lista sin cambios (94 archivos)
[2026-04-12 22:26:00] [INFO] Full sync horario
[2026-04-12 22:26:00] [DBG] Lista sin cambios
[2026-04-12 22:26:00] [INFO] Ejecutando Robocopy: robocopy "C:\pvsi" "C:\pvsi\quickbck" "AJTFLU.DBF" "ASISTE.DBF" "CAJAS.DBF" "CANCFDI.DBF" "CANCFDI.FPT" "CANOTA.DBF" "CANOTA.DBT" "CANOTA.FPT" "CANOTAEX.DBF" "CARPORT.DBF" "CARPORT.FPT" "CASEMANA.DBF" "CATPROD3.DBF" "CAT_NEG.DBF" "CAT_PROD.DBF" "CCOTIZA.DBF" "CENTER.DBF" "CFDREL.DBF" "CG3_VAEN.DBF" "CG3_VAPA.DBF" "CLIENTE.DBF" "COBRANZA.DBF" "COMPRAS.DBF" "CONCXC.DBF" "CONVTODO.DBF" "CPEDIDO.DBF" "CPENDIE.DBF" "CPXCORTE.DBF" "CRMC_OBS.DBF" "CUENGAS.DBF" "CUNOTA.DBF" "DD_CONTROL.DBF" "DD_DATOS.DBF" "DESEMANA.DBF" "ES_COBRO.DBF" "EYSIENC.DBF" "EYSIPAR.DBF" "FACCFD.DBF" "FACCFD.FPT" "FLUJO01.DBF" "FLUJORES.DBF" "HISTORIA.DBF" "INVFSIC.DBF" "MASTER.DBF" "MINTINV.DBF" "MOVCXCD.DBF" "MOVSINV.DBF" "M_CONF.DBF" "NEGADOS.DBF" "NOESTA.DBF" "NOHAY.DBF" "N_CONF.DBF" "N_RESP.DBF" "N_RESP.DBT" "N_RESP_M.DBF" "N_RESP_M.DBT" "OBSDOCS.DBF" "PAGDOCS.DBF" "PAGMULT.DBF" "PAGSPEI.DBF" "PARAMS.DBF" "PARTCOMP.DBF" "PARTCOT.DBF" "PARVALES.DBF" "PARXCAR.DBF" "PAVACL.DBF" "PCOTIZA.DBF" "PEDIDO.DBF" "PEDIDO1.DBF" "PEDIDO2.DBF" "PPEDIDO.DBF" "PPENDIE.DBF" "RESP_PIN.DBF" "R_BBVA.DBF" "R_KUSHKI.DBF" "SERCFD2.DBF" "STOCK.DBF" "SUCURCTAI.DBF" "TABLA004.DBF" "TABLA005.DBF" "TERCAJAS.DBF" "TLSERVI.DBF" "USUARIOS.DBF" "VACLI.DBF" "VALES.DBF" "VALPEN.DBF" "VCPENDI.DBF" "VENDEDOR.DBF" "VENTA.DBF" "VENTA.DBT" "VENTA.FPT" "VENTAPP.DBF" "VPPENDI.DBF" "XCORTE.DBF" /COPY:D /R:1 /W:1 /XO
[2026-04-12 22:26:00] [DBG] Iniciando sync de archivo: STOCK.DBF
[2026-04-12 22:26:00] [INFO] Cambio detectado en full check: STOCK.DBF
[2026-04-12 22:26:01] [DBG] HTTP error: 500
[2026-04-12 22:26:01] [INFO] STOCK.DBF — sin cambios, servidor ya tiene la version actual
[2026-04-12 22:26:01] [DBG] Iniciando sync de archivo: VALES.DBF
[2026-04-12 22:26:01] [INFO] Cambio detectado en full check: VALES.DBF
[2026-04-12 22:26:01] [DBG] HTTP error: 500
[2026-04-12 22:26:01] [INFO] VALES.DBF — sin cambios, servidor ya tiene la version actual
[2026-04-12 22:26:01] [DBG] Iniciando sync de archivo: VENTA.DBF
[2026-04-12 22:26:01] [INFO] Cambio detectado en full check: VENTA.DBF
[2026-04-12 22:26:01] [DBG] HTTP error: 500
[2026-04-12 22:26:01] [INFO] VENTA.DBF — sin cambios, servidor ya tiene la version actual
[2026-04-12 22:26:01] [DBG] Iniciando ciclo de poll...
[2026-04-12 22:26:01] [INFO] Ejecutando Robocopy: robocopy "C:\pvsi" "C:\pvsi\quickbck" "AJTFLU.DBF" "ASISTE.DBF" "CAJAS.DBF" "CANCFDI.DBF" "CANCFDI.FPT" "CANOTA.DBF" "CANOTA.DBT" "CANOTA.FPT" "CANOTAEX.DBF" "CARPORT.DBF" "CARPORT.FPT" "CASEMANA.DBF" "CATPROD3.DBF" "CAT_NEG.DBF" "CAT_PROD.DBF" "CCOTIZA.DBF" "CENTER.DBF" "CFDREL.DBF" "CG3_VAEN.DBF" "CG3_VAPA.DBF" "CLIENTE.DBF" "COBRANZA.DBF" "COMPRAS.DBF" "CONCXC.DBF" "CONVTODO.DBF" "CPEDIDO.DBF" "CPENDIE.DBF" "CPXCORTE.DBF" "CRMC_OBS.DBF" "CUENGAS.DBF" "CUNOTA.DBF" "DD_CONTROL.DBF" "DD_DATOS.DBF" "DESEMANA.DBF" "ES_COBRO.DBF" "EYSIENC.DBF" "EYSIPAR.DBF" "FACCFD.DBF" "FACCFD.FPT" "FLUJO01.DBF" "FLUJORES.DBF" "HISTORIA.DBF" "INVFSIC.DBF" "MASTER.DBF" "MINTINV.DBF" "MOVCXCD.DBF" "MOVSINV.DBF" "M_CONF.DBF" "NEGADOS.DBF" "NOESTA.DBF" "NOHAY.DBF" "N_CONF.DBF" "N_RESP.DBF" "N_RESP.DBT" "N_RESP_M.DBF" "N_RESP_M.DBT" "OBSDOCS.DBF" "PAGDOCS.DBF" "PAGMULT.DBF" "PAGSPEI.DBF" "PARAMS.DBF" "PARTCOMP.DBF" "PARTCOT.DBF" "PARVALES.DBF" "PARXCAR.DBF" "PAVACL.DBF" "PCOTIZA.DBF" "PEDIDO.DBF" "PEDIDO1.DBF" "PEDIDO2.DBF" "PPEDIDO.DBF" "PPENDIE.DBF" "RESP_PIN.DBF" "R_BBVA.DBF" "R_KUSHKI.DBF" "SERCFD2.DBF" "STOCK.DBF" "SUCURCTAI.DBF" "TABLA004.DBF" "TABLA005.DBF" "TERCAJAS.DBF" "TLSERVI.DBF" "USUARIOS.DBF" "VACLI.DBF" "VALES.DBF" "VALPEN.DBF" "VCPENDI.DBF" "VENDEDOR.DBF" "VENTA.DBF" "VENTA.DBT" "VENTA.FPT" "VENTAPP.DBF" "VPPENDI.DBF" "XCORTE.DBF" /COPY:D /R:1 /W:1 /XO
[2026-04-12 22:26:01] [INFO] Cambio detectado en archivo: STOCK.DBF
[2026-04-12 22:26:02] [DBG] HTTP error: 500
[2026-04-12 22:26:02] [INFO] STOCK.DBF — sin cambios, servidor ya tiene la version actual
[2026-04-12 22:26:02] [INFO] Sync STOCK.DBF OK
[2026-04-12 22:26:02] [INFO] Cambio detectado en archivo: VALES.DBF
[2026-04-12 22:26:02] [DBG] HTTP error: 500
[2026-04-12 22:26:02] [INFO] VALES.DBF — sin cambios, servidor ya tiene la version actual
[2026-04-12 22:26:02] [INFO] Sync VALES.DBF OK
[2026-04-12 22:26:02] [INFO] Cambio detectado en archivo: VENTA.DBF
[2026-04-12 22:26:02] [DBG] HTTP error: 500
[2026-04-12 22:26:02] [INFO] VENTA.DBF — sin cambios, servidor ya tiene la version actual
[2026-04-12 22:26:02] [INFO] Sync VENTA.DBF OK
[2026-04-12 22:27:31] [INFO] AR - Agente de Respaldo v0.1.0
[2026-04-12 22:27:31] [INFO] Servidor: http://sync.servicios.care
[2026-04-12 22:27:31] [DBG] Directorio executable: .
[2026-04-12 22:27:31] [DBG] Config loaded from: .\config.json
[2026-04-12 22:27:31] [INFO] Locations loaded from config: 1
[2026-04-12 22:27:31] [INFO] Sucursales configuradas: 1
[2026-04-12 22:27:31] [INFO]   [roton] C:\pvsi
[2026-04-12 22:27:31] [INFO] Registrando 1 ubicaciones...
[2026-04-12 22:27:31] [DBG]   - roton en C:\pvsi
[2026-04-12 22:27:31] [INFO] [roton] fetchTimestamp resultado: 1776032850
[2026-04-12 22:27:32] [DBG] Register response: {"ok":true,"rbfid":"roton"}
[2026-04-12 22:27:32] [INFO] [roton] Registrado OK
[2026-04-12 22:27:32] [INFO] Lista sin cambios (94 archivos)
[2026-04-12 22:27:32] [INFO] Full sync horario
[2026-04-12 22:27:32] [DBG] Lista sin cambios
[2026-04-12 22:27:32] [INFO] Ejecutando Robocopy: robocopy "C:\pvsi" "C:\pvsi\quickbck" "AJTFLU.DBF" "ASISTE.DBF" "CAJAS.DBF" "CANCFDI.DBF" "CANCFDI.FPT" "CANOTA.DBF" "CANOTA.DBT" "CANOTA.FPT" "CANOTAEX.DBF" "CARPORT.DBF" "CARPORT.FPT" "CASEMANA.DBF" "CATPROD3.DBF" "CAT_NEG.DBF" "CAT_PROD.DBF" "CCOTIZA.DBF" "CENTER.DBF" "CFDREL.DBF" "CG3_VAEN.DBF" "CG3_VAPA.DBF" "CLIENTE.DBF" "COBRANZA.DBF" "COMPRAS.DBF" "CONCXC.DBF" "CONVTODO.DBF" "CPEDIDO.DBF" "CPENDIE.DBF" "CPXCORTE.DBF" "CRMC_OBS.DBF" "CUENGAS.DBF" "CUNOTA.DBF" "DD_CONTROL.DBF" "DD_DATOS.DBF" "DESEMANA.DBF" "ES_COBRO.DBF" "EYSIENC.DBF" "EYSIPAR.DBF" "FACCFD.DBF" "FACCFD.FPT" "FLUJO01.DBF" "FLUJORES.DBF" "HISTORIA.DBF" "INVFSIC.DBF" "MASTER.DBF" "MINTINV.DBF" "MOVCXCD.DBF" "MOVSINV.DBF" "M_CONF.DBF" "NEGADOS.DBF" "NOESTA.DBF" "NOHAY.DBF" "N_CONF.DBF" "N_RESP.DBF" "N_RESP.DBT" "N_RESP_M.DBF" "N_RESP_M.DBT" "OBSDOCS.DBF" "PAGDOCS.DBF" "PAGMULT.DBF" "PAGSPEI.DBF" "PARAMS.DBF" "PARTCOMP.DBF" "PARTCOT.DBF" "PARVALES.DBF" "PARXCAR.DBF" "PAVACL.DBF" "PCOTIZA.DBF" "PEDIDO.DBF" "PEDIDO1.DBF" "PEDIDO2.DBF" "PPEDIDO.DBF" "PPENDIE.DBF" "RESP_PIN.DBF" "R_BBVA.DBF" "R_KUSHKI.DBF" "SERCFD2.DBF" "STOCK.DBF" "SUCURCTAI.DBF" "TABLA004.DBF" "TABLA005.DBF" "TERCAJAS.DBF" "TLSERVI.DBF" "USUARIOS.DBF" "VACLI.DBF" "VALES.DBF" "VALPEN.DBF" "VCPENDI.DBF" "VENDEDOR.DBF" "VENTA.DBF" "VENTA.DBT" "VENTA.FPT" "VENTAPP.DBF" "VPPENDI.DBF" "XCORTE.DBF" /COPY:D /R:1 /W:1 /XO
[2026-04-12 22:27:32] [DBG] Iniciando sync de archivo: STOCK.DBF
[2026-04-12 22:27:32] [INFO] Cambio detectado en full check: STOCK.DBF
[2026-04-12 22:27:33] [DBG] HTTP error: 500
[2026-04-12 22:27:33] [INFO] STOCK.DBF — sin cambios, servidor ya tiene la version actual
[2026-04-12 22:27:33] [DBG] Iniciando sync de archivo: VALES.DBF
[2026-04-12 22:27:33] [INFO] Cambio detectado en full check: VALES.DBF
[2026-04-12 22:27:33] [DBG] HTTP error: 500
[2026-04-12 22:27:33] [INFO] VALES.DBF — sin cambios, servidor ya tiene la version actual
[2026-04-12 22:27:33] [DBG] Iniciando sync de archivo: VENTA.DBF
[2026-04-12 22:27:33] [INFO] Cambio detectado en full check: VENTA.DBF
[2026-04-12 22:27:33] [DBG] HTTP error: 500
[2026-04-12 22:27:33] [INFO] VENTA.DBF — sin cambios, servidor ya tiene la version actual
[2026-04-12 22:27:33] [DBG] Iniciando ciclo de poll...
[2026-04-12 22:27:33] [INFO] Ejecutando Robocopy: robocopy "C:\pvsi" "C:\pvsi\quickbck" "AJTFLU.DBF" "ASISTE.DBF" "CAJAS.DBF" "CANCFDI.DBF" "CANCFDI.FPT" "CANOTA.DBF" "CANOTA.DBT" "CANOTA.FPT" "CANOTAEX.DBF" "CARPORT.DBF" "CARPORT.FPT" "CASEMANA.DBF" "CATPROD3.DBF" "CAT_NEG.DBF" "CAT_PROD.DBF" "CCOTIZA.DBF" "CENTER.DBF" "CFDREL.DBF" "CG3_VAEN.DBF" "CG3_VAPA.DBF" "CLIENTE.DBF" "COBRANZA.DBF" "COMPRAS.DBF" "CONCXC.DBF" "CONVTODO.DBF" "CPEDIDO.DBF" "CPENDIE.DBF" "CPXCORTE.DBF" "CRMC_OBS.DBF" "CUENGAS.DBF" "CUNOTA.DBF" "DD_CONTROL.DBF" "DD_DATOS.DBF" "DESEMANA.DBF" "ES_COBRO.DBF" "EYSIENC.DBF" "EYSIPAR.DBF" "FACCFD.DBF" "FACCFD.FPT" "FLUJO01.DBF" "FLUJORES.DBF" "HISTORIA.DBF" "INVFSIC.DBF" "MASTER.DBF" "MINTINV.DBF" "MOVCXCD.DBF" "MOVSINV.DBF" "M_CONF.DBF" "NEGADOS.DBF" "NOESTA.DBF" "NOHAY.DBF" "N_CONF.DBF" "N_RESP.DBF" "N_RESP.DBT" "N_RESP_M.DBF" "N_RESP_M.DBT" "OBSDOCS.DBF" "PAGDOCS.DBF" "PAGMULT.DBF" "PAGSPEI.DBF" "PARAMS.DBF" "PARTCOMP.DBF" "PARTCOT.DBF" "PARVALES.DBF" "PARXCAR.DBF" "PAVACL.DBF" "PCOTIZA.DBF" "PEDIDO.DBF" "PEDIDO1.DBF" "PEDIDO2.DBF" "PPEDIDO.DBF" "PPENDIE.DBF" "RESP_PIN.DBF" "R_BBVA.DBF" "R_KUSHKI.DBF" "SERCFD2.DBF" "STOCK.DBF" "SUCURCTAI.DBF" "TABLA004.DBF" "TABLA005.DBF" "TERCAJAS.DBF" "TLSERVI.DBF" "USUARIOS.DBF" "VACLI.DBF" "VALES.DBF" "VALPEN.DBF" "VCPENDI.DBF" "VENDEDOR.DBF" "VENTA.DBF" "VENTA.DBT" "VENTA.FPT" "VENTAPP.DBF" "VPPENDI.DBF" "XCORTE.DBF" /COPY:D /R:1 /W:1 /XO
[2026-04-12 22:27:33] [INFO] Cambio detectado en archivo: STOCK.DBF
[2026-04-12 22:27:34] [DBG] HTTP error: 500
[2026-04-12 22:27:34] [INFO] STOCK.DBF — sin cambios, servidor ya tiene la version actual
[2026-04-12 22:27:34] [INFO] Sync STOCK.DBF OK
[2026-04-12 22:27:34] [INFO] Cambio detectado en archivo: VALES.DBF
[2026-04-12 22:27:34] [DBG] HTTP error: 500
[2026-04-12 22:27:34] [INFO] VALES.DBF — sin cambios, servidor ya tiene la version actual
[2026-04-12 22:27:34] [INFO] Sync VALES.DBF OK
[2026-04-12 22:27:34] [INFO] Cambio detectado en archivo: VENTA.DBF
[2026-04-12 22:27:34] [DBG] HTTP error: 500
[2026-04-12 22:27:34] [INFO] VENTA.DBF — sin cambios, servidor ya tiene la version actual
[2026-04-12 22:27:34] [INFO] Sync VENTA.DBF OK
[2026-04-12 23:11:53] [INFO] AR - Agente de Respaldo v0.1.0
[2026-04-12 23:11:53] [INFO] Servidor: http://sync.servicios.care
[2026-04-12 23:11:53] [DBG] Directorio executable: .
[2026-04-12 23:11:53] [DBG] Config loaded from: .\config.json
[2026-04-12 23:11:53] [INFO] Locations loaded from config: 1
[2026-04-12 23:11:53] [INFO] Sucursales configuradas: 1
[2026-04-12 23:11:53] [INFO]   [roton] C:\pvsi
[2026-04-12 23:11:53] [INFO] Registrando 1 ubicaciones...
[2026-04-12 23:11:53] [DBG]   - roton en C:\pvsi
[2026-04-12 23:11:54] [INFO] [roton] fetchTimestamp resultado: 1776035512
[2026-04-12 23:11:54] [DBG] Register response: {"ok":true,"rbfid":"roton"}
[2026-04-12 23:11:54] [INFO] [roton] Registrado OK
[2026-04-12 23:11:54] [INFO] Lista sin cambios (94 archivos)
[2026-04-12 23:11:54] [INFO] Full sync horario
[2026-04-12 23:12:27] [INFO] AR - Agente de Respaldo v0.1.0
[2026-04-12 23:12:27] [INFO] Servidor: http://sync.servicios.care
[2026-04-12 23:12:27] [DBG] Directorio executable: .
[2026-04-12 23:12:27] [DBG] Config loaded from: .\config.json
[2026-04-12 23:12:27] [INFO] Locations loaded from config: 1
[2026-04-12 23:12:27] [INFO] Sucursales configuradas: 1
[2026-04-12 23:12:27] [INFO]   [roton] C:\pvsi
[2026-04-12 23:12:27] [INFO] Registrando 1 ubicaciones...
[2026-04-12 23:12:27] [DBG]   - roton en C:\pvsi
[2026-04-12 23:12:27] [INFO] [roton] fetchTimestamp resultado: 1776035545
[2026-04-12 23:12:27] [DBG] Register response: {"ok":true,"rbfid":"roton"}
[2026-04-12 23:12:27] [INFO] [roton] Registrado OK
[2026-04-12 23:12:27] [INFO] Lista sin cambios (94 archivos)
[2026-04-12 23:12:27] [INFO] Full sync horario
[2026-04-12 23:14:16] [INFO] AR - Agente de Respaldo v0.1.0
[2026-04-12 23:14:16] [INFO] Servidor: http://sync.servicios.care
[2026-04-12 23:14:16] [DBG] Directorio executable: .
[2026-04-12 23:14:16] [DBG] Config loaded from: .\config.json
[2026-04-12 23:14:16] [INFO] Locations loaded from config: 1
[2026-04-12 23:14:16] [INFO] Sucursales configuradas: 1
[2026-04-12 23:14:16] [INFO]   [roton] C:\pvsi
[2026-04-12 23:14:16] [INFO] Registrando 1 ubicaciones...
[2026-04-12 23:14:16] [DBG]   - roton en C:\pvsi
[2026-04-12 23:14:16] [INFO] [roton] fetchTimestamp resultado: 1776035654
[2026-04-12 23:14:16] [DBG] Register response: {"ok":true,"rbfid":"roton"}
[2026-04-12 23:14:16] [INFO] [roton] Registrado OK
[2026-04-12 23:14:16] [INFO] Lista sin cambios (94 archivos)
[2026-04-12 23:14:16] [INFO] Full sync horario
[2026-04-12 23:15:06] [INFO] AR - Agente de Respaldo v0.1.0
[2026-04-12 23:15:06] [INFO] Servidor: http://sync.servicios.care
[2026-04-12 23:15:06] [DBG] Directorio executable: .
[2026-04-12 23:15:06] [DBG] Config loaded from: .\config.json
[2026-04-12 23:15:06] [INFO] Locations loaded from config: 1
[2026-04-12 23:15:06] [INFO] Sucursales configuradas: 1
[2026-04-12 23:15:06] [INFO]   [roton] C:\pvsi
[2026-04-12 23:15:06] [INFO] Registrando 1 ubicaciones...
[2026-04-12 23:15:06] [DBG]   - roton en C:\pvsi
[2026-04-12 23:15:06] [INFO] [roton] fetchTimestamp resultado: 1776035705
[2026-04-12 23:15:11] [DBG] Register response: {"ok":true,"rbfid":"roton"}
[2026-04-12 23:15:11] [INFO] [roton] Registrado OK
[2026-04-12 23:15:12] [INFO] Lista sin cambios (94 archivos)
[2026-04-12 23:15:12] [INFO] Full sync horario
[2026-04-12 23:18:02] [INFO] AR - Agente de Respaldo v0.1.0
[2026-04-12 23:18:02] [INFO] Servidor: http://sync.servicios.care
[2026-04-12 23:18:02] [DBG] Directorio executable: .
[2026-04-12 23:18:02] [DBG] Config loaded from: .\config.json
[2026-04-12 23:18:02] [INFO] Locations loaded from config: 1
[2026-04-12 23:18:02] [INFO] Sucursales configuradas: 1
[2026-04-12 23:18:02] [INFO]   [roton] C:\pvsi
[2026-04-12 23:18:02] [INFO] Registrando 1 ubicaciones...
[2026-04-12 23:18:02] [DBG]   - roton en C:\pvsi
[2026-04-12 23:18:02] [INFO] [roton] fetchTimestamp resultado: 1776035880
[2026-04-12 23:18:02] [DBG] Register response: {"ok":true,"rbfid":"roton"}
[2026-04-12 23:18:02] [INFO] [roton] Registrado OK
[2026-04-12 23:18:40] [INFO] AR - Agente de Respaldo v0.1.0
[2026-04-12 23:18:40] [INFO] Servidor: http://sync.servicios.care
[2026-04-12 23:18:40] [DBG] Directorio executable: .
[2026-04-12 23:18:40] [DBG] Config loaded from: .\config.json
[2026-04-12 23:18:40] [INFO] Locations loaded from config: 1
[2026-04-12 23:18:40] [INFO] Sucursales configuradas: 1
[2026-04-12 23:18:40] [INFO]   [roton] C:\pvsi
[2026-04-12 23:18:40] [INFO] Registrando 1 ubicaciones...
[2026-04-12 23:18:40] [DBG]   - roton en C:\pvsi
[2026-04-12 23:18:40] [INFO] [roton] fetchTimestamp resultado: 1776035918
[2026-04-12 23:18:40] [DBG] Register response: {"ok":true,"rbfid":"roton"}
[2026-04-12 23:18:40] [INFO] [roton] Registrado OK
